#
# A fatal error has been detected by the Java Runtime Environment:
#
#  EXCEPTION_ACCESS_VIOLATION (0xc0000005) at pc=0x00007ffc3976db50, pid=26128, tid=27652
#
# JRE version: Java(TM) SE Runtime Environment (9.0+11) (build 9.0.4+11)
# Java VM: Java HotSpot(TM) 64-Bit Server VM (9.0.4+11, mixed mode, tiered, compressed oops, g1 gc, windows-amd64)
# Problematic frame:
# C  [librdi_wavedata.dll+0x46db50]
#
# No core dump will be written. Minidumps are not enabled by default on client versions of Windows
#
# If you would like to submit a bug report, please visit:
#   http://bugreport.java.com/bugreport/crash.jsp
# The crash happened outside the Java Virtual Machine in native code.
# See problematic frame for where to report the bug.
#

---------------  S U M M A R Y ------------

Command Line: -Dsun.java2d.pmoffscreen=false -Dsun.java2d.xrender=false -Dsun.java2d.d3d=false -Dsun.awt.nopixfmt=true -Dsun.java2d.dpiaware=true -Dsun.java2d.uiScale.enabled=false -Xverify:none -Dswing.aatext=true -XX:-UsePerfData -Djdk.map.althashing.threshold=512 -XX:StringTableSize=4072 --add-opens=java.base/java.nio=ALL-UNNAMED --add-opens=java.desktop/sun.swing=ALL-UNNAMED --add-opens=java.desktop/javax.swing=ALL-UNNAMED --add-opens=java.desktop/javax.swing.tree=ALL-UNNAMED --add-opens=java.desktop/javax.swing.plaf.basic=ALL-UNNAMED --add-opens=java.desktop/javax.swing.plaf.synth=ALL-UNNAMED --add-opens=java.desktop/com.sun.awt=ALL-UNNAMED -XX:NewSize=60m -XX:MaxNewSize=60m -Xms128m -Xmx3072m -Xss5m 

Host: Intel(R) Core(TM) i7-10875H CPU @ 2.30GHz, 16 cores, 15G,  Windows 10 , 64 bit Build 19041 (10.0.19041.1348)
Time: Thu Nov 18 11:18:46 2021 ?D1¨²¡À¨º¡Á?¨º¡À?? elapsed time: 108 seconds (0d 0h 1m 48s)

---------------  T H R E A D  ---------------

Current thread (0x000001ee5d872000):  JavaThread "AWT-EventQueue-1" [_thread_in_native, id=27652, stack(0x000000d252000000,0x000000d252500000)]

Stack: [0x000000d252000000,0x000000d252500000],  sp=0x000000d2524f3788,  free space=5069k
Native frames: (J=compiled Java code, j=interpreted, Vv=VM code, C=native code)
C  [librdi_wavedata.dll+0x46db50]

Java frames: (J=compiled Java code, j=interpreted, Vv=VM code)
j  ui.views.waveform.waveformi.WVExecutive_getGraphicsDataSize(J)J+0
j  ui.views.waveform.executive.a.gZe()Ljava/io/ByteArrayInputStream;+8
j  ui.views.waveform.b.a.gYQ()V+7
j  ui.views.waveform.b.a.giU()V+1
j  ui.views.waveform.m.gYa()V+4
j  ui.views.waveform.m.cZO()V+11
j  ui.views.waveform.w.cZO()V+29
J 18210 c1 ui.views.waveform.c.b.j(Lui/frmwork/b/i;)V (603 bytes) @ 0x000001ee4732bbbc [0x000001ee473224a0+0x000000000000971c]
J 18209 c1 ui.views.waveform.w.a(Lui/frmwork/b/i;)V (17 bytes) @ 0x000001ee462ad114 [0x000001ee462ad040+0x00000000000000d4]
J 14312 c1 ui.frmwork.b.l.d(Lui/frmwork/b/i;)V (61 bytes) @ 0x000001ee46591b9c [0x000001ee46591340+0x000000000000085c]
J 14286 c1 ui.frmwork.G.i(JZ)V (471 bytes) @ 0x000001ee46ba05ac [0x000001ee46b9bdc0+0x00000000000047ec]
J 14289 c1 ui.frmwork.G.fireTclEvent(J)I (113 bytes) @ 0x000001ee464ce44c [0x000001ee464cdc40+0x000000000000080c]
v  ~StubRoutines::call_stub
j  ui.views.waveform.waveformi.WVExecutive_processModelEvent(JJ)V+0
j  ui.views.waveform.executive.a.eR(J)V+5
j  ui.views.waveform.c.b.eQ(J)V+8
J 18210 c1 ui.views.waveform.c.b.j(Lui/frmwork/b/i;)V (603 bytes) @ 0x000001ee4732c8f4 [0x000001ee473224a0+0x000000000000a454]
J 18209 c1 ui.views.waveform.w.a(Lui/frmwork/b/i;)V (17 bytes) @ 0x000001ee462ad114 [0x000001ee462ad040+0x00000000000000d4]
J 14312 c1 ui.frmwork.b.l.d(Lui/frmwork/b/i;)V (61 bytes) @ 0x000001ee46591b9c [0x000001ee46591340+0x000000000000085c]
J 14286 c1 ui.frmwork.G.i(JZ)V (471 bytes) @ 0x000001ee46ba05ac [0x000001ee46b9bdc0+0x00000000000047ec]
J 14289 c1 ui.frmwork.G.fireTclEvent(J)I (113 bytes) @ 0x000001ee464ce44c [0x000001ee464cdc40+0x000000000000080c]
v  ~StubRoutines::call_stub
j  ui.views.waveform.waveformi.WVExecutive_processModelEvent(JJ)V+0
j  ui.views.waveform.executive.a.eR(J)V+5
j  ui.views.waveform.c.b.eQ(J)V+8
j  ui.views.waveform.c.e.actionPerformed(Ljava/awt/event/ActionEvent;)V+8
J 14378 c1 javax.swing.Timer.fireActionPerformed(Ljava/awt/event/ActionEvent;)V java.desktop@9.0.4 (46 bytes) @ 0x000001ee4676c244 [0x000001ee4676bf80+0x00000000000002c4]
J 14376 c1 javax.swing.Timer$DoPostEvent.run()V java.desktop@9.0.4 (82 bytes) @ 0x000001ee4688ab4c [0x000001ee4688a300+0x000000000000084c]
J 18703 c2 java.awt.EventQueue$3.run()Ljava/lang/Object; java.desktop@9.0.4 (5 bytes) @ 0x000001ee4e3535cc [0x000001ee4e353080+0x000000000000054c]
v  ~StubRoutines::call_stub
J 4228  java.security.AccessController.doPrivileged(Ljava/security/PrivilegedAction;Ljava/security/AccessControlContext;)Ljava/lang/Object; java.base@9.0.4 (0 bytes) @ 0x000001ee4d542ac6 [0x000001ee4d542a60+0x0000000000000066]
J 14638 c2 ui.frmwork.b.d.dispatchEvent(Ljava/awt/AWTEvent;)V (34 bytes) @ 0x000001ee4dff5180 [0x000001ee4dff4b80+0x0000000000000600]
J 18937 c1 java.awt.EventDispatchThread.pumpOneEventForFilters(I)V java.desktop@9.0.4 (218 bytes) @ 0x000001ee46122c94 [0x000001ee461218c0+0x00000000000013d4]
j  java.awt.EventDispatchThread.pumpEventsForFilter(ILjava/awt/Conditional;Ljava/awt/EventFilter;)V+35 java.desktop@9.0.4
j  java.awt.EventDispatchThread.pumpEventsForFilter(Ljava/awt/Conditional;Ljava/awt/EventFilter;)V+4 java.desktop@9.0.4
j  java.awt.WaitDispatchSupport$2.run()V+59 java.desktop@9.0.4
j  java.awt.WaitDispatchSupport$4.run()Ljava/lang/Void;+4 java.desktop@9.0.4
j  java.awt.WaitDispatchSupport$4.run()Ljava/lang/Object;+1 java.desktop@9.0.4
v  ~StubRoutines::call_stub
J 1142  java.security.AccessController.doPrivileged(Ljava/security/PrivilegedAction;)Ljava/lang/Object; java.base@9.0.4 (0 bytes) @ 0x000001ee4d30f632 [0x000001ee4d30f5e0+0x0000000000000052]
j  java.awt.WaitDispatchSupport.enter()Z+260 java.desktop@9.0.4
j  java.awt.Dialog.show()V+225 java.desktop@9.0.4
J 7628 c1 java.awt.Component.setVisible(Z)V java.desktop@9.0.4 (6 bytes) @ 0x000001ee47210acc [0x000001ee472108e0+0x00000000000001ec]
j  java.awt.Window.setVisible(Z)V+2 java.desktop@9.0.4
j  java.awt.Dialog.setVisible(Z)V+2 java.desktop@9.0.4
j  ui.b.c.g.setVisible(Z)V+2
j  ui.b.c.bB.showDialog()V+64
j  ui.b.c.bI.actionPerformed(Ljava/awt/event/ActionEvent;)V+8
j  ui.b.c.bB.cSz()V+396
j  ui.views.c.t.b.a.run()V+60
j  ui.frmwork.a.epE()Z+66
j  ui.frmwork.Y.erq()V+42
j  ui.bm.actionPerformed(Ljava/awt/event/ActionEvent;)V+25
j  javax.swing.AbstractButton.fireActionPerformed(Ljava/awt/event/ActionEvent;)V+84 java.desktop@9.0.4
j  ui.utils.p.b.E.fireActionPerformed(Ljava/awt/event/ActionEvent;)V+7
j  javax.swing.AbstractButton$Handler.actionPerformed(Ljava/awt/event/ActionEvent;)V+5 java.desktop@9.0.4
j  javax.swing.DefaultButtonModel.fireActionPerformed(Ljava/awt/event/ActionEvent;)V+34 java.desktop@9.0.4
j  javax.swing.DefaultButtonModel.setPressed(Z)V+117 java.desktop@9.0.4
j  javax.swing.plaf.basic.BasicButtonListener.mouseReleased(Ljava/awt/event/MouseEvent;)V+35 java.desktop@9.0.4
j  com.jidesoft.plaf.basic.BasicJideButtonListener.mouseReleased(Ljava/awt/event/MouseEvent;)V+61
j  java.awt.AWTEventMulticaster.mouseReleased(Ljava/awt/event/MouseEvent;)V+8 java.desktop@9.0.4
j  java.awt.AWTEventMulticaster.mouseReleased(Ljava/awt/event/MouseEvent;)V+8 java.desktop@9.0.4
j  java.awt.AWTEventMulticaster.mouseReleased(Ljava/awt/event/MouseEvent;)V+8 java.desktop@9.0.4
j  java.awt.AWTEventMulticaster.mouseReleased(Ljava/awt/event/MouseEvent;)V+8 java.desktop@9.0.4
J 17173 c1 java.awt.Component.processMouseEvent(Ljava/awt/event/MouseEvent;)V java.desktop@9.0.4 (100 bytes) @ 0x000001ee486233b4 [0x000001ee48623020+0x0000000000000394]
J 17172 c1 javax.swing.JComponent.processMouseEvent(Ljava/awt/event/MouseEvent;)V java.desktop@9.0.4 (27 bytes) @ 0x000001ee48622b6c [0x000001ee48622960+0x000000000000020c]
J 14153 c2 java.awt.Container.processEvent(Ljava/awt/AWTEvent;)V java.desktop@9.0.4 (22 bytes) @ 0x000001ee4d5ffa40 [0x000001ee4d5ff920+0x0000000000000120]
J 17131 c1 java.awt.Component.dispatchEventImpl(Ljava/awt/AWTEvent;)V java.desktop@9.0.4 (739 bytes) @ 0x000001ee485bf58c [0x000001ee485bb920+0x0000000000003c6c]
J 18948 c2 java.awt.Container.dispatchEventImpl(Ljava/awt/AWTEvent;)V java.desktop@9.0.4 (129 bytes) @ 0x000001ee4d6fbb18 [0x000001ee4d6fbac0+0x0000000000000058]
J 18939 c1 java.awt.LightweightDispatcher.retargetMouseEvent(Ljava/awt/Component;ILjava/awt/event/MouseEvent;)V java.desktop@9.0.4 (350 bytes) @ 0x000001ee4614048c [0x000001ee4613e1a0+0x00000000000022ec]
J 14029 c1 java.awt.LightweightDispatcher.processMouseEvent(Ljava/awt/event/MouseEvent;)Z java.desktop@9.0.4 (265 bytes) @ 0x000001ee480510e4 [0x000001ee48050160+0x0000000000000f84]
J 18948 c2 java.awt.Container.dispatchEventImpl(Ljava/awt/AWTEvent;)V java.desktop@9.0.4 (129 bytes) @ 0x000001ee4d6fbe38 [0x000001ee4d6fbac0+0x0000000000000378]
J 13639 c1 java.awt.Window.dispatchEventImpl(Ljava/awt/AWTEvent;)V java.desktop@9.0.4 (23 bytes) @ 0x000001ee47f532f4 [0x000001ee47f52d20+0x00000000000005d4]
J 18703 c2 java.awt.EventQueue$3.run()Ljava/lang/Object; java.desktop@9.0.4 (5 bytes) @ 0x000001ee4e353674 [0x000001ee4e353080+0x00000000000005f4]
v  ~StubRoutines::call_stub
J 4228  java.security.AccessController.doPrivileged(Ljava/security/PrivilegedAction;Ljava/security/AccessControlContext;)Ljava/lang/Object; java.base@9.0.4 (0 bytes) @ 0x000001ee4d542ac6 [0x000001ee4d542a60+0x0000000000000066]
J 18720 c2 java.awt.EventQueue$4.run()Ljava/lang/Object; java.desktop@9.0.4 (5 bytes) @ 0x000001ee4e35c840 [0x000001ee4e35c5e0+0x0000000000000260]
v  ~StubRoutines::call_stub
J 4228  java.security.AccessController.doPrivileged(Ljava/security/PrivilegedAction;Ljava/security/AccessControlContext;)Ljava/lang/Object; java.base@9.0.4 (0 bytes) @ 0x000001ee4d542ac6 [0x000001ee4d542a60+0x0000000000000066]
J 14638 c2 ui.frmwork.b.d.dispatchEvent(Ljava/awt/AWTEvent;)V (34 bytes) @ 0x000001ee4dff4fa8 [0x000001ee4dff4b80+0x0000000000000428]
J 18937 c1 java.awt.EventDispatchThread.pumpOneEventForFilters(I)V java.desktop@9.0.4 (218 bytes) @ 0x000001ee46122c94 [0x000001ee461218c0+0x00000000000013d4]
j  java.awt.EventDispatchThread.pumpEventsForFilter(ILjava/awt/Conditional;Ljava/awt/EventFilter;)V+35 java.desktop@9.0.4
j  java.awt.EventDispatchThread.pumpEventsForHierarchy(ILjava/awt/Conditional;Ljava/awt/Component;)V+11 java.desktop@9.0.4
j  java.awt.EventDispatchThread.pumpEvents(ILjava/awt/Conditional;)V+4 java.desktop@9.0.4
j  java.awt.EventDispatchThread.pumpEvents(Ljava/awt/Conditional;)V+3 java.desktop@9.0.4
j  java.awt.EventDispatchThread.run()V+9 java.desktop@9.0.4
v  ~StubRoutines::call_stub

siginfo: EXCEPTION_ACCESS_VIOLATION (0xc0000005), data execution prevention violation at address 0x00007ffc3976db50


Register to memory mapping:

RIP=0x00007ffc3976db50 librdi_wavedata.dll
RAX=0x00007ffc39711610 librdi_wavedata.dll
RBX=0x000000d2524f38f0 is pointing into the stack for thread: 0x000001ee5d872000
RCX=0x000001ee61f87fb0 is an unknown value
RDX=0x000001ee612d7550 is an unknown value
RSP=0x000000d2524f3788 is pointing into the stack for thread: 0x000001ee5d872000
RBP=0x000000d2524f38b0 is pointing into the stack for thread: 0x000001ee5d872000
RSI=0x000001ee612d7550 is an unknown value
RDI=0x000001ee61f87fb0 is an unknown value
R8 =0x000000d2524f38b0 is pointing into the stack for thread: 0x000001ee5d872000
R9 =0x000000d2524f38f0 is pointing into the stack for thread: 0x000001ee5d872000
R10=0x000001ee612d7560 is an unknown value
R11=0xc2c7b0202efdfbc3 is an unknown value
R12=0x0000000000000000 is an unknown value
R13=0x0000000000000000 is an unknown value
R14=0x000001ee612d7550 is an unknown value
R15=0x0000000000000001 is an unknown value


Registers:
RAX=0x00007ffc39711610, RBX=0x000000d2524f38f0, RCX=0x000001ee61f87fb0, RDX=0x000001ee612d7550
RSP=0x000000d2524f3788, RBP=0x000000d2524f38b0, RSI=0x000001ee612d7550, RDI=0x000001ee61f87fb0
R8 =0x000000d2524f38b0, R9 =0x000000d2524f38f0, R10=0x000001ee612d7560, R11=0xc2c7b0202efdfbc3
R12=0x0000000000000000, R13=0x0000000000000000, R14=0x000001ee612d7550, R15=0x0000000000000001
RIP=0x00007ffc3976db50, EFLAGS=0x0000000000010206

Top of Stack: (sp=0x000000d2524f3788)
0x000000d2524f3788:   00007ffc3942efbc 000001ee00000000
0x000000d2524f3798:   000001ee2ea7bb80 000001ee00000000
0x000000d2524f37a8:   000001ee2ea70000 000001ee2ea702a4
0x000000d2524f37b8:   000000d2524f38f0 000000d2524f38b0
0x000000d2524f37c8:   000001ee612d7550 fffffffffffffffe
0x000000d2524f37d8:   0000000000000000 0000000000000000
0x000000d2524f37e8:   0000000000000010 0000000000000008
0x000000d2524f37f8:   0000000000000002 000001ee2e8a0000
0x000000d2524f3808:   000000d2524f38c9 0000000000000001
0x000000d2524f3818:   00007ffcda39b3c7 000001ee2ea70000
0x000000d2524f3828:   000000070000000e 0000000000000008
0x000000d2524f3838:   0000000000000000 00005187e01148e2
0x000000d2524f3848:   00007ffcda39b86b 00000002398c0d48
0x000000d2524f3858:   000000d2524f39c8 000001ee722fbe30
0x000000d2524f3868:   000000d2524f38f9 000000d2524f39b0
0x000000d2524f3878:   00007ffc394260a7 0000000000000000 

Instructions: (pc=0x00007ffc3976db50)
0x00007ffc3976db30:   00 00 00 00 ff ff ff ff 00 00 00 00 40 00 00 00
0x00007ffc3976db40:   00 db 46 00 00 00 00 00 00 00 00 00 00 00 00 00
0x00007ffc3976db50:   01 00 00 00 00 00 00 00 00 00 00 00 40 6d 5a 00
0x00007ffc3976db60:   78 db 46 00 50 db 46 00 00 00 00 00 00 00 00 00 



---------------  P R O C E S S  ---------------

Java Threads: ( => current thread )
  0x000001ee5f125800 JavaThread "Relaunch Simulation Thread" [_thread_blocked, id=8128, stack(0x000000d255500000,0x000000d255a00000)]
  0x000001ee5f122800 JavaThread "Image Fetcher 0" daemon [_thread_blocked, id=17148, stack(0x000000d255000000,0x000000d255500000)]
  0x000001ee5f124800 JavaThread "SyntheticaAnimation 50" daemon [_thread_blocked, id=26788, stack(0x000000d251100000,0x000000d251600000)]
  0x000001ee5f124000 JavaThread "Update Runs Swing Worker Thread" [_thread_blocked, id=26748, stack(0x000000d255f00000,0x000000d256400000)]
  0x000001ee5f11c800 JavaThread "hw_ila_monitor" [_thread_blocked, id=17744, stack(0x000000d254b00000,0x000000d255000000)]
  0x000001ee5f123000 JavaThread "Refresh Filesets Swing Worker Thread" [_thread_blocked, id=29632, stack(0x000000d252500000,0x000000d252a00000)]
  0x000001ee5f11e000 JavaThread "SyntheticaAnimation 70" daemon [_thread_blocked, id=28896, stack(0x000000d254600000,0x000000d254b00000)]
  0x000001ee3ea8f800 JavaThread "SyntheticaAnimation 25" daemon [_thread_blocked, id=27912, stack(0x000000d253c00000,0x000000d254100000)]
  0x000001ee3ea8d000 JavaThread "SyntheticaAnimation 50" daemon [_thread_blocked, id=3176, stack(0x000000d253700000,0x000000d253c00000)]
  0x000001ee3ea8c800 JavaThread "Monitor HEventQueue Thread" [_thread_blocked, id=25148, stack(0x000000d253200000,0x000000d253700000)]
  0x000001ee3ea92800 JavaThread "SyntheticaCleanerThread" daemon [_thread_blocked, id=20752, stack(0x000000d252a00000,0x000000d252f00000)]
  0x000001ee3ea91800 JavaThread "Batik CleanerThread" daemon [_thread_blocked, id=11916, stack(0x000000d251600000,0x000000d251b00000)]
=>0x000001ee5d872000 JavaThread "AWT-EventQueue-1" [_thread_in_native, id=27652, stack(0x000000d252000000,0x000000d252500000)]
  0x000001ee5d871800 JavaThread "Process Messages Thread" [_thread_blocked, id=2764, stack(0x000000d251b00000,0x000000d252000000)]
  0x000001ee5cfab000 JavaThread "Thread-1" [_thread_in_native, id=15300, stack(0x000000d249600000,0x000000d24aa00000)]
  0x000001ee38db4000 JavaThread "TimerQueue" daemon [_thread_blocked, id=29584, stack(0x000000d250c00000,0x000000d251100000)]
  0x000001ee38940800 JavaThread "AWT-Windows" daemon [_thread_in_native, id=10256, stack(0x000000d250700000,0x000000d250c00000)]
  0x000001ee38967800 JavaThread "AWT-Shutdown" [_thread_blocked, id=20576, stack(0x000000d250200000,0x000000d250700000)]
  0x000001ee38967000 JavaThread "Java2D Disposer" daemon [_thread_blocked, id=16040, stack(0x000000d24fd00000,0x000000d250200000)]
  0x000001ee38197800 JavaThread "Service Thread" daemon [_thread_blocked, id=2252, stack(0x000000d24f700000,0x000000d24fc00000)]
  0x000001ee3e3bd000 JavaThread "Common-Cleaner" daemon [_thread_blocked, id=22012, stack(0x000000d24f200000,0x000000d24f700000)]
  0x000001ee3ea90000 JavaThread "Sweeper thread" daemon [_thread_blocked, id=28384, stack(0x000000d24ed00000,0x000000d24f200000)]
  0x000001ee3e3af000 JavaThread "C1 CompilerThread11" daemon [_thread_blocked, id=12964, stack(0x000000d24ec00000,0x000000d24ed00000)]
  0x000001ee3e3ae000 JavaThread "C1 CompilerThread10" daemon [_thread_blocked, id=1384, stack(0x000000d24eb00000,0x000000d24ec00000)]
  0x000001ee3e3a9000 JavaThread "C1 CompilerThread9" daemon [_thread_blocked, id=18680, stack(0x000000d24ea00000,0x000000d24eb00000)]
  0x000001ee3e3a7800 JavaThread "C1 CompilerThread8" daemon [_thread_blocked, id=23880, stack(0x000000d24e900000,0x000000d24ea00000)]
  0x000001ee3e3a3000 JavaThread "C2 CompilerThread7" daemon [_thread_blocked, id=27476, stack(0x000000d24e800000,0x000000d24e900000)]
  0x000001ee3e3a1000 JavaThread "C2 CompilerThread6" daemon [_thread_blocked, id=29088, stack(0x000000d24e700000,0x000000d24e800000)]
  0x000001ee3e3a0800 JavaThread "C2 CompilerThread5" daemon [_thread_blocked, id=26880, stack(0x000000d24e600000,0x000000d24e700000)]
  0x000001ee3e39f000 JavaThread "C2 CompilerThread4" daemon [_thread_blocked, id=26552, stack(0x000000d24e500000,0x000000d24e600000)]
  0x000001ee3e39e800 JavaThread "C2 CompilerThread3" daemon [_thread_blocked, id=27880, stack(0x000000d24e400000,0x000000d24e500000)]
  0x000001ee37461800 JavaThread "C2 CompilerThread2" daemon [_thread_blocked, id=26872, stack(0x000000d24e300000,0x000000d24e400000)]
  0x000001ee37461000 JavaThread "C2 CompilerThread1" daemon [_thread_blocked, id=27964, stack(0x000000d24e200000,0x000000d24e300000)]
  0x000001ee37460000 JavaThread "C2 CompilerThread0" daemon [_thread_blocked, id=25548, stack(0x000000d24e100000,0x000000d24e200000)]
  0x000001ee3745f000 JavaThread "Attach Listener" daemon [_thread_blocked, id=29332, stack(0x000000d24dc00000,0x000000d24e100000)]
  0x000001ee3745e000 JavaThread "Signal Dispatcher" daemon [_thread_blocked, id=11500, stack(0x000000d24d700000,0x000000d24dc00000)]
  0x000001ee3744f800 JavaThread "Finalizer" daemon [_thread_blocked, id=28432, stack(0x000000d24d200000,0x000000d24d700000)]
  0x000001ee367d0800 JavaThread "Reference Handler" daemon [_thread_blocked, id=27764, stack(0x000000d24cd00000,0x000000d24d200000)]
  0x000001ee3ebce000 JavaThread "main" [_thread_blocked, id=6544, stack(0x000000d249500000,0x000000d249600000)]

Other Threads:
  0x000001ee3cfa7000 VMThread "VM Thread" [stack: 0x000000d24cc00000,0x000000d24cd00000] [id=16608]
  0x000001ee380ad800 WatcherThread [stack: 0x000000d24fc00000,0x000000d24fd00000] [id=26052]
  0x000001ee3d644800 GCTaskThread "GC Thread#0" [stack: 0x000000d24ad00000,0x000000d24ae00000] [id=17052]
  0x000001ee32d63800 GCTaskThread "GC Thread#1" [stack: 0x000000d24ae00000,0x000000d24af00000] [id=28484]
  0x000001ee32d66000 GCTaskThread "GC Thread#2" [stack: 0x000000d24af00000,0x000000d24b000000] [id=22816]
  0x000001ee32d66800 GCTaskThread "GC Thread#3" [stack: 0x000000d24b000000,0x000000d24b100000] [id=9132]
  0x000001ee32d67800 GCTaskThread "GC Thread#4" [stack: 0x000000d24b100000,0x000000d24b200000] [id=2664]
  0x000001ee32d68000 GCTaskThread "GC Thread#5" [stack: 0x000000d24b200000,0x000000d24b300000] [id=23852]
  0x000001ee32d63000 GCTaskThread "GC Thread#6" [stack: 0x000000d24b300000,0x000000d24b400000] [id=23288]
  0x000001ee32d68800 GCTaskThread "GC Thread#7" [stack: 0x000000d24b400000,0x000000d24b500000] [id=17164]
  0x000001ee32d69000 GCTaskThread "GC Thread#8" [stack: 0x000000d24b500000,0x000000d24b600000] [id=28520]
  0x000001ee32d62800 GCTaskThread "GC Thread#9" [stack: 0x000000d24b600000,0x000000d24b700000] [id=26756]
  0x000001ee32d64000 GCTaskThread "GC Thread#10" [stack: 0x000000d24b700000,0x000000d24b800000] [id=27644]
  0x000001ee32d65000 GCTaskThread "GC Thread#11" [stack: 0x000000d24b800000,0x000000d24b900000] [id=6716]
  0x000001ee32d65800 GCTaskThread "GC Thread#12" [stack: 0x000000d24b900000,0x000000d24ba00000] [id=27468]
  0x000001ee36732800 ConcurrentGCThread "G1 Main Marker" [stack: 0x000000d24c800000,0x000000d24c900000] [id=23804]
  0x000001ee3ea98000 ConcurrentGCThread "G1 Marker#0" [stack: 0x000000d24c900000,0x000000d24ca00000] [id=16076]
  0x000001ee3ea9a800 ConcurrentGCThread "G1 Marker#1" [stack: 0x000000d24ca00000,0x000000d24cb00000] [id=2312]
  0x000001ee3ea95000 ConcurrentGCThread "G1 Marker#2" [stack: 0x000000d24cb00000,0x000000d24cc00000] [id=26236]
  0x000001ee32d85000 ConcurrentGCThread "G1 Refine#0" [stack: 0x000000d24c600000,0x000000d24c700000] [id=15376]
  0x000001ee32d8c800 ConcurrentGCThread "G1 Refine#1" [stack: 0x000000d24c500000,0x000000d24c600000] [id=28756]
  0x000001ee32d84000 ConcurrentGCThread "G1 Refine#2" [stack: 0x000000d24c400000,0x000000d24c500000] [id=27336]
  0x000001ee32d7f000 ConcurrentGCThread "G1 Refine#3" [stack: 0x000000d24c300000,0x000000d24c400000] [id=27420]
  0x000001ee32d7e000 ConcurrentGCThread "G1 Refine#4" [stack: 0x000000d24c200000,0x000000d24c300000] [id=22488]
  0x000001ee32d79000 ConcurrentGCThread "G1 Refine#5" [stack: 0x000000d24c100000,0x000000d24c200000] [id=29352]
  0x000001ee32d77800 ConcurrentGCThread "G1 Refine#6" [stack: 0x000000d24c000000,0x000000d24c100000] [id=13584]
  0x000001ee32d76800 ConcurrentGCThread "G1 Refine#7" [stack: 0x000000d24bf00000,0x000000d24c000000] [id=23808]
  0x000001ee366ca800 ConcurrentGCThread "G1 Refine#8" [stack: 0x000000d24be00000,0x000000d24bf00000] [id=28792]
  0x000001ee37c6e800 ConcurrentGCThread "G1 Refine#9" [stack: 0x000000d24bd00000,0x000000d24be00000] [id=29076]
  0x000001ee37c6e000 ConcurrentGCThread "G1 Refine#10" [stack: 0x000000d24bc00000,0x000000d24bd00000] [id=16640]
  0x000001ee36688800 ConcurrentGCThread "G1 Refine#11" [stack: 0x000000d24bb00000,0x000000d24bc00000] [id=27560]
  0x000001ee37c6d800 ConcurrentGCThread "G1 Refine#12" [stack: 0x000000d24ba00000,0x000000d24bb00000] [id=29620]
  0x000001ee37090800 ConcurrentGCThread "G1 Young RemSet Sampling" [stack: 0x000000d24c700000,0x000000d24c800000] [id=29484]

Threads with active compile tasks:

VM state:not at safepoint (normal execution)

VM Mutex/Monitor currently owned by a thread: None

Heap address: 0x0000000700000000, size: 3072 MB, Compressed Oops mode: Zero based, Oop shift amount: 3
Narrow klass base: 0x0000000000000000, Narrow klass shift: 3
Compressed class space size: 1073741824 Address: 0x00000007c0000000

Heap:
 garbage-first heap   total 216064K, used 114591K [0x0000000700000000, 0x0000000700100698, 0x00000007c0000000)
  region size 1024K, 43 young (44032K), 3 survivors (3072K)
 Metaspace       used 82619K, capacity 88437K, committed 88576K, reserved 1126400K
  class space    used 11257K, capacity 12265K, committed 12288K, reserved 1048576K
Heap Regions: E=young(eden), S=young(survivor), O=old, HS=humongous(starts), HC=humongous(continues), CS=collection set, F=free, A=archive, TS=gc time stamp, AC=allocation context, TAMS=top-at-mark-start (previous, next)
|   0|0x0000000700000000, 0x00000007000fef48, 0x0000000700100000| 99%| O|  |TS  0|AC  0|TAMS 0x0000000700000000, 0x0000000700000000|
|   1|0x0000000700100000, 0x00000007001fc2f8, 0x0000000700200000| 98%| O|  |TS  0|AC  0|TAMS 0x0000000700100000, 0x0000000700100000|
|   2|0x0000000700200000, 0x00000007002edba8, 0x0000000700300000| 92%| O|  |TS  0|AC  0|TAMS 0x0000000700200000, 0x0000000700200000|
|   3|0x0000000700300000, 0x00000007003f88e8, 0x0000000700400000| 97%| O|  |TS  0|AC  0|TAMS 0x0000000700300000, 0x0000000700300000|
|   4|0x0000000700400000, 0x0000000700500000, 0x0000000700500000|100%|HS|  |TS  0|AC  0|TAMS 0x0000000700400000, 0x0000000700400000|
|   5|0x0000000700500000, 0x0000000700600000, 0x0000000700600000|100%|HC|  |TS  0|AC  0|TAMS 0x0000000700500000, 0x0000000700500000|
|   6|0x0000000700600000, 0x0000000700700000, 0x0000000700700000|100%|HS|  |TS  0|AC  0|TAMS 0x0000000700600000, 0x0000000700600000|
|   7|0x0000000700700000, 0x00000007007f7f50, 0x0000000700800000| 96%| O|  |TS  0|AC  0|TAMS 0x0000000700700000, 0x0000000700700000|
|   8|0x0000000700800000, 0x00000007008b6510, 0x0000000700900000| 71%| O|  |TS  0|AC  0|TAMS 0x0000000700800000, 0x0000000700800000|
|   9|0x0000000700900000, 0x00000007009fd030, 0x0000000700a00000| 98%| O|  |TS  0|AC  0|TAMS 0x0000000700900000, 0x0000000700900000|
|  10|0x0000000700a00000, 0x0000000700affff8, 0x0000000700b00000| 99%| O|  |TS  0|AC  0|TAMS 0x0000000700a00000, 0x0000000700a00000|
|  11|0x0000000700b00000, 0x0000000700bffff0, 0x0000000700c00000| 99%| O|  |TS  0|AC  0|TAMS 0x0000000700b00000, 0x0000000700b00000|
|  12|0x0000000700c00000, 0x0000000700cfff60, 0x0000000700d00000| 99%| O|  |TS  0|AC  0|TAMS 0x0000000700c00000, 0x0000000700c00000|
|  13|0x0000000700d00000, 0x0000000700e00000, 0x0000000700e00000|100%| O|  |TS  0|AC  0|TAMS 0x0000000700d00000, 0x0000000700d00000|
|  14|0x0000000700e00000, 0x0000000700efe170, 0x0000000700f00000| 99%| O|  |TS  0|AC  0|TAMS 0x0000000700e00000, 0x0000000700e00000|
|  15|0x0000000700f00000, 0x0000000700fff9c0, 0x0000000701000000| 99%| O|  |TS  0|AC  0|TAMS 0x0000000700f00000, 0x0000000700f00000|
|  16|0x0000000701000000, 0x0000000701100000, 0x0000000701100000|100%| O|  |TS  0|AC  0|TAMS 0x0000000701000000, 0x0000000701000000|
|  17|0x0000000701100000, 0x00000007011ff950, 0x0000000701200000| 99%| O|  |TS  0|AC  0|TAMS 0x0000000701100000, 0x0000000701100000|
|  18|0x0000000701200000, 0x00000007012ffd98, 0x0000000701300000| 99%| O|  |TS  0|AC  0|TAMS 0x0000000701200000, 0x0000000701200000|
|  19|0x0000000701300000, 0x00000007013ffff8, 0x0000000701400000| 99%| O|  |TS  0|AC  0|TAMS 0x0000000701300000, 0x0000000701300000|
|  20|0x0000000701400000, 0x00000007014ffff8, 0x0000000701500000| 99%| O|  |TS  0|AC  0|TAMS 0x0000000701400000, 0x0000000701400000|
|  21|0x0000000701500000, 0x0000000701600000, 0x0000000701600000|100%|HS|  |TS  0|AC  0|TAMS 0x0000000701500000, 0x0000000701500000|
|  22|0x0000000701600000, 0x00000007016ffff8, 0x0000000701700000| 99%| O|  |TS  0|AC  0|TAMS 0x0000000701600000, 0x0000000701600000|
|  23|0x0000000701700000, 0x00000007017fffd8, 0x0000000701800000| 99%| O|  |TS  0|AC  0|TAMS 0x0000000701700000, 0x0000000701700000|
|  24|0x0000000701800000, 0x00000007018ffff0, 0x0000000701900000| 99%| O|  |TS  0|AC  0|TAMS 0x0000000701800000, 0x0000000701800000|
|  25|0x0000000701900000, 0x00000007019fffe8, 0x0000000701a00000| 99%| O|  |TS  0|AC  0|TAMS 0x0000000701900000, 0x0000000701900000|
|  26|0x0000000701a00000, 0x0000000701afad30, 0x0000000701b00000| 97%| O|  |TS  0|AC  0|TAMS 0x0000000701a00000, 0x0000000701a00000|
|  27|0x0000000701b00000, 0x0000000701bfffe0, 0x0000000701c00000| 99%| O|  |TS  0|AC  0|TAMS 0x0000000701b00000, 0x0000000701b00000|
|  28|0x0000000701c00000, 0x0000000701d00000, 0x0000000701d00000|100%| O|  |TS  0|AC  0|TAMS 0x0000000701c00000, 0x0000000701c00000|
|  29|0x0000000701d00000, 0x0000000701dffd30, 0x0000000701e00000| 99%| O|  |TS  0|AC  0|TAMS 0x0000000701d00000, 0x0000000701d00000|
|  30|0x0000000701e00000, 0x0000000701effff8, 0x0000000701f00000| 99%| O|  |TS  0|AC  0|TAMS 0x0000000701e00000, 0x0000000701e00000|
|  31|0x0000000701f00000, 0x0000000701ffffe8, 0x0000000702000000| 99%| O|  |TS  0|AC  0|TAMS 0x0000000701f00000, 0x0000000701f00000|
|  32|0x0000000702000000, 0x00000007020fffe8, 0x0000000702100000| 99%| O|  |TS  0|AC  0|TAMS 0x0000000702000000, 0x0000000702000000|
|  33|0x0000000702100000, 0x00000007021fffe8, 0x0000000702200000| 99%| O|  |TS  0|AC  0|TAMS 0x0000000702100000, 0x0000000702100000|
|  34|0x0000000702200000, 0x00000007022ffff0, 0x0000000702300000| 99%| O|  |TS  0|AC  0|TAMS 0x0000000702200000, 0x0000000702200000|
|  35|0x0000000702300000, 0x00000007023f24d0, 0x0000000702400000| 94%| O|  |TS  0|AC  0|TAMS 0x0000000702300000, 0x0000000702300000|
|  36|0x0000000702400000, 0x00000007024bf048, 0x0000000702500000| 74%| O|  |TS  0|AC  0|TAMS 0x0000000702400000, 0x0000000702400000|
|  37|0x0000000702500000, 0x0000000702600000, 0x0000000702600000|100%| O|  |TS  0|AC  0|TAMS 0x0000000702500000, 0x0000000702500000|
|  38|0x0000000702600000, 0x00000007026ffff0, 0x0000000702700000| 99%| O|  |TS  0|AC  0|TAMS 0x0000000702600000, 0x0000000702600000|
|  39|0x0000000702700000, 0x00000007027ffff8, 0x0000000702800000| 99%| O|  |TS  0|AC  0|TAMS 0x0000000702700000, 0x0000000702700000|
|  40|0x0000000702800000, 0x00000007028fff60, 0x0000000702900000| 99%| O|  |TS  0|AC  0|TAMS 0x0000000702800000, 0x0000000702800000|
|  41|0x0000000702900000, 0x00000007029ffff8, 0x0000000702a00000| 99%| O|  |TS  0|AC  0|TAMS 0x0000000702900000, 0x0000000702900000|
|  42|0x0000000702a00000, 0x0000000702affff8, 0x0000000702b00000| 99%| O|  |TS  0|AC  0|TAMS 0x0000000702a00000, 0x0000000702a00000|
|  43|0x0000000702b00000, 0x0000000702bfdcf8, 0x0000000702c00000| 99%| O|  |TS  0|AC  0|TAMS 0x0000000702b00000, 0x0000000702b00000|
|  44|0x0000000702c00000, 0x0000000702d00000, 0x0000000702d00000|100%| O|  |TS  0|AC  0|TAMS 0x0000000702c00000, 0x0000000702c00000|
|  45|0x0000000702d00000, 0x0000000702dffea0, 0x0000000702e00000| 99%| O|  |TS  0|AC  0|TAMS 0x0000000702d00000, 0x0000000702d00000|
|  46|0x0000000702e00000, 0x0000000702f00000, 0x0000000702f00000|100%|HS|  |TS  0|AC  0|TAMS 0x0000000702e00000, 0x0000000702e00000|
|  47|0x0000000702f00000, 0x0000000703000000, 0x0000000703000000|100%|HC|  |TS  0|AC  0|TAMS 0x0000000702f00000, 0x0000000702f00000|
|  48|0x0000000703000000, 0x0000000703100000, 0x0000000703100000|100%|HC|  |TS  0|AC  0|TAMS 0x0000000703000000, 0x0000000703000000|
|  49|0x0000000703100000, 0x0000000703200000, 0x0000000703200000|100%|HC|  |TS  0|AC  0|TAMS 0x0000000703100000, 0x0000000703100000|
|  50|0x0000000703200000, 0x0000000703300000, 0x0000000703300000|100%|HC|  |TS  0|AC  0|TAMS 0x0000000703200000, 0x0000000703200000|
|  51|0x0000000703300000, 0x0000000703400000, 0x0000000703400000|100%|HC|  |TS  0|AC  0|TAMS 0x0000000703300000, 0x0000000703300000|
|  52|0x0000000703400000, 0x0000000703500000, 0x0000000703500000|100%|HC|  |TS  0|AC  0|TAMS 0x0000000703400000, 0x0000000703400000|
|  53|0x0000000703500000, 0x0000000703600000, 0x0000000703600000|100%|HC|  |TS  0|AC  0|TAMS 0x0000000703500000, 0x0000000703500000|
|  54|0x0000000703600000, 0x00000007036ffff8, 0x0000000703700000| 99%| O|  |TS  0|AC  0|TAMS 0x0000000703600000, 0x0000000703600000|
|  55|0x0000000703700000, 0x0000000703800000, 0x0000000703800000|100%| O|  |TS  0|AC  0|TAMS 0x0000000703700000, 0x0000000703700000|
|  56|0x0000000703800000, 0x00000007038fffe8, 0x0000000703900000| 99%| O|  |TS  0|AC  0|TAMS 0x0000000703800000, 0x0000000703800000|
|  57|0x0000000703900000, 0x0000000703a00000, 0x0000000703a00000|100%| O|  |TS  0|AC  0|TAMS 0x0000000703900000, 0x0000000703900000|
|  58|0x0000000703a00000, 0x0000000703b00000, 0x0000000703b00000|100%| O|  |TS  0|AC  0|TAMS 0x0000000703a00000, 0x0000000703a00000|
|  59|0x0000000703b00000, 0x0000000703bffff0, 0x0000000703c00000| 99%| O|  |TS  0|AC  0|TAMS 0x0000000703b00000, 0x0000000703b00000|
|  60|0x0000000703c00000, 0x0000000703cfffd8, 0x0000000703d00000| 99%| O|  |TS  0|AC  0|TAMS 0x0000000703c00000, 0x0000000703c00000|
|  61|0x0000000703d00000, 0x0000000703dc6e20, 0x0000000703e00000| 77%| O|  |TS  0|AC  0|TAMS 0x0000000703d00000, 0x0000000703d00000|
|  62|0x0000000703e00000, 0x0000000703effff8, 0x0000000703f00000| 99%| O|  |TS  0|AC  0|TAMS 0x0000000703e00000, 0x0000000703e00000|
|  63|0x0000000703f00000, 0x0000000703fe6420, 0x0000000704000000| 89%| O|  |TS  0|AC  0|TAMS 0x0000000703f00000, 0x0000000703f00000|
|  64|0x0000000704000000, 0x0000000704000000, 0x0000000704100000|  0%| F|  |TS  5|AC  0|TAMS 0x0000000704000000, 0x0000000704000000|
|  65|0x0000000704100000, 0x0000000704100000, 0x0000000704200000|  0%| F|  |TS  5|AC  0|TAMS 0x0000000704100000, 0x0000000704100000|
|  66|0x0000000704200000, 0x0000000704200000, 0x0000000704300000|  0%| F|  |TS  5|AC  0|TAMS 0x0000000704200000, 0x0000000704200000|
|  67|0x0000000704300000, 0x0000000704300000, 0x0000000704400000|  0%| F|  |TS  0|AC  0|TAMS 0x0000000704300000, 0x0000000704300000|
|  68|0x0000000704400000, 0x0000000704500000, 0x0000000704500000|100%|HS|  |TS  0|AC  0|TAMS 0x0000000704400000, 0x0000000704400000|
|  69|0x0000000704500000, 0x0000000704600000, 0x0000000704600000|100%|HC|  |TS  0|AC  0|TAMS 0x0000000704500000, 0x0000000704500000|
|  70|0x0000000704600000, 0x0000000704700000, 0x0000000704700000|100%|HC|  |TS  0|AC  0|TAMS 0x0000000704600000, 0x0000000704600000|
|  71|0x0000000704700000, 0x0000000704800000, 0x0000000704800000|100%|HC|  |TS  0|AC  0|TAMS 0x0000000704700000, 0x0000000704700000|
|  72|0x0000000704800000, 0x0000000704900000, 0x0000000704900000|100%|HS|  |TS  0|AC  0|TAMS 0x0000000704800000, 0x0000000704800000|
|  73|0x0000000704900000, 0x0000000704a00000, 0x0000000704a00000|100%|HC|  |TS  0|AC  0|TAMS 0x0000000704900000, 0x0000000704900000|
|  74|0x0000000704a00000, 0x0000000704a00000, 0x0000000704b00000|  0%| F|  |TS  5|AC  0|TAMS 0x0000000704a00000, 0x0000000704a00000|
|  75|0x0000000704b00000, 0x0000000704b00000, 0x0000000704c00000|  0%| F|  |TS  5|AC  0|TAMS 0x0000000704b00000, 0x0000000704b00000|
|  76|0x0000000704c00000, 0x0000000704c00000, 0x0000000704d00000|  0%| F|  |TS  5|AC  0|TAMS 0x0000000704c00000, 0x0000000704c00000|
|  77|0x0000000704d00000, 0x0000000704d00000, 0x0000000704e00000|  0%| F|  |TS  5|AC  0|TAMS 0x0000000704d00000, 0x0000000704d00000|
|  78|0x0000000704e00000, 0x0000000704e00000, 0x0000000704f00000|  0%| F|  |TS  5|AC  0|TAMS 0x0000000704e00000, 0x0000000704e00000|
|  79|0x0000000704f00000, 0x0000000705000000, 0x0000000705000000|100%|HS|  |TS  0|AC  0|TAMS 0x0000000704f00000, 0x0000000704f00000|
|  80|0x0000000705000000, 0x0000000705100000, 0x0000000705100000|100%|HC|  |TS  0|AC  0|TAMS 0x0000000705000000, 0x0000000705000000|
|  81|0x0000000705100000, 0x0000000705100000, 0x0000000705200000|  0%| F|  |TS  0|AC  0|TAMS 0x0000000705100000, 0x0000000705100000|
|  82|0x0000000705200000, 0x0000000705200000, 0x0000000705300000|  0%| F|  |TS  0|AC  0|TAMS 0x0000000705200000, 0x0000000705200000|
|  83|0x0000000705300000, 0x0000000705300000, 0x0000000705400000|  0%| F|  |TS  0|AC  0|TAMS 0x0000000705300000, 0x0000000705300000|
|  84|0x0000000705400000, 0x0000000705400000, 0x0000000705500000|  0%| F|  |TS  0|AC  0|TAMS 0x0000000705400000, 0x0000000705400000|
|  85|0x0000000705500000, 0x0000000705500000, 0x0000000705600000|  0%| F|  |TS  0|AC  0|TAMS 0x0000000705500000, 0x0000000705500000|
|  86|0x0000000705600000, 0x0000000705600000, 0x0000000705700000|  0%| F|  |TS  0|AC  0|TAMS 0x0000000705600000, 0x0000000705600000|
|  87|0x0000000705700000, 0x0000000705700000, 0x0000000705800000|  0%| F|  |TS  0|AC  0|TAMS 0x0000000705700000, 0x0000000705700000|
|  88|0x0000000705800000, 0x0000000705800000, 0x0000000705900000|  0%| F|  |TS  0|AC  0|TAMS 0x0000000705800000, 0x0000000705800000|
|  89|0x0000000705900000, 0x0000000705900000, 0x0000000705a00000|  0%| F|  |TS  0|AC  0|TAMS 0x0000000705900000, 0x0000000705900000|
|  90|0x0000000705a00000, 0x0000000705a00000, 0x0000000705b00000|  0%| F|  |TS  0|AC  0|TAMS 0x0000000705a00000, 0x0000000705a00000|
|  91|0x0000000705b00000, 0x0000000705b00000, 0x0000000705c00000|  0%| F|  |TS  0|AC  0|TAMS 0x0000000705b00000, 0x0000000705b00000|
|  92|0x0000000705c00000, 0x0000000705c00000, 0x0000000705d00000|  0%| F|  |TS  0|AC  0|TAMS 0x0000000705c00000, 0x0000000705c00000|
|  93|0x0000000705d00000, 0x0000000705d00000, 0x0000000705e00000|  0%| F|  |TS  0|AC  0|TAMS 0x0000000705d00000, 0x0000000705d00000|
|  94|0x0000000705e00000, 0x0000000705e00000, 0x0000000705f00000|  0%| F|  |TS  0|AC  0|TAMS 0x0000000705e00000, 0x0000000705e00000|
|  95|0x0000000705f00000, 0x0000000705f00000, 0x0000000706000000|  0%| F|  |TS  0|AC  0|TAMS 0x0000000705f00000, 0x0000000705f00000|
|  96|0x0000000706000000, 0x0000000706000000, 0x0000000706100000|  0%| F|  |TS  0|AC  0|TAMS 0x0000000706000000, 0x0000000706000000|
|  97|0x0000000706100000, 0x0000000706100000, 0x0000000706200000|  0%| F|  |TS  0|AC  0|TAMS 0x0000000706100000, 0x0000000706100000|
|  98|0x0000000706200000, 0x0000000706200000, 0x0000000706300000|  0%| F|  |TS  0|AC  0|TAMS 0x0000000706200000, 0x0000000706200000|
|  99|0x0000000706300000, 0x0000000706300000, 0x0000000706400000|  0%| F|  |TS  0|AC  0|TAMS 0x0000000706300000, 0x0000000706300000|
| 100|0x0000000706400000, 0x0000000706400000, 0x0000000706500000|  0%| F|  |TS  0|AC  0|TAMS 0x0000000706400000, 0x0000000706400000|
| 101|0x0000000706500000, 0x0000000706500000, 0x0000000706600000|  0%| F|  |TS  0|AC  0|TAMS 0x0000000706500000, 0x0000000706500000|
| 102|0x0000000706600000, 0x0000000706600000, 0x0000000706700000|  0%| F|  |TS  0|AC  0|TAMS 0x0000000706600000, 0x0000000706600000|
| 103|0x0000000706700000, 0x0000000706700000, 0x0000000706800000|  0%| F|  |TS  0|AC  0|TAMS 0x0000000706700000, 0x0000000706700000|
| 104|0x0000000706800000, 0x0000000706800000, 0x0000000706900000|  0%| F|  |TS  0|AC  0|TAMS 0x0000000706800000, 0x0000000706800000|
| 105|0x0000000706900000, 0x0000000706900000, 0x0000000706a00000|  0%| F|  |TS  0|AC  0|TAMS 0x0000000706900000, 0x0000000706900000|
| 106|0x0000000706a00000, 0x0000000706a00000, 0x0000000706b00000|  0%| F|  |TS  0|AC  0|TAMS 0x0000000706a00000, 0x0000000706a00000|
| 107|0x0000000706b00000, 0x0000000706b00000, 0x0000000706c00000|  0%| F|  |TS  0|AC  0|TAMS 0x0000000706b00000, 0x0000000706b00000|
| 108|0x0000000706c00000, 0x0000000706c00000, 0x0000000706d00000|  0%| F|  |TS  0|AC  0|TAMS 0x0000000706c00000, 0x0000000706c00000|
| 109|0x0000000706d00000, 0x0000000706d00000, 0x0000000706e00000|  0%| F|  |TS  0|AC  0|TAMS 0x0000000706d00000, 0x0000000706d00000|
| 110|0x0000000706e00000, 0x0000000706e00000, 0x0000000706f00000|  0%| F|  |TS  0|AC  0|TAMS 0x0000000706e00000, 0x0000000706e00000|
| 111|0x0000000706f00000, 0x0000000706f00000, 0x0000000707000000|  0%| F|  |TS  0|AC  0|TAMS 0x0000000706f00000, 0x0000000706f00000|
| 112|0x0000000707000000, 0x0000000707000000, 0x0000000707100000|  0%| F|  |TS  0|AC  0|TAMS 0x0000000707000000, 0x0000000707000000|
| 113|0x0000000707100000, 0x0000000707100000, 0x0000000707200000|  0%| F|  |TS  0|AC  0|TAMS 0x0000000707100000, 0x0000000707100000|
| 114|0x0000000707200000, 0x0000000707200000, 0x0000000707300000|  0%| F|  |TS  0|AC  0|TAMS 0x0000000707200000, 0x0000000707200000|
| 115|0x0000000707300000, 0x0000000707300000, 0x0000000707400000|  0%| F|  |TS  0|AC  0|TAMS 0x0000000707300000, 0x0000000707300000|
| 116|0x0000000707400000, 0x0000000707400000, 0x0000000707500000|  0%| F|  |TS  0|AC  0|TAMS 0x0000000707400000, 0x0000000707400000|
| 117|0x0000000707500000, 0x0000000707500000, 0x0000000707600000|  0%| F|  |TS  0|AC  0|TAMS 0x0000000707500000, 0x0000000707500000|
| 118|0x0000000707600000, 0x0000000707600000, 0x0000000707700000|  0%| F|  |TS  0|AC  0|TAMS 0x0000000707600000, 0x0000000707600000|
| 119|0x0000000707700000, 0x0000000707700000, 0x0000000707800000|  0%| F|  |TS  0|AC  0|TAMS 0x0000000707700000, 0x0000000707700000|
| 120|0x0000000707800000, 0x0000000707800000, 0x0000000707900000|  0%| F|  |TS  0|AC  0|TAMS 0x0000000707800000, 0x0000000707800000|
| 121|0x0000000707900000, 0x0000000707900000, 0x0000000707a00000|  0%| F|  |TS  0|AC  0|TAMS 0x0000000707900000, 0x0000000707900000|
| 122|0x0000000707a00000, 0x0000000707a00000, 0x0000000707b00000|  0%| F|  |TS  0|AC  0|TAMS 0x0000000707a00000, 0x0000000707a00000|
| 123|0x0000000707b00000, 0x0000000707b00000, 0x0000000707c00000|  0%| F|  |TS  0|AC  0|TAMS 0x0000000707b00000, 0x0000000707b00000|
| 124|0x0000000707c00000, 0x0000000707c00000, 0x0000000707d00000|  0%| F|  |TS  0|AC  0|TAMS 0x0000000707c00000, 0x0000000707c00000|
| 125|0x0000000707d00000, 0x0000000707d00000, 0x0000000707e00000|  0%| F|  |TS  0|AC  0|TAMS 0x0000000707d00000, 0x0000000707d00000|
| 126|0x0000000707e00000, 0x0000000707e00000, 0x0000000707f00000|  0%| F|  |TS  0|AC  0|TAMS 0x0000000707e00000, 0x0000000707e00000|
| 127|0x0000000707f00000, 0x0000000707f00000, 0x0000000708000000|  0%| F|  |TS  0|AC  0|TAMS 0x0000000707f00000, 0x0000000707f00000|
| 128|0x0000000708000000, 0x0000000708000000, 0x0000000708100000|  0%| F|  |TS  0|AC  0|TAMS 0x0000000708000000, 0x0000000708000000|
| 129|0x0000000708100000, 0x0000000708100000, 0x0000000708200000|  0%| F|  |TS  0|AC  0|TAMS 0x0000000708100000, 0x0000000708100000|
| 130|0x0000000708200000, 0x0000000708200000, 0x0000000708300000|  0%| F|  |TS  0|AC  0|TAMS 0x0000000708200000, 0x0000000708200000|
| 131|0x0000000708300000, 0x0000000708300000, 0x0000000708400000|  0%| F|  |TS  0|AC  0|TAMS 0x0000000708300000, 0x0000000708300000|
| 132|0x0000000708400000, 0x0000000708400000, 0x0000000708500000|  0%| F|  |TS  0|AC  0|TAMS 0x0000000708400000, 0x0000000708400000|
| 133|0x0000000708500000, 0x0000000708500000, 0x0000000708600000|  0%| F|  |TS  0|AC  0|TAMS 0x0000000708500000, 0x0000000708500000|
| 134|0x0000000708600000, 0x0000000708600000, 0x0000000708700000|  0%| F|  |TS  0|AC  0|TAMS 0x0000000708600000, 0x0000000708600000|
| 135|0x0000000708700000, 0x0000000708700000, 0x0000000708800000|  0%| F|  |TS  0|AC  0|TAMS 0x0000000708700000, 0x0000000708700000|
| 136|0x0000000708800000, 0x0000000708800000, 0x0000000708900000|  0%| F|  |TS  0|AC  0|TAMS 0x0000000708800000, 0x0000000708800000|
| 137|0x0000000708900000, 0x0000000708900000, 0x0000000708a00000|  0%| F|  |TS  0|AC  0|TAMS 0x0000000708900000, 0x0000000708900000|
| 138|0x0000000708a00000, 0x0000000708a00000, 0x0000000708b00000|  0%| F|  |TS  0|AC  0|TAMS 0x0000000708a00000, 0x0000000708a00000|
| 139|0x0000000708b00000, 0x0000000708b00000, 0x0000000708c00000|  0%| F|  |TS  0|AC  0|TAMS 0x0000000708b00000, 0x0000000708b00000|
| 140|0x0000000708c00000, 0x0000000708c00000, 0x0000000708d00000|  0%| F|  |TS  0|AC  0|TAMS 0x0000000708c00000, 0x0000000708c00000|
| 141|0x0000000708d00000, 0x0000000708d00000, 0x0000000708e00000|  0%| F|  |TS  0|AC  0|TAMS 0x0000000708d00000, 0x0000000708d00000|
| 142|0x0000000708e00000, 0x0000000708e00000, 0x0000000708f00000|  0%| F|  |TS  0|AC  0|TAMS 0x0000000708e00000, 0x0000000708e00000|
| 143|0x0000000708f00000, 0x0000000708f00000, 0x0000000709000000|  0%| F|  |TS  0|AC  0|TAMS 0x0000000708f00000, 0x0000000708f00000|
| 144|0x0000000709000000, 0x0000000709000000, 0x0000000709100000|  0%| F|  |TS  0|AC  0|TAMS 0x0000000709000000, 0x0000000709000000|
| 145|0x0000000709100000, 0x0000000709100000, 0x0000000709200000|  0%| F|  |TS  0|AC  0|TAMS 0x0000000709100000, 0x0000000709100000|
| 146|0x0000000709200000, 0x0000000709200000, 0x0000000709300000|  0%| F|  |TS  0|AC  0|TAMS 0x0000000709200000, 0x0000000709200000|
| 147|0x0000000709300000, 0x0000000709300000, 0x0000000709400000|  0%| F|  |TS  0|AC  0|TAMS 0x0000000709300000, 0x0000000709300000|
| 148|0x0000000709400000, 0x00000007094074e0, 0x0000000709500000|  2%| S|CS|TS 11|AC  0|TAMS 0x0000000709400000, 0x0000000709400000|
| 149|0x0000000709500000, 0x0000000709500000, 0x0000000709600000|  0%| F|  |TS 11|AC  0|TAMS 0x0000000709500000, 0x0000000709500000|
| 150|0x0000000709600000, 0x0000000709600000, 0x0000000709700000|  0%| F|  |TS 11|AC  0|TAMS 0x0000000709600000, 0x0000000709600000|
| 151|0x0000000709700000, 0x0000000709800000, 0x0000000709800000|100%| S|CS|TS 11|AC  0|TAMS 0x0000000709700000, 0x0000000709700000|
| 152|0x0000000709800000, 0x0000000709900000, 0x0000000709900000|100%| S|CS|TS 11|AC  0|TAMS 0x0000000709800000, 0x0000000709800000|
| 153|0x0000000709900000, 0x0000000709900000, 0x0000000709a00000|  0%| F|  |TS 11|AC  0|TAMS 0x0000000709900000, 0x0000000709900000|
| 154|0x0000000709a00000, 0x0000000709a00000, 0x0000000709b00000|  0%| F|  |TS 11|AC  0|TAMS 0x0000000709a00000, 0x0000000709a00000|
| 155|0x0000000709b00000, 0x0000000709b00000, 0x0000000709c00000|  0%| F|  |TS 11|AC  0|TAMS 0x0000000709b00000, 0x0000000709b00000|
| 156|0x0000000709c00000, 0x0000000709c00000, 0x0000000709d00000|  0%| F|  |TS 11|AC  0|TAMS 0x0000000709c00000, 0x0000000709c00000|
| 157|0x0000000709d00000, 0x0000000709d00000, 0x0000000709e00000|  0%| F|  |TS 11|AC  0|TAMS 0x0000000709d00000, 0x0000000709d00000|
| 158|0x0000000709e00000, 0x0000000709e00000, 0x0000000709f00000|  0%| F|  |TS 11|AC  0|TAMS 0x0000000709e00000, 0x0000000709e00000|
| 159|0x0000000709f00000, 0x0000000709f00000, 0x000000070a000000|  0%| F|  |TS 11|AC  0|TAMS 0x0000000709f00000, 0x0000000709f00000|
| 160|0x000000070a000000, 0x000000070a000000, 0x000000070a100000|  0%| F|  |TS 11|AC  0|TAMS 0x000000070a000000, 0x000000070a000000|
| 161|0x000000070a100000, 0x000000070a100000, 0x000000070a200000|  0%| F|  |TS 11|AC  0|TAMS 0x000000070a100000, 0x000000070a100000|
| 162|0x000000070a200000, 0x000000070a200000, 0x000000070a300000|  0%| F|  |TS 11|AC  0|TAMS 0x000000070a200000, 0x000000070a200000|
| 163|0x000000070a300000, 0x000000070a300000, 0x000000070a400000|  0%| F|  |TS 11|AC  0|TAMS 0x000000070a300000, 0x000000070a300000|
| 164|0x000000070a400000, 0x000000070a400000, 0x000000070a500000|  0%| F|  |TS 11|AC  0|TAMS 0x000000070a400000, 0x000000070a400000|
| 165|0x000000070a500000, 0x000000070a500000, 0x000000070a600000|  0%| F|  |TS 11|AC  0|TAMS 0x000000070a500000, 0x000000070a500000|
| 166|0x000000070a600000, 0x000000070a600000, 0x000000070a700000|  0%| F|  |TS 11|AC  0|TAMS 0x000000070a600000, 0x000000070a600000|
| 167|0x000000070a700000, 0x000000070a700000, 0x000000070a800000|  0%| F|  |TS 11|AC  0|TAMS 0x000000070a700000, 0x000000070a700000|
| 168|0x000000070a800000, 0x000000070a800000, 0x000000070a900000|  0%| F|  |TS 11|AC  0|TAMS 0x000000070a800000, 0x000000070a800000|
| 169|0x000000070a900000, 0x000000070a900000, 0x000000070aa00000|  0%| F|  |TS 11|AC  0|TAMS 0x000000070a900000, 0x000000070a900000|
| 170|0x000000070aa00000, 0x000000070aa00000, 0x000000070ab00000|  0%| F|  |TS 11|AC  0|TAMS 0x000000070aa00000, 0x000000070aa00000|
| 171|0x000000070ab00000, 0x000000070ab139e0, 0x000000070ac00000|  7%| E|  |TS 11|AC  0|TAMS 0x000000070ab00000, 0x000000070ab00000|
| 172|0x000000070ac00000, 0x000000070ad00000, 0x000000070ad00000|100%| E|CS|TS 11|AC  0|TAMS 0x000000070ac00000, 0x000000070ac00000|
| 173|0x000000070ad00000, 0x000000070ae00000, 0x000000070ae00000|100%| E|CS|TS 11|AC  0|TAMS 0x000000070ad00000, 0x000000070ad00000|
| 174|0x000000070ae00000, 0x000000070af00000, 0x000000070af00000|100%| E|CS|TS 11|AC  0|TAMS 0x000000070ae00000, 0x000000070ae00000|
| 175|0x000000070af00000, 0x000000070b000000, 0x000000070b000000|100%| E|CS|TS 11|AC  0|TAMS 0x000000070af00000, 0x000000070af00000|
| 176|0x000000070b000000, 0x000000070b100000, 0x000000070b100000|100%| E|CS|TS 11|AC  0|TAMS 0x000000070b000000, 0x000000070b000000|
| 177|0x000000070b100000, 0x000000070b200000, 0x000000070b200000|100%| E|CS|TS 11|AC  0|TAMS 0x000000070b100000, 0x000000070b100000|
| 178|0x000000070b200000, 0x000000070b300000, 0x000000070b300000|100%| E|CS|TS 11|AC  0|TAMS 0x000000070b200000, 0x000000070b200000|
| 179|0x000000070b300000, 0x000000070b400000, 0x000000070b400000|100%| E|CS|TS 11|AC  0|TAMS 0x000000070b300000, 0x000000070b300000|
| 180|0x000000070b400000, 0x000000070b500000, 0x000000070b500000|100%| E|CS|TS 11|AC  0|TAMS 0x000000070b400000, 0x000000070b400000|
| 181|0x000000070b500000, 0x000000070b600000, 0x000000070b600000|100%| E|CS|TS 11|AC  0|TAMS 0x000000070b500000, 0x000000070b500000|
| 182|0x000000070b600000, 0x000000070b700000, 0x000000070b700000|100%| E|CS|TS 11|AC  0|TAMS 0x000000070b600000, 0x000000070b600000|
| 183|0x000000070b700000, 0x000000070b800000, 0x000000070b800000|100%| E|CS|TS 11|AC  0|TAMS 0x000000070b700000, 0x000000070b700000|
| 184|0x000000070b800000, 0x000000070b900000, 0x000000070b900000|100%| E|CS|TS 11|AC  0|TAMS 0x000000070b800000, 0x000000070b800000|
| 185|0x000000070b900000, 0x000000070ba00000, 0x000000070ba00000|100%| E|CS|TS 11|AC  0|TAMS 0x000000070b900000, 0x000000070b900000|
| 186|0x000000070ba00000, 0x000000070bb00000, 0x000000070bb00000|100%| E|CS|TS 11|AC  0|TAMS 0x000000070ba00000, 0x000000070ba00000|
| 187|0x000000070bb00000, 0x000000070bc00000, 0x000000070bc00000|100%| E|CS|TS 11|AC  0|TAMS 0x000000070bb00000, 0x000000070bb00000|
| 188|0x000000070bc00000, 0x000000070bd00000, 0x000000070bd00000|100%| E|CS|TS 11|AC  0|TAMS 0x000000070bc00000, 0x000000070bc00000|
| 189|0x000000070bd00000, 0x000000070be00000, 0x000000070be00000|100%| E|CS|TS 11|AC  0|TAMS 0x000000070bd00000, 0x000000070bd00000|
| 190|0x000000070be00000, 0x000000070bf00000, 0x000000070bf00000|100%| E|CS|TS 11|AC  0|TAMS 0x000000070be00000, 0x000000070be00000|
| 191|0x000000070bf00000, 0x000000070c000000, 0x000000070c000000|100%| E|CS|TS 11|AC  0|TAMS 0x000000070bf00000, 0x000000070bf00000|
| 192|0x000000070c000000, 0x000000070c100000, 0x000000070c100000|100%| E|CS|TS 11|AC  0|TAMS 0x000000070c000000, 0x000000070c000000|
| 193|0x000000070c100000, 0x000000070c200000, 0x000000070c200000|100%| E|CS|TS 11|AC  0|TAMS 0x000000070c100000, 0x000000070c100000|
| 194|0x000000070c200000, 0x000000070c300000, 0x000000070c300000|100%| E|CS|TS 11|AC  0|TAMS 0x000000070c200000, 0x000000070c200000|
| 195|0x000000070c300000, 0x000000070c400000, 0x000000070c400000|100%| E|CS|TS 11|AC  0|TAMS 0x000000070c300000, 0x000000070c300000|
| 196|0x000000070c400000, 0x000000070c500000, 0x000000070c500000|100%| E|CS|TS 11|AC  0|TAMS 0x000000070c400000, 0x000000070c400000|
| 197|0x000000070c500000, 0x000000070c600000, 0x000000070c600000|100%| E|CS|TS 11|AC  0|TAMS 0x000000070c500000, 0x000000070c500000|
| 198|0x000000070c600000, 0x000000070c700000, 0x000000070c700000|100%| E|CS|TS 11|AC  0|TAMS 0x000000070c600000, 0x000000070c600000|
| 199|0x000000070c700000, 0x000000070c800000, 0x000000070c800000|100%| E|CS|TS 11|AC  0|TAMS 0x000000070c700000, 0x000000070c700000|
| 200|0x000000070c800000, 0x000000070c900000, 0x000000070c900000|100%| E|CS|TS 11|AC  0|TAMS 0x000000070c800000, 0x000000070c800000|
| 201|0x000000070c900000, 0x000000070ca00000, 0x000000070ca00000|100%| E|CS|TS 11|AC  0|TAMS 0x000000070c900000, 0x000000070c900000|
| 202|0x000000070ca00000, 0x000000070cb00000, 0x000000070cb00000|100%| E|CS|TS 11|AC  0|TAMS 0x000000070ca00000, 0x000000070ca00000|
| 203|0x000000070cb00000, 0x000000070cc00000, 0x000000070cc00000|100%| E|CS|TS 11|AC  0|TAMS 0x000000070cb00000, 0x000000070cb00000|
| 204|0x000000070cc00000, 0x000000070cd00000, 0x000000070cd00000|100%| E|CS|TS 11|AC  0|TAMS 0x000000070cc00000, 0x000000070cc00000|
| 205|0x000000070cd00000, 0x000000070ce00000, 0x000000070ce00000|100%| E|CS|TS 11|AC  0|TAMS 0x000000070cd00000, 0x000000070cd00000|
| 206|0x000000070ce00000, 0x000000070cf00000, 0x000000070cf00000|100%| E|CS|TS 11|AC  0|TAMS 0x000000070ce00000, 0x000000070ce00000|
| 207|0x000000070cf00000, 0x000000070d000000, 0x000000070d000000|100%| E|CS|TS 11|AC  0|TAMS 0x000000070cf00000, 0x000000070cf00000|
| 208|0x000000070d000000, 0x000000070d100000, 0x000000070d100000|100%| E|CS|TS 11|AC  0|TAMS 0x000000070d000000, 0x000000070d000000|
| 209|0x000000070d100000, 0x000000070d200000, 0x000000070d200000|100%| E|CS|TS 11|AC  0|TAMS 0x000000070d100000, 0x000000070d100000|
| 210|0x000000070d200000, 0x000000070d300000, 0x000000070d300000|100%| E|CS|TS 11|AC  0|TAMS 0x000000070d200000, 0x000000070d200000|

Card table byte_map: [0x000001ee3a2a0000,0x000001ee3a8a0000] byte_map_base: 0x000001ee36aa0000

Marking Bits (Prev, Next): (CMBitMap*) 0x000001ee36731fa0, (CMBitMap*) 0x000001ee36731fd8
 Prev Bits: [0x000001ee54710000, 0x000001ee57710000)
 Next Bits: [0x000001ee57710000, 0x000001ee5a710000)

Polling page: 0x000001ee30500000

CodeHeap 'non-profiled nmethods': size=119168Kb used=17085Kb max_used=17388Kb free=102082Kb
 bounds [0x000001ee4d2b0000, 0x000001ee4e3c0000, 0x000001ee54710000]
CodeHeap 'profiled nmethods': size=119168Kb used=39063Kb max_used=42837Kb free=80104Kb
 bounds [0x000001ee45e50000, 0x000001ee48850000, 0x000001ee4d2b0000]
CodeHeap 'non-nmethods': size=7424Kb used=3475Kb max_used=3512Kb free=3948Kb
 bounds [0x000001ee45710000, 0x000001ee45a90000, 0x000001ee45e50000]
 total_blobs=27309 nmethods=15605 adapters=1126
 compilation: enabled

Compilation events (10 events):
Event: 107.996 Thread 0x000001ee3e3a7800 19047       3       javax.swing.plaf.basic.BasicProgressBarUI$Handler::propertyChange (52 bytes)
Event: 107.997 Thread 0x000001ee3e3a9000 19048       3       javax.swing.plaf.synth.SynthProgressBarUI::propertyChange (32 bytes)
Event: 107.998 Thread 0x000001ee3e3a7800 nmethod 19047 0x000001ee4672ac90 code [0x000001ee4672aec0, 0x000001ee4672b510]
Event: 107.998 Thread 0x000001ee3e3a9000 nmethod 19048 0x000001ee46749b10 code [0x000001ee46749d40, 0x000001ee4674a630]
Event: 108.027 Thread 0x000001ee3e3ae000 19049       1       com.jidesoft.editor.folding.DefaultFoldingSpan::isExpanded (5 bytes)
Event: 108.028 Thread 0x000001ee3e3ae000 nmethod 19049 0x000001ee4db4d690 code [0x000001ee4db4d840, 0x000001ee4db4d958]
Event: 108.029 Thread 0x000001ee3e3a0800 19051       4       javax.swing.ActionMap::get (44 bytes)
Event: 108.029 Thread 0x000001ee3e3af000 19050       3       ui.utils.p.b.E::setAction (6 bytes)
Event: 108.030 Thread 0x000001ee3e3af000 nmethod 19050 0x000001ee463c5510 code [0x000001ee463c56c0, 0x000001ee463c5850]
Event: 108.046 Thread 0x000001ee3e3a0800 nmethod 19051 0x000001ee4dbede10 code [0x000001ee4dbedfe0, 0x000001ee4dbee558]

GC Heap History (10 events):
Event: 91.680 GC heap before
{Heap before GC invocations=119 (full 63):
 garbage-first heap   total 216064K, used 100686K [0x0000000700000000, 0x0000000700100698, 0x00000007c0000000)
  region size 1024K, 21 young (21504K), 1 survivors (1024K)
 Metaspace       used 80747K, capacity 85959K, committed 86272K, reserved 1124352K
  class space    used 11010K, capacity 11914K, committed 12032K, reserved 1048576K
}
Event: 91.682 GC heap after
{Heap after GC invocations=120 (full 63):
 garbage-first heap   total 216064K, used 81588K [0x0000000700000000, 0x0000000700100698, 0x00000007c0000000)
  region size 1024K, 1 young (1024K), 1 survivors (1024K)
 Metaspace       used 80747K, capacity 85959K, committed 86272K, reserved 1124352K
  class space    used 11010K, capacity 11914K, committed 12032K, reserved 1048576K
}
Event: 93.503 GC heap before
{Heap before GC invocations=120 (full 63):
 garbage-first heap   total 216064K, used 142004K [0x0000000700000000, 0x0000000700100698, 0x00000007c0000000)
  region size 1024K, 60 young (61440K), 1 survivors (1024K)
 Metaspace       used 81183K, capacity 87015K, committed 87168K, reserved 1124352K
  class space    used 11120K, capacity 12134K, committed 12160K, reserved 1048576K
}
Event: 93.507 GC heap after
{Heap after GC invocations=121 (full 63):
 garbage-first heap   total 216064K, used 73847K [0x0000000700000000, 0x0000000700100698, 0x00000007c0000000)
  region size 1024K, 2 young (2048K), 2 survivors (2048K)
 Metaspace       used 81183K, capacity 87015K, committed 87168K, reserved 1124352K
  class space    used 11120K, capacity 12134K, committed 12160K, reserved 1048576K
}
Event: 99.613 GC heap before
{Heap before GC invocations=121 (full 63):
 garbage-first heap   total 216064K, used 133239K [0x0000000700000000, 0x0000000700100698, 0x00000007c0000000)
  region size 1024K, 60 young (61440K), 2 survivors (2048K)
 Metaspace       used 81312K, capacity 87111K, committed 87296K, reserved 1124352K
  class space    used 11123K, capacity 12166K, committed 12288K, reserved 1048576K
}
Event: 99.616 GC heap after
{Heap after GC invocations=122 (full 63):
 garbage-first heap   total 216064K, used 73997K [0x0000000700000000, 0x0000000700100698, 0x00000007c0000000)
  region size 1024K, 2 young (2048K), 2 survivors (2048K)
 Metaspace       used 81312K, capacity 87111K, committed 87296K, reserved 1124352K
  class space    used 11123K, capacity 12166K, committed 12288K, reserved 1048576K
}
Event: 103.336 GC heap before
{Heap before GC invocations=122 (full 63):
 garbage-first heap   total 216064K, used 133389K [0x0000000700000000, 0x0000000700100698, 0x00000007c0000000)
  region size 1024K, 60 young (61440K), 2 survivors (2048K)
 Metaspace       used 81391K, capacity 87245K, committed 87552K, reserved 1124352K
  class space    used 11123K, capacity 12167K, committed 12288K, reserved 1048576K
}
Event: 103.338 GC heap after
{Heap after GC invocations=123 (full 63):
 garbage-first heap   total 216064K, used 73838K [0x0000000700000000, 0x0000000700100698, 0x00000007c0000000)
  region size 1024K, 2 young (2048K), 2 survivors (2048K)
 Metaspace       used 81391K, capacity 87245K, committed 87552K, reserved 1124352K
  class space    used 11123K, capacity 12167K, committed 12288K, reserved 1048576K
}
Event: 106.345 GC heap before
{Heap before GC invocations=123 (full 63):
 garbage-first heap   total 216064K, used 133230K [0x0000000700000000, 0x0000000700100698, 0x00000007c0000000)
  region size 1024K, 60 young (61440K), 2 survivors (2048K)
 Metaspace       used 82568K, capacity 88373K, committed 88576K, reserved 1126400K
  class space    used 11249K, capacity 12265K, committed 12288K, reserved 1048576K
}
Event: 106.348 GC heap after
{Heap after GC invocations=124 (full 63):
 garbage-first heap   total 216064K, used 74655K [0x0000000700000000, 0x0000000700100698, 0x00000007c0000000)
  region size 1024K, 3 young (3072K), 3 survivors (3072K)
 Metaspace       used 82568K, capacity 88373K, committed 88576K, reserved 1126400K
  class space    used 11249K, capacity 12265K, committed 12288K, reserved 1048576K
}

Deoptimization events (10 events):
Event: 106.388 Thread 0x000001ee5d872000 Uncommon trap: reason=class_check action=maybe_recompile pc=0x000001ee4e37ee38 method=com.jidesoft.grid.TreeTableCellRenderer.getTableCellRendererComponent(Ljavax/swing/JTable;Ljava/lang/Object;ZZII)Ljava/awt/Component; @ 189 c2
Event: 106.388 Thread 0x000001ee5d872000 Uncommon trap: reason=class_check action=maybe_recompile pc=0x000001ee4e37453c method=com.jidesoft.grid.TreeExpandablePanel.paintFocus(Ljava/awt/Graphics;)V @ 27 c2
Event: 106.411 Thread 0x000001ee5d872000 Uncommon trap: reason=class_check action=maybe_recompile pc=0x000001ee4e37ee38 method=com.jidesoft.grid.TreeTableCellRenderer.getTableCellRendererComponent(Ljavax/swing/JTable;Ljava/lang/Object;ZZII)Ljava/awt/Component; @ 189 c2
Event: 106.411 Thread 0x000001ee5d872000 Uncommon trap: reason=class_check action=maybe_recompile pc=0x000001ee4e37453c method=com.jidesoft.grid.TreeExpandablePanel.paintFocus(Ljava/awt/Graphics;)V @ 27 c2
Event: 106.571 Thread 0x000001ee5d872000 Uncommon trap: reason=class_check action=maybe_recompile pc=0x000001ee4e36dcf4 method=com.jidesoft.grid.TreeExpandablePanel.paintFocus(Ljava/awt/Graphics;)V @ 27 c2
Event: 107.394 Thread 0x000001ee5d872000 Uncommon trap: reason=class_check action=maybe_recompile pc=0x000001ee4dbe6310 method=java.awt.Component.addNotify()V @ 200 c2
Event: 107.409 Thread 0x000001ee5d872000 Uncommon trap: reason=speculate_class_check action=maybe_recompile pc=0x000001ee4df70ddc method=java.awt.DefaultKeyboardFocusManager.dispatchEvent(Ljava/awt/AWTEvent;)Z @ 1467 c2
Event: 107.411 Thread 0x000001ee5d872000 Uncommon trap: reason=unstable_if action=reinterpret pc=0x000001ee4e365f8c method=javax.swing.JTable.getSelectedRows()[I @ 22 c2
Event: 107.415 Thread 0x000001ee5d872000 Uncommon trap: reason=unstable_if action=reinterpret pc=0x000001ee4e25ab88 method=ui.data.common.O.a(Lui/data/common/N;)V @ 52 c2
Event: 107.415 Thread 0x000001ee5d872000 Uncommon trap: reason=unstable_if action=reinterpret pc=0x000001ee4d8ccf6c method=ui.data.common.O.getCount()I @ 6 c2

Classes redefined (0 events):
No events

Internal exceptions (10 events):
Event: 92.285 Thread 0x000001ee5d872000 Exception <a 'java/lang/NoSuchMethodError'{0x000000070cb6a630}: method resolution failed> (0x000000070cb6a630) thrown at [t:/workspace/hotspot/src/share/vm/prims/methodHandles.cpp, line 1256]
Event: 92.286 Thread 0x000001ee5d872000 Exception <a 'java/lang/NoSuchMethodError'{0x000000070cb7a9b8}: method resolution failed> (0x000000070cb7a9b8) thrown at [t:/workspace/hotspot/src/share/vm/prims/methodHandles.cpp, line 1256]
Event: 92.287 Thread 0x000001ee5d872000 Exception <a 'java/lang/NoSuchMethodError'{0x000000070cb7fd78}: java.lang.invoke.DelegatingMethodHandle$Holder.reinvoke_L(Ljava/lang/Object;Ljava/lang/Object;Ljava/lang/Object;Ljava/lang/Object;Ljava/lang/Object;IILjava/lang/Object;Ljava/lang/Object;IILja
Event: 92.407 Thread 0x000001ee5d872000 Exception <a 'java/lang/NoSuchMethodError'{0x000000070ada2138}: method resolution failed> (0x000000070ada2138) thrown at [t:/workspace/hotspot/src/share/vm/prims/methodHandles.cpp, line 1256]
Event: 92.407 Thread 0x000001ee5d872000 Exception <a 'java/lang/NoSuchMethodError'{0x000000070ada6270}: java.lang.invoke.DelegatingMethodHandle$Holder.reinvoke_L(Ljava/lang/Object;Ljava/lang/Object;IILjava/lang/Object;Ljava/lang/Object;ILjava/lang/Object;II)Ljava/lang/Object;> (0x000000070ada62
Event: 92.409 Thread 0x000001ee5d872000 Exception <a 'java/lang/NoSuchMethodError'{0x000000070ac18ff8}: java.lang.invoke.DirectMethodHandle$Holder.invokeSpecial(Ljava/lang/Object;Ljava/lang/Object;IIILjava/lang/Object;Ljava/lang/Object;ILjava/lang/Object;II)Ljava/lang/Object;> (0x000000070ac18f
Event: 92.409 Thread 0x000001ee5d872000 Exception <a 'java/lang/NoSuchMethodError'{0x000000070ac1cb20}: java.lang.invoke.DelegatingMethodHandle$Holder.reinvoke_L(Ljava/lang/Object;IIILjava/lang/Object;Ljava/lang/Object;ILjava/lang/Object;II)Ljava/lang/Object;> (0x000000070ac1cb20) thrown at [t:
Event: 92.410 Thread 0x000001ee5d872000 Exception <a 'java/lang/NoSuchMethodError'{0x000000070ac3ade0}: method resolution failed> (0x000000070ac3ade0) thrown at [t:/workspace/hotspot/src/share/vm/prims/methodHandles.cpp, line 1256]
Event: 92.456 Thread 0x000001ee5d872000 Exception <a 'java/lang/NoSuchMethodError'{0x000000070a66d028}: java.lang.invoke.DirectMethodHandle$Holder.invokeSpecial(Ljava/lang/Object;Ljava/lang/Object;ILjava/lang/Object;)V> (0x000000070a66d028) thrown at [t:/workspace/hotspot/src/share/vm/interpret
Event: 92.456 Thread 0x000001ee5d872000 Exception <a 'java/lang/NoSuchMethodError'{0x000000070a672950}: java.lang.invoke.DirectMethodHandle$Holder.invokeStatic(Ljava/lang/Object;Ljava/lang/Object;ILjava/lang/Object;)Ljava/lang/Object;> (0x000000070a672950) thrown at [t:/workspace/hotspot/src/sh

Events (10 events):
Event: 107.411 loading class com/jidesoft/grid/TableUtils$ColumnSelectionRow
Event: 107.411 loading class com/jidesoft/grid/TableUtils$ColumnSelectionRow done
Event: 107.414 Thread 0x000001ee5d872000 Uncommon trap: trap_request=0xffffff5d fr.pc=0x000001ee4e25ab88 relative=0x00000000000006a8
Event: 107.415 Thread 0x000001ee5d872000 DEOPT PACKING pc=0x000001ee4e25ab88 sp=0x000000d2524f65b0
Event: 107.415 Thread 0x000001ee5d872000 DEOPT UNPACKING pc=0x000001ee4575df29 sp=0x000000d2524f6570 mode 2
Event: 107.415 Thread 0x000001ee5d872000 Uncommon trap: trap_request=0xffffff5d fr.pc=0x000001ee4d8ccf6c relative=0x0000000000000d6c
Event: 107.415 Thread 0x000001ee5d872000 DEOPT PACKING pc=0x000001ee4d8ccf6c sp=0x000000d2524f65b0
Event: 107.415 Thread 0x000001ee5d872000 DEOPT UNPACKING pc=0x000001ee4575df29 sp=0x000000d2524f6488 mode 2
Event: 107.812 Thread 0x000001ee5f11e800 Thread added: 0x000001ee5f11e800
Event: 107.814 Thread 0x000001ee5f11e800 Thread exited: 0x000001ee5f11e800


Dynamic libraries:
0x00007ff7b9990000 - 0x00007ff7b99c0000 	D:\Vivado\Vivado\2019.2\bin\unwrapped\win64.o\vivado.exe
0x00007ffcda370000 - 0x00007ffcda565000 	C:\Windows\SYSTEM32\ntdll.dll
0x00007ffcd9f30000 - 0x00007ffcd9fee000 	C:\Windows\System32\KERNEL32.DLL
0x00007ffcd7d90000 - 0x00007ffcd8058000 	C:\Windows\System32\KERNELBASE.dll
0x00007ffcd8290000 - 0x00007ffcd8390000 	C:\Windows\System32\ucrtbase.dll
0x00007ffc84b70000 - 0x00007ffc85ab3000 	D:\Vivado\Vivado\2019.2\lib\win64.o\librdi_common.dll
0x00007ffcccb90000 - 0x00007ffcccc1d000 	C:\Windows\SYSTEM32\MSVCP140.dll
0x00007ffcd9ff0000 - 0x00007ffcda191000 	C:\Windows\System32\USER32.dll
0x00007ffcd8390000 - 0x00007ffcd83b2000 	C:\Windows\System32\win32u.dll
0x00007ffcd9660000 - 0x00007ffcd968b000 	C:\Windows\System32\GDI32.dll
0x00007ffcd8060000 - 0x00007ffcd816b000 	C:\Windows\System32\gdi32full.dll
0x00007ffcccb70000 - 0x00007ffcccb8b000 	C:\Windows\SYSTEM32\VCRUNTIME140.dll
0x00007ffcd2150000 - 0x00007ffcd2164000 	D:\Vivado\Vivado\2019.2\lib\win64.o\libboost_signals.dll
0x00007ffcd2100000 - 0x00007ffcd2116000 	D:\Vivado\Vivado\2019.2\lib\win64.o\librdi_commonmain.dll
0x00007ffcd8170000 - 0x00007ffcd820d000 	C:\Windows\System32\msvcp_win.dll
0x00007ffcd8550000 - 0x00007ffcd85fc000 	C:\Windows\System32\ADVAPI32.dll
0x00007ffcd8450000 - 0x00007ffcd84ee000 	C:\Windows\System32\msvcrt.dll
0x00007ffcd8ec0000 - 0x00007ffcd8f5b000 	C:\Windows\System32\sechost.dll
0x00007ffcd8f60000 - 0x00007ffcd908a000 	C:\Windows\System32\RPCRT4.dll
0x00007ffcd8600000 - 0x00007ffcd8d3f000 	C:\Windows\System32\SHELL32.dll
0x00007ffcd8210000 - 0x00007ffcd8237000 	C:\Windows\System32\bcrypt.dll
0x00007ffcc8540000 - 0x00007ffcc88ae000 	D:\Vivado\Vivado\2019.2\lib\win64.o\libCOIN-all.dll
0x00007ffcd20b0000 - 0x00007ffcd20c4000 	D:\Vivado\Vivado\2019.2\lib\win64.o\libboost_date_time.dll
0x00007ffcc94c0000 - 0x00007ffcc94e6000 	D:\Vivado\Vivado\2019.2\lib\win64.o\libboost_filesystem.dll
0x00007ffcc92d0000 - 0x00007ffcc934f000 	D:\Vivado\Vivado\2019.2\lib\win64.o\libboost_program_options.dll
0x00007ffcc2310000 - 0x00007ffcc2424000 	D:\Vivado\Vivado\2019.2\lib\win64.o\libboost_regex.dll
0x00007ffcd2190000 - 0x00007ffcd219b000 	D:\Vivado\Vivado\2019.2\lib\win64.o\libboost_system.dll
0x00007ffcd21a0000 - 0x00007ffcd21ac000 	C:\Windows\SYSTEM32\VCRUNTIME140_1.dll
0x00007ffcc8510000 - 0x00007ffcc8531000 	D:\Vivado\Vivado\2019.2\lib\win64.o\libboost_thread.dll
0x00007ffcd20f0000 - 0x00007ffcd20ff000 	D:\Vivado\Vivado\2019.2\lib\win64.o\libboost_xilinx.dll
0x00007ffcc8480000 - 0x00007ffcc8502000 	D:\Vivado\Vivado\2019.2\lib\win64.o\libhdlpsolve.dll
0x00007ffcc7660000 - 0x00007ffcc7705000 	D:\Vivado\Vivado\2019.2\lib\win64.o\libhdxml.dll
0x00007ffc83f70000 - 0x00007ffc84b6c200 	D:\Vivado\Vivado\2019.2\lib\win64.o\libisl_iostreams.dll
0x00007ffcc81e0000 - 0x00007ffcc820e000 	D:\Vivado\Vivado\2019.2\lib\win64.o\libisl_sysinfo.dll
0x00007ffcd9d10000 - 0x00007ffcd9d7b000 	C:\Windows\System32\WS2_32.dll
0x00007ffcbc090000 - 0x00007ffcbc0f5000 	D:\Vivado\Vivado\2019.2\lib\win64.o\liblmx6.0.dll
0x00007ffccf3d0000 - 0x00007ffccf3ea000 	D:\Vivado\Vivado\2019.2\lib\win64.o\pthreadVC2.dll
0x00007ffcc95a0000 - 0x00007ffcc95bc000 	D:\Vivado\Vivado\2019.2\lib\win64.o\librdiconfig.dll
0x00007ffcbbee0000 - 0x00007ffcbc081000 	D:\Vivado\Vivado\2019.2\lib\win64.o\librdi_commonxillic.dll
0x00007ffcc6830000 - 0x00007ffcc6851000 	D:\Vivado\Vivado\2019.2\lib\win64.o\librdizlib.dll
0x0000000012000000 - 0x0000000012270000 	D:\Vivado\Vivado\2019.2\lib\win64.o\xerces-c_3_1.dll
0x000000006f820000 - 0x000000006f94b000 	D:\Vivado\Vivado\2019.2\lib\win64.o\tcl85t.dll
0x00007ffcca7a0000 - 0x00007ffcca7aa000 	D:\Vivado\Vivado\2019.2\lib\win64.o\librdi_commonversion.dll
0x00007ffccbdb0000 - 0x00007ffccbdc8000 	C:\Windows\SYSTEM32\NETAPI32.dll
0x00007ffccbfa0000 - 0x00007ffccc478000 	C:\Windows\SYSTEM32\WININET.dll
0x00007ffcd2290000 - 0x00007ffcd239c000 	C:\Windows\SYSTEM32\WINHTTP.dll
0x00007ffccd2a0000 - 0x00007ffccd48b000 	C:\Windows\SYSTEM32\urlmon.dll
0x00007ffcc4c70000 - 0x00007ffcc4c79000 	C:\Windows\SYSTEM32\WSOCK32.dll
0x00007ffcc1f20000 - 0x00007ffcc1f51000 	C:\Windows\SYSTEM32\VCOMP140.DLL
0x00007ffc830d0000 - 0x00007ffc83f61000 	D:\Vivado\Vivado\2019.2\lib\win64.o\gurobi65.dll
0x00007ffcc9580000 - 0x00007ffcc958d000 	D:\Vivado\Vivado\2019.2\lib\win64.o\libboost_chrono.dll
0x00007ffcc9540000 - 0x00007ffcc955b000 	D:\Vivado\Vivado\2019.2\lib\win64.o\libboost_iostreams.dll
0x00007ffcc67b0000 - 0x00007ffcc67d5000 	D:\Vivado\Vivado\2019.2\lib\win64.o\libisl_iosutils.dll
0x00007ffcccfc0000 - 0x00007ffccd270000 	C:\Windows\SYSTEM32\iertutil.dll
0x00007ffcbb2d0000 - 0x00007ffcbb5ab000 	D:\Vivado\Vivado\2019.2\lib\win64.o\libXil_lmgr11.dll
0x00007ffcd9690000 - 0x00007ffcd99e5000 	C:\Windows\System32\combase.dll
0x00007ffccd270000 - 0x00007ffccd298000 	C:\Windows\SYSTEM32\srvcli.dll
0x00007ffcd6f70000 - 0x00007ffcd6f7c000 	C:\Windows\SYSTEM32\netutils.dll
0x00007ffcda250000 - 0x00007ffcda32a000 	C:\Windows\System32\COMDLG32.dll
0x00007ffcd8d40000 - 0x00007ffcd8ded000 	C:\Windows\System32\shcore.dll
0x00007ffcd9b30000 - 0x00007ffcd9b85000 	C:\Windows\System32\SHLWAPI.dll
0x00007ffcd8df0000 - 0x00007ffcd8ebd000 	C:\Windows\System32\OLEAUT32.dll
0x00007ffcd9a00000 - 0x00007ffcd9b2a000 	C:\Windows\System32\ole32.dll
0x00007ffcd7d30000 - 0x00007ffcd7d90000 	C:\Windows\System32\WINTRUST.dll
0x00007ffcd03b0000 - 0x00007ffcd0460000 	C:\Windows\WinSxS\amd64_microsoft.windows.common-controls_6595b64144ccf1df_5.82.19041.1110_none_792d1c772443f647\COMCTL32.dll
0x00007ffcd7b20000 - 0x00007ffcd7c76000 	C:\Windows\System32\CRYPT32.dll
0x00007ffcd1b00000 - 0x00007ffcd1b1d000 	C:\Windows\SYSTEM32\dhcpcsvc.DLL
0x00007ffcd9bb0000 - 0x00007ffcd9be0000 	C:\Windows\System32\IMM32.DLL
0x00007ffcd7600000 - 0x00007ffcd7612000 	C:\Windows\SYSTEM32\MSASN1.dll
0x00007ffcd6310000 - 0x00007ffcd6322000 	C:\Windows\SYSTEM32\kernel.appcore.dll
0x00007ffc93340000 - 0x00007ffc93857000 	D:\Vivado\Vivado\2019.2\lib\win64.o\librdi_commontasks.dll
0x00007ffcd2630000 - 0x00007ffcd263a000 	C:\Windows\SYSTEM32\VERSION.dll
0x000000006edf0000 - 0x000000006f815000 	D:\Vivado\Vivado\2019.2\tps\win64\jre9.0.4\bin\server\jvm.dll
0x00007ffcd99f0000 - 0x00007ffcd99f8000 	C:\Windows\System32\PSAPI.DLL
0x00007ffc94780000 - 0x00007ffc94a63000 	D:\Vivado\Vivado\2019.2\lib\win64.o\librdi_sio.dll
0x00007ffcbe8f0000 - 0x00007ffcbe917000 	C:\Windows\SYSTEM32\WINMM.dll
0x00007ffcbbdf0000 - 0x00007ffcbbedf000 	C:\Windows\SYSTEM32\MSVCR120.dll
0x00007ffcd6e60000 - 0x00007ffcd6e9b000 	C:\Windows\SYSTEM32\IPHLPAPI.DLL
0x00007ffcd7170000 - 0x00007ffcd71da000 	C:\Windows\SYSTEM32\MSWSOCK.DLL
0x00007ffcd5890000 - 0x00007ffcd6020000 	C:\Windows\SYSTEM32\windows.storage.dll
0x00007ffcd7470000 - 0x00007ffcd749e000 	C:\Windows\SYSTEM32\Wldp.dll
0x00007ffc5c430000 - 0x00007ffc5eb75000 	D:\Vivado\Vivado\2019.2\lib\win64.o\librdi_tcltasks.dll
0x00007ffc82c10000 - 0x00007ffc830c4000 	D:\Vivado\Vivado\2019.2\lib\win64.o\librdi_bitstream.dll
0x00007ffc9e1c0000 - 0x00007ffc9e35d000 	D:\Vivado\Vivado\2019.2\lib\win64.o\librdi_board.dll
0x00007ffcbbd70000 - 0x00007ffcbbdeb000 	D:\Vivado\Vivado\2019.2\lib\win64.o\librdi_boarddep.dll
0x00007ffc99240000 - 0x00007ffc99392000 	D:\Vivado\Vivado\2019.2\lib\win64.o\librdi_cd_client.dll
0x00007ffcbbae0000 - 0x00007ffcbbbcf000 	D:\Vivado\Vivado\2019.2\lib\win64.o\librdi_chipscope.dll
0x00007ffc94310000 - 0x00007ffc944d0000 	D:\Vivado\Vivado\2019.2\lib\win64.o\librdi_chipscopeimpl.dll
0x00007ffc6a0a0000 - 0x00007ffc6bb7a000 	D:\Vivado\Vivado\2019.2\lib\win64.o\librdi_constraints.dll
0x00007ffc93010000 - 0x00007ffc93334000 	D:\Vivado\Vivado\2019.2\lib\win64.o\librdi_containers.dll
0x00007ffc7f700000 - 0x00007ffc7fdd9000 	D:\Vivado\Vivado\2019.2\lib\win64.o\librdi_coregenipxact.dll
0x00007ffc5a440000 - 0x00007ffc5c430000 	D:\Vivado\Vivado\2019.2\lib\win64.o\librdi_coregen.dll
0x00007ffc92a90000 - 0x00007ffc92dda000 	D:\Vivado\Vivado\2019.2\lib\win64.o\librdi_dlyest.dll
0x00007ffc7bb50000 - 0x00007ffc7c11d000 	D:\Vivado\Vivado\2019.2\lib\win64.o\librdi_drc.dll
0x00007ffcbb200000 - 0x00007ffcbb2c4000 	D:\Vivado\Vivado\2019.2\lib\win64.o\librdi_dsp.dll
0x00007ffc7b4e0000 - 0x00007ffc7bb4b000 	D:\Vivado\Vivado\2019.2\lib\win64.o\librdi_filemgmt.dll
0x00007ffc7c660000 - 0x00007ffc7c970000 	D:\Vivado\Vivado\2019.2\lib\win64.o\librdi_guitools.dll
0x00007ffcbaff0000 - 0x00007ffcbb05a000 	D:\Vivado\Vivado\2019.2\lib\win64.o\librdi_hdf.dll
0x00007ffc56170000 - 0x00007ffc5a43b000 	D:\Vivado\Vivado\2019.2\lib\win64.o\librdi_designutils.dll
0x00007ffc93da0000 - 0x00007ffc93fc0000 	D:\Vivado\Vivado\2019.2\lib\win64.o\librdi_hip_devdesign.dll
0x00007ffc8c6f0000 - 0x00007ffc8c838000 	D:\Vivado\Vivado\2019.2\lib\win64.o\librdi_hip_perf_analysis.dll
0x00007ffc3fe50000 - 0x00007ffc415bd000 	D:\Vivado\Vivado\2019.2\lib\win64.o\librdi_implflow.dll
0x00007ffc7aea0000 - 0x00007ffc7b4d1000 	D:\Vivado\Vivado\2019.2\lib\win64.o\librdi_memdata.dll
0x00007ffcba000000 - 0x00007ffcba074000 	D:\Vivado\Vivado\2019.2\lib\win64.o\librdi_memoryarray.dll
0x00007ffc415c0000 - 0x00007ffc5616b000 	D:\Vivado\Vivado\2019.2\lib\win64.o\librdi_device.dll
0x00007ffc3d080000 - 0x00007ffc3fe4b000 	D:\Vivado\Vivado\2019.2\lib\win64.o\librdi_mig.dll
0x00007ffcbdf80000 - 0x00007ffcbdfcc000 	D:\Vivado\Vivado\2019.2\lib\win64.o\librdi_pfi.dll
0x00007ffc79310000 - 0x00007ffc799f3000 	D:\Vivado\Vivado\2019.2\lib\win64.o\librdi_netlist.dll
0x00007ffc78f60000 - 0x00007ffc7927b000 	D:\Vivado\Vivado\2019.2\lib\win64.o\librdi_platform.dll
0x00007ffc3a7b0000 - 0x00007ffc3d077000 	D:\Vivado\Vivado\2019.2\lib\win64.o\librdi_place.dll
0x00007ffc78750000 - 0x00007ffc78f5b000 	D:\Vivado\Vivado\2019.2\lib\win64.o\librdi_power.dll
0x00007ffc76ce0000 - 0x00007ffc7729a000 	D:\Vivado\Vivado\2019.2\lib\win64.o\librdi_project.dll
0x00007ffc765a0000 - 0x00007ffc76cd3000 	D:\Vivado\Vivado\2019.2\lib\win64.o\librdi_psta.dll
0x00007ffc75350000 - 0x00007ffc75a11000 	D:\Vivado\Vivado\2019.2\lib\win64.o\librdi_rsb.dll
0x00007ffc76170000 - 0x00007ffc76593000 	D:\Vivado\Vivado\2019.2\lib\win64.o\librdi_runs.dll
0x00007ffc8da40000 - 0x00007ffc8db48000 	D:\Vivado\Vivado\2019.2\lib\win64.o\librdi_runsbase.dll
0x00007ffc816f0000 - 0x00007ffc81965000 	D:\Vivado\Vivado\2019.2\lib\win64.o\librdi_simdata.dll
0x00007ffc39920000 - 0x00007ffc3a7ad000 	D:\Vivado\Vivado\2019.2\lib\win64.o\librdi_timing.dll
0x00007ffc827f0000 - 0x00007ffc82990000 	D:\Vivado\Vivado\2019.2\lib\win64.o\librdi_cd_protocol.dll
0x00007ffc7f550000 - 0x00007ffc7f6f1000 	D:\Vivado\Vivado\2019.2\lib\win64.o\librdi_advchipscopeimpl.dll
0x00007ffcbba90000 - 0x00007ffcbbadc000 	D:\Vivado\Vivado\2019.2\lib\win64.o\libboost_serialization.dll
0x00007ffcb9010000 - 0x00007ffcb90e7000 	D:\Vivado\Vivado\2019.2\lib\win64.o\librdi_ipconfig_readwrite.dll
0x00007ffcbafa0000 - 0x00007ffcbafea000 	D:\Vivado\Vivado\2019.2\lib\win64.o\librdi_noc_frameworks.dll
0x00007ffc745d0000 - 0x00007ffc75117000 	D:\Vivado\Vivado\2019.2\lib\win64.o\libverific.dll
0x00007ffcb9f60000 - 0x00007ffcb9ffe000 	D:\Vivado\Vivado\2019.2\lib\win64.o\libise.dll
0x00007ffcb8e20000 - 0x00007ffcb8e6a000 	D:\Vivado\Vivado\2019.2\lib\win64.o\librdi_wavedata_SimpleApi.dll
0x00007ffc39300000 - 0x00007ffc3991b000 	D:\Vivado\Vivado\2019.2\lib\win64.o\librdi_wavedata.dll
0x00007ffc7ee50000 - 0x00007ffc7f034000 	D:\Vivado\Vivado\2019.2\lib\win64.o\librdi_hip_config.dll

VM Arguments:
jvm_args: -Dsun.java2d.pmoffscreen=false -Dsun.java2d.xrender=false -Dsun.java2d.d3d=false -Dsun.awt.nopixfmt=true -Dsun.java2d.dpiaware=true -Dsun.java2d.uiScale.enabled=false -Xverify:none -Dswing.aatext=true -XX:-UsePerfData -Djdk.map.althashing.threshold=512 -XX:StringTableSize=4072 --add-opens=java.base/java.nio=ALL-UNNAMED --add-opens=java.desktop/sun.swing=ALL-UNNAMED --add-opens=java.desktop/javax.swing=ALL-UNNAMED --add-opens=java.desktop/javax.swing.tree=ALL-UNNAMED --add-opens=java.desktop/javax.swing.plaf.basic=ALL-UNNAMED --add-opens=java.desktop/javax.swing.plaf.synth=ALL-UNNAMED --add-opens=java.desktop/com.sun.awt=ALL-UNNAMED -XX:NewSize=60m -XX:MaxNewSize=60m -Xms128m -Xmx3072m -Xss5m 
java_command: <unknown>
java_class_path (initial): D:/Vivado/Vivado/2019.2\lib\classes\alloy.jar;D:/Vivado/Vivado/2019.2\lib\classes\autoesl-common.jar;D:/Vivado/Vivado/2019.2\lib\classes\autoesl-models.jar;D:/Vivado/Vivado/2019.2\lib\classes\autoesl-report.jar;D:/Vivado/Vivado/2019.2\lib\classes\autopilot.scelaborator.jar;D:/Vivado/Vivado/2019.2\lib\classes\autopilot.sourceprocessor.jar;D:/Vivado/Vivado/2019.2\lib\classes\autopilot.tbprocessor.jar;D:/Vivado/Vivado/2019.2\lib\classes\batik-anim.jar;D:/Vivado/Vivado/2019.2\lib\classes\batik-awt-util.jar;D:/Vivado/Vivado/2019.2\lib\classes\batik-bridge.jar;D:/Vivado/Vivado/2019.2\lib\classes\batik-codec.jar;D:/Vivado/Vivado/2019.2\lib\classes\batik-css.jar;D:/Vivado/Vivado/2019.2\lib\classes\batik-dom.jar;D:/Vivado/Vivado/2019.2\lib\classes\batik-ext.jar;D:/Vivado/Vivado/2019.2\lib\classes\batik-gui-util.jar;D:/Vivado/Vivado/2019.2\lib\classes\batik-gvt.jar;D:/Vivado/Vivado/2019.2\lib\classes\batik-parser.jar;D:/Vivado/Vivado/2019.2\lib\classes\batik-script.jar;D:/Vivado/Vivado/2019.2\lib\classes\batik-svg-dom.jar;D:/Vivado/Vivado/2019.2\lib\classes\batik-swing.jar;D:/Vivado/Vivado/2019.2\lib\classes\batik-transcoder.jar;D:/Vivado/Vivado/2019.2\lib\classes\batik-util.jar;D:/Vivado/Vivado/2019.2\lib\classes\batik-xml.jar;D:/Vivado/Vivado/2019.2\lib\classes\com.google.gson_2.7.0.v20170129-0911.jar;D:/Vivado/Vivado/2019.2\lib\classes\com.google.guava_21.0.0.v20170206-1425.jar;D:/Vivado/Vivado/2019.2\lib\classes\com.ibm.icu_4.4.2.v20110208.jar;D:/Vivado/Vivado/2019.2\lib\classes\com.sigasi.hdt.connection_4.5.0.201909241521.jar;D:/Vivado/Vivado/2019.2\lib\classes\com.sigasi.hdt.epl_4.5.0.201909241521.jar;D:/Vivado/Vivado/2019.2\lib\classes\com.sigasi.hdt.project_4.5.0.201909241521.jar;D:/Vivado/Vivado/2019.2\lib\classes\com.sigasi.hdt.readonlyfilesystem_4.5.0.201909241521.jar;D:/Vivado/Vivado/2019.2\lib\classes\com.sigasi.lcm_4.5.0.201909241521.jar;D:/Vivado/Vivado/2019.2\lib\classes\com.sigasi.sdk.client_4.5.0.201909241521.jar;D:/Vivado/Vivado
Launcher Type: generic

Logging:
Log output configuration:
#0: stdout all=warning uptime,level,tags
#1: stderr all=off uptime,level,tags

Environment Variables:
PATH=D:/Vivado/Vivado/2019.2\gnuwin\bin;D:/Vivado/Vivado/2019.2\gnu\microblaze\nt\bin;D:/Vivado/Vivado/2019.2/bin;D:/Vivado/Vivado/2019.2/lib/win64.o;D:/Vivado/Vivado/2019.2/tps/win64/jre9.0.4/bin/server;D:/Vivado/Vivado/2019.2/tps/win64/jre9.0.4/bin;D:/Vivado/Vivado/2019.2/ids_lite/ISE/bin/nt64;D:/Vivado/Vivado/2019.2/ids_lite/ISE/lib/nt64;C:\Program Files (x86)\NVIDIA Corporation\PhysX\Common;D:\Vmware\bin\;C:\Program Files (x86)\Common Files\Oracle\Java\javapath;C:\Windows\system32;C:\Windows;C:\Windows\System32\Wbem;C:\Windows\System32\WindowsPowerShell\v1.0\;C:\Windows\System32\OpenSSH\;C:\Users\80601\AppData\Local\Microsoft\WindowsApps;D:\Microsoft VS Code\bin;C:\Program Files\x86_64-8.1.0-release-win32-seh-rt_v6-rev0\mingw64\bin;;D:/Vivado/Vivado/2019.2\tps\mingw\6.2.0\win64.o\nt\bin;D:/Vivado/Vivado/2019.2\tps\mingw\6.2.0\win64.o\nt\libexec\gcc\x86_64-w64-mingw32\6.2.0;D:/Vivado/Vivado/2019.2\tps\win64\python-2.7.5;D:/Vivado/Vivado/2019.2\tps\win64\python-2.7.5\bin;D:/Vivado/Vivado/2019.2\tps\win64\python-2.7.5\lib;D:/Vivado/Vivado/2019.2\tps\win64\python-2.7.5\Lib\lib-tk;D:/Vivado/Vivado/2019.2\tps\win64\python-2.7.5\lib\site-packages
USERNAME=80601
OS=Windows_NT
PROCESSOR_IDENTIFIER=Intel64 Family 6 Model 165 Stepping 2, GenuineIntel



---------------  S Y S T E M  ---------------

OS: Windows 10 , 64 bit Build 19041 (10.0.19041.1348)

CPU:total 16 (initial active 16) (8 cores per cpu, 2 threads per core) family 6 model 165 stepping 2, cmov, cx8, fxsr, mmx, sse, sse2, sse3, ssse3, sse4.1, sse4.2, popcnt, avx, avx2, aes, clmul, erms, 3dnowpref, lzcnt, ht, tsc, tscinvbit, bmi1, bmi2, adx, fma

Memory: 4k page, physical 16681776k(8703848k free), swap 24021808k(12028144k free)

vm_info: Java HotSpot(TM) 64-Bit Server VM (9.0.4+11) for windows-amd64 JRE (9.0.4+11), built on Dec 20 2017 02:18:54 by "mach5one" with MS VC++ 12.0 (VS2013)

END.
