#
# A fatal error has been detected by the Java Runtime Environment:
#
#  EXCEPTION_ACCESS_VIOLATION (0xc0000005) at pc=0x00007ffc0caddd98, pid=7388, tid=18096
#
# JRE version: Java(TM) SE Runtime Environment (9.0+11) (build 9.0.4+11)
# Java VM: Java HotSpot(TM) 64-Bit Server VM (9.0.4+11, mixed mode, tiered, compressed oops, g1 gc, windows-amd64)
# Problematic frame:
# C  0x00007ffc0caddd98
#
# No core dump will be written. Minidumps are not enabled by default on client versions of Windows
#
# If you would like to submit a bug report, please visit:
#   http://bugreport.java.com/bugreport/crash.jsp
# The crash happened outside the Java Virtual Machine in native code.
# See problematic frame for where to report the bug.
#

---------------  S U M M A R Y ------------

Command Line: -Dsun.java2d.pmoffscreen=false -Dsun.java2d.xrender=false -Dsun.java2d.d3d=false -Dsun.awt.nopixfmt=true -Dsun.java2d.dpiaware=true -Dsun.java2d.uiScale.enabled=false -Xverify:none -Dswing.aatext=true -XX:-UsePerfData -Djdk.map.althashing.threshold=512 -XX:StringTableSize=4072 --add-opens=java.base/java.nio=ALL-UNNAMED --add-opens=java.desktop/sun.swing=ALL-UNNAMED --add-opens=java.desktop/javax.swing=ALL-UNNAMED --add-opens=java.desktop/javax.swing.tree=ALL-UNNAMED --add-opens=java.desktop/javax.swing.plaf.basic=ALL-UNNAMED --add-opens=java.desktop/javax.swing.plaf.synth=ALL-UNNAMED --add-opens=java.desktop/com.sun.awt=ALL-UNNAMED -XX:NewSize=60m -XX:MaxNewSize=60m -Xms128m -Xmx3072m -Xss5m 

Host: Intel(R) Core(TM) i7-10875H CPU @ 2.30GHz, 16 cores, 15G,  Windows 10 , 64 bit Build 19041 (10.0.19041.1202)
Time: Wed Oct 20 01:03:30 2021 ?D1¨²¡À¨º¡Á?¨º¡À?? elapsed time: 2705 seconds (0d 0h 45m 5s)

---------------  T H R E A D  ---------------

Current thread (0x00000284f7888800):  JavaThread "AWT-EventQueue-1" [_thread_in_native, id=18096, stack(0x000000c83b300000,0x000000c83b800000)]

Stack: [0x000000c83b300000,0x000000c83b800000],  sp=0x000000c83b7f4618,  free space=5073k
Native frames: (J=compiled Java code, j=interpreted, Vv=VM code, C=native code)
C  0x00007ffc0caddd98

Java frames: (J=compiled Java code, j=interpreted, Vv=VM code)
J 23647  ui.views.waveform.waveformi.WVExecutive_getNameDataSize(J)J (0 bytes) @ 0x00000284891e92a1 [0x00000284891e9260+0x0000000000000041]
J 23646 c1 ui.views.waveform.executive.a.hat()Lui/views/waveform/executive/protobuf/WVNameValue$WVNameTreeMessage; (70 bytes) @ 0x0000028483776024 [0x0000028483775fa0+0x0000000000000084]
J 23645 c1 ui.views.waveform.f.a.haX()Ljavax/swing/tree/TreeModel; (136 bytes) @ 0x0000028483777754 [0x0000028483777640+0x0000000000000114]
J 23851 c1 ui.views.waveform.f.a.cZO()V (54 bytes) @ 0x00000284837fcd7c [0x00000284837fcd00+0x000000000000007c]
J 23658 c1 ui.views.waveform.w.cZO()V (38 bytes) @ 0x0000028483784cb4 [0x0000028483784300+0x00000000000009b4]
J 23343 c1 ui.views.waveform.c.b.j(Lui/frmwork/b/i;)V (603 bytes) @ 0x0000028482c7ccbc [0x0000028482c735a0+0x000000000000971c]
J 23342 c1 ui.views.waveform.w.a(Lui/frmwork/b/i;)V (17 bytes) @ 0x0000028481cd2f94 [0x0000028481cd2ec0+0x00000000000000d4]
J 23888 c2 ui.frmwork.G.i(JZ)V (471 bytes) @ 0x000002848925c930 [0x000002848925ba40+0x0000000000000ef0]
J 18983 c1 ui.frmwork.G.fireTclEvent(J)I (113 bytes) @ 0x0000028482d455cc [0x0000028482d44dc0+0x000000000000080c]
v  ~StubRoutines::call_stub
j  ui.views.waveform.waveformi.WVExecutive_setViewportSize(JII)V+0
j  ui.views.waveform.executive.a.eF(II)V+62
j  ui.views.waveform.c.b.gYT()V+131
j  ui.views.waveform.v.componentResized(Ljava/awt/event/ComponentEvent;)V+10
J 20463 c1 java.awt.AWTEventMulticaster.componentResized(Ljava/awt/event/ComponentEvent;)V java.desktop@9.0.4 (27 bytes) @ 0x00000284831613c4 [0x0000028483161000+0x00000000000003c4]
J 25324 c2 java.awt.Component.processComponentEvent(Ljava/awt/event/ComponentEvent;)V java.desktop@9.0.4 (82 bytes) @ 0x00000284893fcc0c [0x00000284893fcba0+0x000000000000006c]
J 23990 c2 java.awt.Container.processEvent(Ljava/awt/AWTEvent;)V java.desktop@9.0.4 (22 bytes) @ 0x000002848926c82c [0x000002848926c620+0x000000000000020c]
J 25475 c2 java.awt.Component.dispatchEventImpl(Ljava/awt/AWTEvent;)V java.desktop@9.0.4 (739 bytes) @ 0x00000284880bc890 [0x00000284880bbae0+0x0000000000000db0]
J 24290 c2 java.awt.Container.dispatchEventImpl(Ljava/awt/AWTEvent;)V java.desktop@9.0.4 (129 bytes) @ 0x00000284892fee38 [0x00000284892fede0+0x0000000000000058]
J 14217 c2 java.awt.EventQueue$3.run()Ljava/lang/Object; java.desktop@9.0.4 (5 bytes) @ 0x00000284888154d4 [0x0000028488815320+0x00000000000001b4]
v  ~StubRoutines::call_stub
J 4227  java.security.AccessController.doPrivileged(Ljava/security/PrivilegedAction;Ljava/security/AccessControlContext;)Ljava/lang/Object; java.base@9.0.4 (0 bytes) @ 0x0000028487e435c6 [0x0000028487e43560+0x0000000000000066]
J 16093 c2 java.awt.EventQueue$4.run()Ljava/lang/Object; java.desktop@9.0.4 (5 bytes) @ 0x000002848897a7c0 [0x000002848897a560+0x0000000000000260]
v  ~StubRoutines::call_stub
J 4227  java.security.AccessController.doPrivileged(Ljava/security/PrivilegedAction;Ljava/security/AccessControlContext;)Ljava/lang/Object; java.base@9.0.4 (0 bytes) @ 0x0000028487e435c6 [0x0000028487e43560+0x0000000000000066]
J 14210 c2 ui.frmwork.b.d.dispatchEvent(Ljava/awt/AWTEvent;)V (34 bytes) @ 0x0000028488801b30 [0x0000028488801500+0x0000000000000630]
J 22874 c2 java.awt.EventDispatchThread.pumpOneEventForFilters(I)V java.desktop@9.0.4 (218 bytes) @ 0x00000284890c4cd8 [0x00000284890c4980+0x0000000000000358]
J 23740 c2 java.awt.EventDispatchThread.pumpEventsForFilter(ILjava/awt/Conditional;Ljava/awt/EventFilter;)V java.desktop@9.0.4 (47 bytes) @ 0x0000028489212e10 [0x0000028489212c60+0x00000000000001b0]
j  java.awt.EventDispatchThread.pumpEventsForFilter(Ljava/awt/Conditional;Ljava/awt/EventFilter;)V+4 java.desktop@9.0.4
j  java.awt.WaitDispatchSupport$2.run()V+59 java.desktop@9.0.4
j  java.awt.WaitDispatchSupport$4.run()Ljava/lang/Void;+4 java.desktop@9.0.4
j  java.awt.WaitDispatchSupport$4.run()Ljava/lang/Object;+1 java.desktop@9.0.4
v  ~StubRoutines::call_stub
J 1137  java.security.AccessController.doPrivileged(Ljava/security/PrivilegedAction;)Ljava/lang/Object; java.base@9.0.4 (0 bytes) @ 0x0000028487c08cb2 [0x0000028487c08c60+0x0000000000000052]
j  java.awt.WaitDispatchSupport.enter()Z+260 java.desktop@9.0.4
j  java.awt.Dialog.show()V+225 java.desktop@9.0.4
J 7624 c1 java.awt.Component.setVisible(Z)V java.desktop@9.0.4 (6 bytes) @ 0x000002848183b3cc [0x000002848183b1e0+0x00000000000001ec]
j  java.awt.Window.setVisible(Z)V+2 java.desktop@9.0.4
j  java.awt.Dialog.setVisible(Z)V+2 java.desktop@9.0.4
j  ui.b.c.g.setVisible(Z)V+2
j  ui.b.c.bB.showDialog()V+64
j  ui.b.c.bI.actionPerformed(Ljava/awt/event/ActionEvent;)V+8
j  ui.b.c.bB.cSz()V+396
j  ui.views.c.t.b.a.run()V+60
j  ui.frmwork.a.epE()Z+66
j  ui.frmwork.Y.erq()V+42
j  ui.bm.actionPerformed(Ljava/awt/event/ActionEvent;)V+25
j  javax.swing.AbstractButton.fireActionPerformed(Ljava/awt/event/ActionEvent;)V+84 java.desktop@9.0.4
j  ui.utils.p.b.E.fireActionPerformed(Ljava/awt/event/ActionEvent;)V+7
j  javax.swing.AbstractButton$Handler.actionPerformed(Ljava/awt/event/ActionEvent;)V+5 java.desktop@9.0.4
j  javax.swing.DefaultButtonModel.fireActionPerformed(Ljava/awt/event/ActionEvent;)V+34 java.desktop@9.0.4
j  javax.swing.DefaultButtonModel.setPressed(Z)V+117 java.desktop@9.0.4
j  javax.swing.plaf.basic.BasicButtonListener.mouseReleased(Ljava/awt/event/MouseEvent;)V+35 java.desktop@9.0.4
j  com.jidesoft.plaf.basic.BasicJideButtonListener.mouseReleased(Ljava/awt/event/MouseEvent;)V+61
J 23080 c1 java.awt.AWTEventMulticaster.mouseReleased(Ljava/awt/event/MouseEvent;)V java.desktop@9.0.4 (27 bytes) @ 0x000002848363730c [0x0000028483637100+0x000000000000020c]
J 23080 c1 java.awt.AWTEventMulticaster.mouseReleased(Ljava/awt/event/MouseEvent;)V java.desktop@9.0.4 (27 bytes) @ 0x000002848363730c [0x0000028483637100+0x000000000000020c]
J 23080 c1 java.awt.AWTEventMulticaster.mouseReleased(Ljava/awt/event/MouseEvent;)V java.desktop@9.0.4 (27 bytes) @ 0x000002848363730c [0x0000028483637100+0x000000000000020c]
J 23080 c1 java.awt.AWTEventMulticaster.mouseReleased(Ljava/awt/event/MouseEvent;)V java.desktop@9.0.4 (27 bytes) @ 0x000002848363730c [0x0000028483637100+0x000000000000020c]
J 15886 c1 java.awt.Component.processMouseEvent(Ljava/awt/event/MouseEvent;)V java.desktop@9.0.4 (100 bytes) @ 0x000002848145a4b4 [0x000002848145a120+0x0000000000000394]
J 15888 c1 javax.swing.JComponent.processMouseEvent(Ljava/awt/event/MouseEvent;)V java.desktop@9.0.4 (27 bytes) @ 0x00000284812ceeec [0x00000284812cece0+0x000000000000020c]
J 23990 c2 java.awt.Container.processEvent(Ljava/awt/AWTEvent;)V java.desktop@9.0.4 (22 bytes) @ 0x000002848926c7b8 [0x000002848926c620+0x0000000000000198]
J 25475 c2 java.awt.Component.dispatchEventImpl(Ljava/awt/AWTEvent;)V java.desktop@9.0.4 (739 bytes) @ 0x00000284880bc890 [0x00000284880bbae0+0x0000000000000db0]
J 24290 c2 java.awt.Container.dispatchEventImpl(Ljava/awt/AWTEvent;)V java.desktop@9.0.4 (129 bytes) @ 0x00000284892fee38 [0x00000284892fede0+0x0000000000000058]
J 22573 c2 java.awt.LightweightDispatcher.retargetMouseEvent(Ljava/awt/Component;ILjava/awt/event/MouseEvent;)V java.desktop@9.0.4 (350 bytes) @ 0x000002848904b448 [0x000002848904aea0+0x00000000000005a8]
J 16362 c2 java.awt.LightweightDispatcher.processMouseEvent(Ljava/awt/event/MouseEvent;)Z java.desktop@9.0.4 (265 bytes) @ 0x00000284880a2d8c [0x00000284880a2620+0x000000000000076c]
J 23854 c2 java.awt.Window.dispatchEventImpl(Ljava/awt/AWTEvent;)V java.desktop@9.0.4 (23 bytes) @ 0x000002848924fa3c [0x000002848924f700+0x000000000000033c]
J 14217 c2 java.awt.EventQueue$3.run()Ljava/lang/Object; java.desktop@9.0.4 (5 bytes) @ 0x00000284888154d4 [0x0000028488815320+0x00000000000001b4]
v  ~StubRoutines::call_stub
J 4227  java.security.AccessController.doPrivileged(Ljava/security/PrivilegedAction;Ljava/security/AccessControlContext;)Ljava/lang/Object; java.base@9.0.4 (0 bytes) @ 0x0000028487e435c6 [0x0000028487e43560+0x0000000000000066]
J 16093 c2 java.awt.EventQueue$4.run()Ljava/lang/Object; java.desktop@9.0.4 (5 bytes) @ 0x000002848897a7c0 [0x000002848897a560+0x0000000000000260]
v  ~StubRoutines::call_stub
J 4227  java.security.AccessController.doPrivileged(Ljava/security/PrivilegedAction;Ljava/security/AccessControlContext;)Ljava/lang/Object; java.base@9.0.4 (0 bytes) @ 0x0000028487e435c6 [0x0000028487e43560+0x0000000000000066]
J 14210 c2 ui.frmwork.b.d.dispatchEvent(Ljava/awt/AWTEvent;)V (34 bytes) @ 0x0000028488801b30 [0x0000028488801500+0x0000000000000630]
J 22874 c2 java.awt.EventDispatchThread.pumpOneEventForFilters(I)V java.desktop@9.0.4 (218 bytes) @ 0x00000284890c4cd8 [0x00000284890c4980+0x0000000000000358]
J 23065% c2 java.awt.EventDispatchThread.pumpEventsForFilter(ILjava/awt/Conditional;Ljava/awt/EventFilter;)V java.desktop@9.0.4 (47 bytes) @ 0x0000028489109c58 [0x0000028489109b40+0x0000000000000118]
j  java.awt.EventDispatchThread.pumpEventsForHierarchy(ILjava/awt/Conditional;Ljava/awt/Component;)V+11 java.desktop@9.0.4
j  java.awt.EventDispatchThread.pumpEvents(ILjava/awt/Conditional;)V+4 java.desktop@9.0.4
j  java.awt.EventDispatchThread.pumpEvents(Ljava/awt/Conditional;)V+3 java.desktop@9.0.4
j  java.awt.EventDispatchThread.run()V+9 java.desktop@9.0.4
v  ~StubRoutines::call_stub

siginfo: EXCEPTION_ACCESS_VIOLATION (0xc0000005), data execution prevention violation at address 0x00007ffc0caddd98


Register to memory mapping:

RIP=0x00007ffc0caddd98 is an unknown value
RAX=0x00000284ae41ac40 is an unknown value
RBX=0x00000284ae41ac40 is an unknown value
RCX=0x00000284ae41ac40 is an unknown value
RDX=0x00007ffc0ca81620 is an unknown value
RSP=0x000000c83b7f4618 is pointing into the stack for thread: 0x00000284f7888800
RBP=0x000000c83b7f4699 is pointing into the stack for thread: 0x00000284f7888800
RSI=0x00007ffc0ca7b5f8 is an unknown value
RDI=0x000000c83b7f4748 is pointing into the stack for thread: 0x00000284f7888800
R8 =0x0000000000000006 is an unknown value
R9 =0x0000000000000000 is an unknown value
R10=0x00007ffc0c670000 is an unknown value
R11=0x000000c83b7f45f0 is pointing into the stack for thread: 0x00000284f7888800
R12=0x0000000000000000 is an unknown value
R13=0x000000c83b7f4860 is pointing into the stack for thread: 0x00000284f7888800
R14=0x00000284b25ead30 is an unknown value
R15=0x0000000000000000 is an unknown value


Registers:
RAX=0x00000284ae41ac40, RBX=0x00000284ae41ac40, RCX=0x00000284ae41ac40, RDX=0x00007ffc0ca81620
RSP=0x000000c83b7f4618, RBP=0x000000c83b7f4699, RSI=0x00007ffc0ca7b5f8, RDI=0x000000c83b7f4748
R8 =0x0000000000000006, R9 =0x0000000000000000, R10=0x00007ffc0c670000, R11=0x000000c83b7f45f0
R12=0x0000000000000000, R13=0x000000c83b7f4860, R14=0x00000284b25ead30, R15=0x0000000000000000
RIP=0x00007ffc0caddd98, EFLAGS=0x0000000000010202

Top of Stack: (sp=0x000000c83b7f4618)
0x000000c83b7f4618:   00007ffc0c8df5ce 000000c83b7f4a70
0x000000c83b7f4628:   00000284b25ead50 00007ffc0ca7b5f8
0x000000c83b7f4638:   000000c83b7f4748 0000000000000000
0x000000c83b7f4648:   00007ffc9206fde6 0000000000000000
0x000000c83b7f4658:   fffffffffffffffe 0000000000000000
0x000000c83b7f4668:   0000000000000000 0000000000000000
0x000000c83b7f4678:   000000000000000f 0000000000000000
0x000000c83b7f4688:   00007ffc459f95fe 0000000000000000
0x000000c83b7f4698:   000000000000000f 61007375422d7677
0x000000c83b7f46a8:   00007ffc453a0072 0000000000000006
0x000000c83b7f46b8:   000000000000000f 0000fd28f327b481
0x000000c83b7f46c8:   0000000000000000 00000284ae0007d0
0x000000c83b7f46d8:   0000000000000000 0000000000000000
0x000000c83b7f46e8:   000000c83b7f4a70 0000000000000000
0x000000c83b7f46f8:   00007ffc0c8debb0 000000c83b7f4a70
0x000000c83b7f4708:   00007ffc45aa8aad 000000c83b7f4a70 

Instructions: (pc=0x00007ffc0caddd98)
0x00007ffc0caddd78:   00 00 00 00 ff ff ff ff 00 00 00 00 40 00 00 00
0x00007ffc0caddd88:   38 dd 46 00 00 00 00 00 00 00 00 00 00 00 00 00
0x00007ffc0caddd98:   01 00 00 00 00 00 00 00 00 00 00 00 90 6b 5a 00
0x00007ffc0caddda8:   c0 dd 46 00 98 dd 46 00 00 00 00 00 00 00 00 00 



---------------  P R O C E S S  ---------------

Java Threads: ( => current thread )
  0x000002849c871800 JavaThread "Image Fetcher 0" daemon [_thread_blocked, id=8284, stack(0x000000c840e00000,0x000000c841300000)]
  0x000002849c86d000 JavaThread "Relaunch Simulation Thread" [_thread_blocked, id=14500, stack(0x000000c842f00000,0x000000c843400000)]
  0x000002849c877000 JavaThread "ForkJoinPool.commonPool-worker-25" daemon [_thread_blocked, id=13012, stack(0x000000c843e00000,0x000000c844300000)]
  0x000002849c86f800 JavaThread "Monitor File Timestamp Swing Worker Thread" [_thread_blocked, id=13840, stack(0x000000c843900000,0x000000c843e00000)]
  0x000002849c876000 JavaThread "Timer-6" [_thread_blocked, id=16612, stack(0x000000c843400000,0x000000c843900000)]
  0x000002849c871000 JavaThread "Timer-5" [_thread_blocked, id=16116, stack(0x000000c842a00000,0x000000c842f00000)]
  0x000002849c86a000 JavaThread "Monitor File Timestamp Swing Worker Thread" [_thread_blocked, id=3580, stack(0x000000c842500000,0x000000c842a00000)]
  0x000002849c86e800 JavaThread "Timer-3" [_thread_blocked, id=13796, stack(0x000000c842000000,0x000000c842500000)]
  0x00000284f77d5000 JavaThread "Swing-Shell" daemon [_thread_blocked, id=15508, stack(0x000000c83f200000,0x000000c83f700000)]
  0x00000284f77d4000 JavaThread "Monitor File Timestamp Swing Worker Thread" [_thread_blocked, id=5224, stack(0x000000c840600000,0x000000c840b00000)]
  0x00000284f77d3800 JavaThread "Timer-2" [_thread_blocked, id=18020, stack(0x000000c840100000,0x000000c840600000)]
  0x00000284f77d1000 JavaThread "Monitor File Timestamp Swing Worker Thread" [_thread_blocked, id=5996, stack(0x000000c83fc00000,0x000000c840100000)]
  0x00000284f77d2000 JavaThread "Timer-1" [_thread_blocked, id=9868, stack(0x000000c83f700000,0x000000c83fc00000)]
  0x00000284f77cb000 JavaThread "Monitor File Timestamp Swing Worker Thread" [_thread_blocked, id=9568, stack(0x000000c83e800000,0x000000c83ed00000)]
  0x00000284f77d0800 JavaThread "Timer-0" [_thread_blocked, id=14464, stack(0x000000c83e300000,0x000000c83e800000)]
  0x00000284f77c7800 JavaThread "Image Animator 3" daemon [_thread_blocked, id=16704, stack(0x000000c83de00000,0x000000c83e300000)]
  0x00000284f77c9800 JavaThread "SyntheticaAnimation 50" daemon [_thread_blocked, id=11544, stack(0x000000c83d400000,0x000000c83d900000)]
  0x00000284f77c8000 JavaThread "Update Runs Swing Worker Thread" [_thread_blocked, id=16444, stack(0x000000c83ed00000,0x000000c83f200000)]
  0x00000284f77cc800 JavaThread "hw_ila_monitor" [_thread_blocked, id=10616, stack(0x000000c83b800000,0x000000c83bd00000)]
  0x00000284f6da3000 JavaThread "Refresh Filesets Swing Worker Thread" [_thread_blocked, id=16484, stack(0x000000c83a400000,0x000000c83a900000)]
  0x00000284f6da2800 JavaThread "SyntheticaAnimation 70" daemon [_thread_blocked, id=8360, stack(0x000000c83d900000,0x000000c83de00000)]
  0x00000284f6da7800 JavaThread "SyntheticaAnimation 25" daemon [_thread_blocked, id=10784, stack(0x000000c83cf00000,0x000000c83d400000)]
  0x00000284f6da6000 JavaThread "SyntheticaAnimation 50" daemon [_thread_blocked, id=12144, stack(0x000000c83ca00000,0x000000c83cf00000)]
  0x00000284f6da5800 JavaThread "Monitor HEventQueue Thread" [_thread_blocked, id=16000, stack(0x000000c83c500000,0x000000c83ca00000)]
  0x00000284f6da4800 JavaThread "SyntheticaCleanerThread" daemon [_thread_blocked, id=16828, stack(0x000000c83bd00000,0x000000c83c200000)]
  0x00000284f6da4000 JavaThread "Batik CleanerThread" daemon [_thread_blocked, id=5936, stack(0x000000c83a900000,0x000000c83ae00000)]
=>0x00000284f7888800 JavaThread "AWT-EventQueue-1" [_thread_in_native, id=18096, stack(0x000000c83b300000,0x000000c83b800000)]
  0x000002849ab29000 JavaThread "AWT-Shutdown" [_thread_blocked, id=17964, stack(0x000000c83ae00000,0x000000c83b300000)]
  0x000002849ab28000 JavaThread "Process Messages Thread" [_thread_blocked, id=7248, stack(0x000000c839500000,0x000000c839a00000)]
  0x00000284f6faf800 JavaThread "Thread-1" [_thread_in_native, id=10308, stack(0x000000c832900000,0x000000c833d00000)]
  0x00000284f7657800 JavaThread "TimerQueue" daemon [_thread_blocked, id=14348, stack(0x000000c839f00000,0x000000c83a400000)]
  0x00000284f754f800 JavaThread "AWT-Windows" daemon [_thread_in_native, id=14984, stack(0x000000c839a00000,0x000000c839f00000)]
  0x00000284f6fae800 JavaThread "Java2D Disposer" daemon [_thread_blocked, id=16052, stack(0x000000c839000000,0x000000c839500000)]
  0x00000284f2bd2000 JavaThread "Service Thread" daemon [_thread_blocked, id=12740, stack(0x000000c838a00000,0x000000c838f00000)]
  0x00000284f6dce000 JavaThread "Common-Cleaner" daemon [_thread_blocked, id=1376, stack(0x000000c838500000,0x000000c838a00000)]
  0x00000284f6da8800 JavaThread "Sweeper thread" daemon [_thread_blocked, id=13568, stack(0x000000c838000000,0x000000c838500000)]
  0x00000284f6da1000 JavaThread "C1 CompilerThread11" daemon [_thread_blocked, id=720, stack(0x000000c837f00000,0x000000c838000000)]
  0x00000284f651d800 JavaThread "C1 CompilerThread10" daemon [_thread_blocked, id=12476, stack(0x000000c837e00000,0x000000c837f00000)]
  0x00000284f6519000 JavaThread "C1 CompilerThread9" daemon [_thread_blocked, id=15640, stack(0x000000c837d00000,0x000000c837e00000)]
  0x00000284f6514000 JavaThread "C1 CompilerThread8" daemon [_thread_blocked, id=2724, stack(0x000000c837c00000,0x000000c837d00000)]
  0x00000284f28d2800 JavaThread "C2 CompilerThread7" daemon [_thread_blocked, id=16212, stack(0x000000c837b00000,0x000000c837c00000)]
  0x00000284f6513800 JavaThread "C2 CompilerThread6" daemon [_thread_blocked, id=15244, stack(0x000000c837a00000,0x000000c837b00000)]
  0x00000284f6510800 JavaThread "C2 CompilerThread5" daemon [_thread_blocked, id=15100, stack(0x000000c837900000,0x000000c837a00000)]
  0x00000284f650d800 JavaThread "C2 CompilerThread4" daemon [_thread_blocked, id=16392, stack(0x000000c837800000,0x000000c837900000)]
  0x00000284f650a000 JavaThread "C2 CompilerThread3" daemon [_thread_blocked, id=17940, stack(0x000000c837700000,0x000000c837800000)]
  0x00000284f6509000 JavaThread "C2 CompilerThread2" daemon [_thread_blocked, id=2472, stack(0x000000c837600000,0x000000c837700000)]
  0x00000284f6508000 JavaThread "C2 CompilerThread1" daemon [_thread_blocked, id=16316, stack(0x000000c837500000,0x000000c837600000)]
  0x00000284f6505000 JavaThread "C2 CompilerThread0" daemon [_thread_blocked, id=13652, stack(0x000000c837400000,0x000000c837500000)]
  0x00000284f6501800 JavaThread "Attach Listener" daemon [_thread_blocked, id=2744, stack(0x000000c836f00000,0x000000c837400000)]
  0x00000284eed60800 JavaThread "Signal Dispatcher" daemon [_thread_blocked, id=14244, stack(0x000000c836a00000,0x000000c836f00000)]
  0x00000284f4c42800 JavaThread "Finalizer" daemon [_thread_blocked, id=15976, stack(0x000000c836500000,0x000000c836a00000)]
  0x00000284f4c41000 JavaThread "Reference Handler" daemon [_thread_blocked, id=13532, stack(0x000000c836000000,0x000000c836500000)]
  0x00000284f1591000 JavaThread "main" [_thread_blocked, id=17388, stack(0x000000c833f00000,0x000000c834000000)]

Other Threads:
  0x00000284f2890800 VMThread "VM Thread" [stack: 0x000000c835f00000,0x000000c836000000] [id=17624]
  0x00000284f6cd9000 WatcherThread [stack: 0x000000c838f00000,0x000000c839000000] [id=15728]
  0x00000284f5cdf800 GCTaskThread "GC Thread#0" [stack: 0x000000c834000000,0x000000c834100000] [id=10104]
  0x00000284f5cdf000 GCTaskThread "GC Thread#1" [stack: 0x000000c834100000,0x000000c834200000] [id=1496]
  0x00000284f5ce1800 GCTaskThread "GC Thread#2" [stack: 0x000000c834200000,0x000000c834300000] [id=9020]
  0x00000284f5cde800 GCTaskThread "GC Thread#3" [stack: 0x000000c834300000,0x000000c834400000] [id=15732]
  0x00000284f5ce0800 GCTaskThread "GC Thread#4" [stack: 0x000000c834400000,0x000000c834500000] [id=15072]
  0x00000284f5ce1000 GCTaskThread "GC Thread#5" [stack: 0x000000c834500000,0x000000c834600000] [id=9048]
  0x00000284f5cdc000 GCTaskThread "GC Thread#6" [stack: 0x000000c834600000,0x000000c834700000] [id=5412]
  0x00000284f5ce2000 GCTaskThread "GC Thread#7" [stack: 0x000000c834700000,0x000000c834800000] [id=13396]
  0x00000284f5cdb800 GCTaskThread "GC Thread#8" [stack: 0x000000c834800000,0x000000c834900000] [id=8480]
  0x00000284f5cdc800 GCTaskThread "GC Thread#9" [stack: 0x000000c834900000,0x000000c834a00000] [id=16836]
  0x00000284f5cdd000 GCTaskThread "GC Thread#10" [stack: 0x000000c834a00000,0x000000c834b00000] [id=10424]
  0x00000284f5cde000 GCTaskThread "GC Thread#11" [stack: 0x000000c834b00000,0x000000c834c00000] [id=15692]
  0x00000284f5cea000 GCTaskThread "GC Thread#12" [stack: 0x000000c834c00000,0x000000c834d00000] [id=6100]
  0x00000284f1bb9800 ConcurrentGCThread "G1 Main Marker" [stack: 0x000000c835b00000,0x000000c835c00000] [id=3852]
  0x00000284f5ce9800 ConcurrentGCThread "G1 Marker#0" [stack: 0x000000c835c00000,0x000000c835d00000] [id=9424]
  0x00000284f5ce3800 ConcurrentGCThread "G1 Marker#1" [stack: 0x000000c835d00000,0x000000c835e00000] [id=15140]
  0x00000284f5ce6800 ConcurrentGCThread "G1 Marker#2" [stack: 0x000000c835e00000,0x000000c835f00000] [id=16080]
  0x00000284f1b8b800 ConcurrentGCThread "G1 Refine#0" [stack: 0x000000c835900000,0x000000c835a00000] [id=1160]
  0x00000284f1b8d800 ConcurrentGCThread "G1 Refine#1" [stack: 0x000000c835800000,0x000000c835900000] [id=16380]
  0x00000284f185a800 ConcurrentGCThread "G1 Refine#2" [stack: 0x000000c835700000,0x000000c835800000] [id=10296]
  0x00000284f477d000 ConcurrentGCThread "G1 Refine#3" [stack: 0x000000c835600000,0x000000c835700000] [id=8912]
  0x00000284f477c800 ConcurrentGCThread "G1 Refine#4" [stack: 0x000000c835500000,0x000000c835600000] [id=12984]
  0x00000284f3813800 ConcurrentGCThread "G1 Refine#5" [stack: 0x000000c835400000,0x000000c835500000] [id=19296]
  0x00000284f3812800 ConcurrentGCThread "G1 Refine#6" [stack: 0x000000c835300000,0x000000c835400000] [id=16360]
  0x00000284f1c3f800 ConcurrentGCThread "G1 Refine#7" [stack: 0x000000c835200000,0x000000c835300000] [id=15392]
  0x00000284f1c3f000 ConcurrentGCThread "G1 Refine#8" [stack: 0x000000c835100000,0x000000c835200000] [id=17316]
  0x00000284f1c3e800 ConcurrentGCThread "G1 Refine#9" [stack: 0x000000c835000000,0x000000c835100000] [id=18352]
  0x00000284f1b14800 ConcurrentGCThread "G1 Refine#10" [stack: 0x000000c834f00000,0x000000c835000000] [id=15468]
  0x00000284f54f9800 ConcurrentGCThread "G1 Refine#11" [stack: 0x000000c834e00000,0x000000c834f00000] [id=6816]
  0x00000284f54f9000 ConcurrentGCThread "G1 Refine#12" [stack: 0x000000c834d00000,0x000000c834e00000] [id=19312]
  0x00000284f687a800 ConcurrentGCThread "G1 Young RemSet Sampling" [stack: 0x000000c835a00000,0x000000c835b00000] [id=14688]

Threads with active compile tasks:

VM state:not at safepoint (normal execution)

VM Mutex/Monitor currently owned by a thread: None

Heap address: 0x0000000700000000, size: 3072 MB, Compressed Oops mode: Zero based, Oop shift amount: 3
Narrow klass base: 0x0000000000000000, Narrow klass shift: 3
Compressed class space size: 1073741824 Address: 0x00000007c0000000

Heap:
 garbage-first heap   total 286720K, used 141653K [0x0000000700000000, 0x00000007001008c0, 0x00000007c0000000)
  region size 1024K, 53 young (54272K), 2 survivors (2048K)
 Metaspace       used 92885K, capacity 99919K, committed 100096K, reserved 1136640K
  class space    used 12564K, capacity 13772K, committed 13824K, reserved 1048576K
Heap Regions: E=young(eden), S=young(survivor), O=old, HS=humongous(starts), HC=humongous(continues), CS=collection set, F=free, A=archive, TS=gc time stamp, AC=allocation context, TAMS=top-at-mark-start (previous, next)
|   0|0x0000000700000000, 0x00000007000ecfa0, 0x0000000700100000| 92%| O|  |TS  0|AC  0|TAMS 0x0000000700000000, 0x0000000700000000|
|   1|0x0000000700100000, 0x00000007001d6cc8, 0x0000000700200000| 83%| O|  |TS  0|AC  0|TAMS 0x0000000700100000, 0x0000000700100000|
|   2|0x0000000700200000, 0x00000007002fd760, 0x0000000700300000| 99%| O|  |TS  0|AC  0|TAMS 0x0000000700200000, 0x0000000700200000|
|   3|0x0000000700300000, 0x00000007003ffe08, 0x0000000700400000| 99%| O|  |TS  0|AC  0|TAMS 0x0000000700300000, 0x0000000700300000|
|   4|0x0000000700400000, 0x0000000700500000, 0x0000000700500000|100%|HS|  |TS  0|AC  0|TAMS 0x0000000700400000, 0x0000000700400000|
|   5|0x0000000700500000, 0x0000000700600000, 0x0000000700600000|100%|HC|  |TS  0|AC  0|TAMS 0x0000000700500000, 0x0000000700500000|
|   6|0x0000000700600000, 0x0000000700700000, 0x0000000700700000|100%|HS|  |TS  0|AC  0|TAMS 0x0000000700600000, 0x0000000700600000|
|   7|0x0000000700700000, 0x00000007007f7b90, 0x0000000700800000| 96%| O|  |TS  0|AC  0|TAMS 0x0000000700700000, 0x0000000700700000|
|   8|0x0000000700800000, 0x00000007008fff30, 0x0000000700900000| 99%| O|  |TS  0|AC  0|TAMS 0x0000000700800000, 0x0000000700800000|
|   9|0x0000000700900000, 0x00000007009fb410, 0x0000000700a00000| 98%| O|  |TS  0|AC  0|TAMS 0x0000000700900000, 0x0000000700900000|
|  10|0x0000000700a00000, 0x0000000700afffd0, 0x0000000700b00000| 99%| O|  |TS  0|AC  0|TAMS 0x0000000700a00000, 0x0000000700a00000|
|  11|0x0000000700b00000, 0x0000000700bffff8, 0x0000000700c00000| 99%| O|  |TS  0|AC  0|TAMS 0x0000000700b00000, 0x0000000700b00000|
|  12|0x0000000700c00000, 0x0000000700cfffc8, 0x0000000700d00000| 99%| O|  |TS  0|AC  0|TAMS 0x0000000700c00000, 0x0000000700c00000|
|  13|0x0000000700d00000, 0x0000000700dffff8, 0x0000000700e00000| 99%| O|  |TS  0|AC  0|TAMS 0x0000000700d00000, 0x0000000700d00000|
|  14|0x0000000700e00000, 0x0000000700effff0, 0x0000000700f00000| 99%| O|  |TS  0|AC  0|TAMS 0x0000000700e00000, 0x0000000700e00000|
|  15|0x0000000700f00000, 0x0000000700ff93a0, 0x0000000701000000| 97%| O|  |TS  0|AC  0|TAMS 0x0000000700f00000, 0x0000000700f00000|
|  16|0x0000000701000000, 0x00000007010f9430, 0x0000000701100000| 97%| O|  |TS  0|AC  0|TAMS 0x0000000701000000, 0x0000000701000000|
|  17|0x0000000701100000, 0x00000007011fffe0, 0x0000000701200000| 99%| O|  |TS  0|AC  0|TAMS 0x0000000701100000, 0x0000000701100000|
|  18|0x0000000701200000, 0x00000007012fffe8, 0x0000000701300000| 99%| O|  |TS  0|AC  0|TAMS 0x0000000701200000, 0x0000000701200000|
|  19|0x0000000701300000, 0x0000000701400000, 0x0000000701400000|100%| O|  |TS  0|AC  0|TAMS 0x0000000701300000, 0x0000000701300000|
|  20|0x0000000701400000, 0x00000007014fff98, 0x0000000701500000| 99%| O|  |TS  0|AC  0|TAMS 0x0000000701400000, 0x0000000701400000|
|  21|0x0000000701500000, 0x0000000701600000, 0x0000000701600000|100%|HS|  |TS  0|AC  0|TAMS 0x0000000701500000, 0x0000000701500000|
|  22|0x0000000701600000, 0x0000000701700000, 0x0000000701700000|100%| O|  |TS  0|AC  0|TAMS 0x0000000701600000, 0x0000000701600000|
|  23|0x0000000701700000, 0x0000000701800000, 0x0000000701800000|100%| O|  |TS  0|AC  0|TAMS 0x0000000701700000, 0x0000000701700000|
|  24|0x0000000701800000, 0x0000000701900000, 0x0000000701900000|100%| O|  |TS  0|AC  0|TAMS 0x0000000701800000, 0x0000000701800000|
|  25|0x0000000701900000, 0x00000007019ffff0, 0x0000000701a00000| 99%| O|  |TS  0|AC  0|TAMS 0x0000000701900000, 0x0000000701900000|
|  26|0x0000000701a00000, 0x0000000701b00000, 0x0000000701b00000|100%| O|  |TS  0|AC  0|TAMS 0x0000000701a00000, 0x0000000701a00000|
|  27|0x0000000701b00000, 0x0000000701bfffe8, 0x0000000701c00000| 99%| O|  |TS  0|AC  0|TAMS 0x0000000701b00000, 0x0000000701b00000|
|  28|0x0000000701c00000, 0x0000000701cffff0, 0x0000000701d00000| 99%| O|  |TS  0|AC  0|TAMS 0x0000000701c00000, 0x0000000701c00000|
|  29|0x0000000701d00000, 0x0000000701dffdc8, 0x0000000701e00000| 99%| O|  |TS  0|AC  0|TAMS 0x0000000701d00000, 0x0000000701d00000|
|  30|0x0000000701e00000, 0x0000000701f00000, 0x0000000701f00000|100%| O|  |TS  0|AC  0|TAMS 0x0000000701e00000, 0x0000000701e00000|
|  31|0x0000000701f00000, 0x0000000701ffffb0, 0x0000000702000000| 99%| O|  |TS  0|AC  0|TAMS 0x0000000701f00000, 0x0000000701f00000|
|  32|0x0000000702000000, 0x00000007020fffe8, 0x0000000702100000| 99%| O|  |TS  0|AC  0|TAMS 0x0000000702000000, 0x0000000702000000|
|  33|0x0000000702100000, 0x00000007021fffe8, 0x0000000702200000| 99%| O|  |TS  0|AC  0|TAMS 0x0000000702100000, 0x0000000702100000|
|  34|0x0000000702200000, 0x00000007022fffc8, 0x0000000702300000| 99%| O|  |TS  0|AC  0|TAMS 0x0000000702200000, 0x0000000702200000|
|  35|0x0000000702300000, 0x0000000702400000, 0x0000000702400000|100%| O|  |TS  0|AC  0|TAMS 0x0000000702300000, 0x0000000702300000|
|  36|0x0000000702400000, 0x00000007024f2ac0, 0x0000000702500000| 94%| O|  |TS  0|AC  0|TAMS 0x0000000702400000, 0x0000000702400000|
|  37|0x0000000702500000, 0x00000007025c6c90, 0x0000000702600000| 77%| O|  |TS  0|AC  0|TAMS 0x0000000702500000, 0x0000000702500000|
|  38|0x0000000702600000, 0x00000007026ffff0, 0x0000000702700000| 99%| O|  |TS  0|AC  0|TAMS 0x0000000702600000, 0x0000000702600000|
|  39|0x0000000702700000, 0x00000007027fffa0, 0x0000000702800000| 99%| O|  |TS  0|AC  0|TAMS 0x0000000702700000, 0x0000000702700000|
|  40|0x0000000702800000, 0x00000007028ff7a8, 0x0000000702900000| 99%| O|  |TS  0|AC  0|TAMS 0x0000000702800000, 0x0000000702800000|
|  41|0x0000000702900000, 0x00000007029fffe8, 0x0000000702a00000| 99%| O|  |TS  0|AC  0|TAMS 0x0000000702900000, 0x0000000702900000|
|  42|0x0000000702a00000, 0x0000000702ae9e20, 0x0000000702b00000| 91%| O|  |TS  0|AC  0|TAMS 0x0000000702a00000, 0x0000000702a00000|
|  43|0x0000000702b00000, 0x0000000702bfffd0, 0x0000000702c00000| 99%| O|  |TS  0|AC  0|TAMS 0x0000000702b00000, 0x0000000702b00000|
|  44|0x0000000702c00000, 0x0000000702cfffd8, 0x0000000702d00000| 99%| O|  |TS  0|AC  0|TAMS 0x0000000702c00000, 0x0000000702c00000|
|  45|0x0000000702d00000, 0x0000000702dffff0, 0x0000000702e00000| 99%| O|  |TS  0|AC  0|TAMS 0x0000000702d00000, 0x0000000702d00000|
|  46|0x0000000702e00000, 0x0000000702efffd8, 0x0000000702f00000| 99%| O|  |TS  0|AC  0|TAMS 0x0000000702e00000, 0x0000000702e00000|
|  47|0x0000000702f00000, 0x0000000702fffff0, 0x0000000703000000| 99%| O|  |TS  0|AC  0|TAMS 0x0000000702f00000, 0x0000000702f00000|
|  48|0x0000000703000000, 0x00000007030f7210, 0x0000000703100000| 96%| O|  |TS  0|AC  0|TAMS 0x0000000703000000, 0x0000000703000000|
|  49|0x0000000703100000, 0x0000000703200000, 0x0000000703200000|100%|HS|  |TS  0|AC  0|TAMS 0x0000000703100000, 0x0000000703100000|
|  50|0x0000000703200000, 0x0000000703300000, 0x0000000703300000|100%|HC|  |TS  0|AC  0|TAMS 0x0000000703200000, 0x0000000703200000|
|  51|0x0000000703300000, 0x0000000703400000, 0x0000000703400000|100%|HC|  |TS  0|AC  0|TAMS 0x0000000703300000, 0x0000000703300000|
|  52|0x0000000703400000, 0x0000000703500000, 0x0000000703500000|100%|HC|  |TS  0|AC  0|TAMS 0x0000000703400000, 0x0000000703400000|
|  53|0x0000000703500000, 0x0000000703600000, 0x0000000703600000|100%|HC|  |TS  0|AC  0|TAMS 0x0000000703500000, 0x0000000703500000|
|  54|0x0000000703600000, 0x0000000703700000, 0x0000000703700000|100%|HC|  |TS  0|AC  0|TAMS 0x0000000703600000, 0x0000000703600000|
|  55|0x0000000703700000, 0x0000000703800000, 0x0000000703800000|100%|HC|  |TS  0|AC  0|TAMS 0x0000000703700000, 0x0000000703700000|
|  56|0x0000000703800000, 0x0000000703900000, 0x0000000703900000|100%|HC|  |TS  0|AC  0|TAMS 0x0000000703800000, 0x0000000703800000|
|  57|0x0000000703900000, 0x0000000703a00000, 0x0000000703a00000|100%| O|  |TS  0|AC  0|TAMS 0x0000000703900000, 0x0000000703900000|
|  58|0x0000000703a00000, 0x0000000703afffe0, 0x0000000703b00000| 99%| O|  |TS  0|AC  0|TAMS 0x0000000703a00000, 0x0000000703a00000|
|  59|0x0000000703b00000, 0x0000000703bfe668, 0x0000000703c00000| 99%| O|  |TS  0|AC  0|TAMS 0x0000000703b00000, 0x0000000703b00000|
|  60|0x0000000703c00000, 0x0000000703cfff88, 0x0000000703d00000| 99%| O|  |TS  0|AC  0|TAMS 0x0000000703c00000, 0x0000000703c00000|
|  61|0x0000000703d00000, 0x0000000703dfffe0, 0x0000000703e00000| 99%| O|  |TS  0|AC  0|TAMS 0x0000000703d00000, 0x0000000703d00000|
|  62|0x0000000703e00000, 0x0000000703effff0, 0x0000000703f00000| 99%| O|  |TS  0|AC  0|TAMS 0x0000000703e00000, 0x0000000703e00000|
|  63|0x0000000703f00000, 0x0000000703fff970, 0x0000000704000000| 99%| O|  |TS  0|AC  0|TAMS 0x0000000703f00000, 0x0000000703f00000|
|  64|0x0000000704000000, 0x00000007040ffe38, 0x0000000704100000| 99%| O|  |TS  0|AC  0|TAMS 0x0000000704000000, 0x0000000704000000|
|  65|0x0000000704100000, 0x00000007041ffff0, 0x0000000704200000| 99%| O|  |TS  0|AC  0|TAMS 0x0000000704100000, 0x0000000704100000|
|  66|0x0000000704200000, 0x0000000704300000, 0x0000000704300000|100%| O|  |TS  0|AC  0|TAMS 0x0000000704200000, 0x0000000704200000|
|  67|0x0000000704300000, 0x00000007043ff680, 0x0000000704400000| 99%| O|  |TS  0|AC  0|TAMS 0x0000000704300000, 0x0000000704300000|
|  68|0x0000000704400000, 0x00000007044ffdb8, 0x0000000704500000| 99%| O|  |TS  0|AC  0|TAMS 0x0000000704400000, 0x0000000704400000|
|  69|0x0000000704500000, 0x00000007045fffe8, 0x0000000704600000| 99%| O|  |TS  0|AC  0|TAMS 0x0000000704500000, 0x0000000704500000|
|  70|0x0000000704600000, 0x00000007046fffe0, 0x0000000704700000| 99%| O|  |TS  0|AC  0|TAMS 0x0000000704600000, 0x0000000704600000|
|  71|0x0000000704700000, 0x00000007047ffff0, 0x0000000704800000| 99%| O|  |TS  0|AC  0|TAMS 0x0000000704700000, 0x0000000704700000|
|  72|0x0000000704800000, 0x00000007048fffa0, 0x0000000704900000| 99%| O|  |TS  0|AC  0|TAMS 0x0000000704800000, 0x0000000704800000|
|  73|0x0000000704900000, 0x00000007049ffff0, 0x0000000704a00000| 99%| O|  |TS  0|AC  0|TAMS 0x0000000704900000, 0x0000000704900000|
|  74|0x0000000704a00000, 0x0000000704ace2d8, 0x0000000704b00000| 80%| O|  |TS  0|AC  0|TAMS 0x0000000704a00000, 0x0000000704a00000|
|  75|0x0000000704b00000, 0x0000000704bfffe8, 0x0000000704c00000| 99%| O|  |TS  0|AC  0|TAMS 0x0000000704b00000, 0x0000000704b00000|
|  76|0x0000000704c00000, 0x0000000704c30228, 0x0000000704d00000| 18%| O|  |TS  0|AC  0|TAMS 0x0000000704c00000, 0x0000000704c00000|
|  77|0x0000000704d00000, 0x0000000704d84400, 0x0000000704e00000| 51%| O|  |TS 37|AC  0|TAMS 0x0000000704d00000, 0x0000000704d00000|
|  78|0x0000000704e00000, 0x0000000704e00000, 0x0000000704f00000|  0%| F|  |TS  0|AC  0|TAMS 0x0000000704e00000, 0x0000000704e00000|
|  79|0x0000000704f00000, 0x0000000704f00000, 0x0000000705000000|  0%| F|  |TS  0|AC  0|TAMS 0x0000000704f00000, 0x0000000704f00000|
|  80|0x0000000705000000, 0x0000000705000000, 0x0000000705100000|  0%| F|  |TS  0|AC  0|TAMS 0x0000000705000000, 0x0000000705000000|
|  81|0x0000000705100000, 0x0000000705200000, 0x0000000705200000|100%|HS|  |TS  0|AC  0|TAMS 0x0000000705100000, 0x0000000705100000|
|  82|0x0000000705200000, 0x0000000705300000, 0x0000000705300000|100%|HC|  |TS  0|AC  0|TAMS 0x0000000705200000, 0x0000000705200000|
|  83|0x0000000705300000, 0x0000000705400000, 0x0000000705400000|100%|HC|  |TS  0|AC  0|TAMS 0x0000000705300000, 0x0000000705300000|
|  84|0x0000000705400000, 0x0000000705500000, 0x0000000705500000|100%|HC|  |TS  0|AC  0|TAMS 0x0000000705400000, 0x0000000705400000|
|  85|0x0000000705500000, 0x0000000705600000, 0x0000000705600000|100%|HC|  |TS  0|AC  0|TAMS 0x0000000705500000, 0x0000000705500000|
|  86|0x0000000705600000, 0x0000000705700000, 0x0000000705700000|100%|HC|  |TS  0|AC  0|TAMS 0x0000000705600000, 0x0000000705600000|
|  87|0x0000000705700000, 0x0000000705800000, 0x0000000705800000|100%|HC|  |TS  0|AC  0|TAMS 0x0000000705700000, 0x0000000705700000|
|  88|0x0000000705800000, 0x0000000705900000, 0x0000000705900000|100%|HC|  |TS  0|AC  0|TAMS 0x0000000705800000, 0x0000000705800000|
|  89|0x0000000705900000, 0x0000000705a00000, 0x0000000705a00000|100%|HS|  |TS  0|AC  0|TAMS 0x0000000705900000, 0x0000000705900000|
|  90|0x0000000705a00000, 0x0000000705b00000, 0x0000000705b00000|100%|HC|  |TS  0|AC  0|TAMS 0x0000000705a00000, 0x0000000705a00000|
|  91|0x0000000705b00000, 0x0000000705c00000, 0x0000000705c00000|100%|HC|  |TS  0|AC  0|TAMS 0x0000000705b00000, 0x0000000705b00000|
|  92|0x0000000705c00000, 0x0000000705c00000, 0x0000000705d00000|  0%| F|  |TS  0|AC  0|TAMS 0x0000000705c00000, 0x0000000705c00000|
|  93|0x0000000705d00000, 0x0000000705d00000, 0x0000000705e00000|  0%| F|  |TS  0|AC  0|TAMS 0x0000000705d00000, 0x0000000705d00000|
|  94|0x0000000705e00000, 0x0000000705e00000, 0x0000000705f00000|  0%| F|  |TS  0|AC  0|TAMS 0x0000000705e00000, 0x0000000705e00000|
|  95|0x0000000705f00000, 0x0000000705f00000, 0x0000000706000000|  0%| F|  |TS  0|AC  0|TAMS 0x0000000705f00000, 0x0000000705f00000|
|  96|0x0000000706000000, 0x0000000706000000, 0x0000000706100000|  0%| F|  |TS  0|AC  0|TAMS 0x0000000706000000, 0x0000000706000000|
|  97|0x0000000706100000, 0x0000000706100000, 0x0000000706200000|  0%| F|  |TS  0|AC  0|TAMS 0x0000000706100000, 0x0000000706100000|
|  98|0x0000000706200000, 0x0000000706200000, 0x0000000706300000|  0%| F|  |TS  0|AC  0|TAMS 0x0000000706200000, 0x0000000706200000|
|  99|0x0000000706300000, 0x0000000706300000, 0x0000000706400000|  0%| F|  |TS  0|AC  0|TAMS 0x0000000706300000, 0x0000000706300000|
| 100|0x0000000706400000, 0x0000000706400000, 0x0000000706500000|  0%| F|  |TS  0|AC  0|TAMS 0x0000000706400000, 0x0000000706400000|
| 101|0x0000000706500000, 0x0000000706500000, 0x0000000706600000|  0%| F|  |TS  0|AC  0|TAMS 0x0000000706500000, 0x0000000706500000|
| 102|0x0000000706600000, 0x0000000706600000, 0x0000000706700000|  0%| F|  |TS  0|AC  0|TAMS 0x0000000706600000, 0x0000000706600000|
| 103|0x0000000706700000, 0x0000000706700000, 0x0000000706800000|  0%| F|  |TS  0|AC  0|TAMS 0x0000000706700000, 0x0000000706700000|
| 104|0x0000000706800000, 0x0000000706800000, 0x0000000706900000|  0%| F|  |TS  0|AC  0|TAMS 0x0000000706800000, 0x0000000706800000|
| 105|0x0000000706900000, 0x0000000706900000, 0x0000000706a00000|  0%| F|  |TS  0|AC  0|TAMS 0x0000000706900000, 0x0000000706900000|
| 106|0x0000000706a00000, 0x0000000706a00000, 0x0000000706b00000|  0%| F|  |TS  0|AC  0|TAMS 0x0000000706a00000, 0x0000000706a00000|
| 107|0x0000000706b00000, 0x0000000706b00000, 0x0000000706c00000|  0%| F|  |TS  0|AC  0|TAMS 0x0000000706b00000, 0x0000000706b00000|
| 108|0x0000000706c00000, 0x0000000706c00000, 0x0000000706d00000|  0%| F|  |TS  0|AC  0|TAMS 0x0000000706c00000, 0x0000000706c00000|
| 109|0x0000000706d00000, 0x0000000706d00000, 0x0000000706e00000|  0%| F|  |TS  0|AC  0|TAMS 0x0000000706d00000, 0x0000000706d00000|
| 110|0x0000000706e00000, 0x0000000706e00000, 0x0000000706f00000|  0%| F|  |TS  0|AC  0|TAMS 0x0000000706e00000, 0x0000000706e00000|
| 111|0x0000000706f00000, 0x0000000706f00000, 0x0000000707000000|  0%| F|  |TS  0|AC  0|TAMS 0x0000000706f00000, 0x0000000706f00000|
| 112|0x0000000707000000, 0x0000000707000000, 0x0000000707100000|  0%| F|  |TS  0|AC  0|TAMS 0x0000000707000000, 0x0000000707000000|
| 113|0x0000000707100000, 0x0000000707100000, 0x0000000707200000|  0%| F|  |TS  0|AC  0|TAMS 0x0000000707100000, 0x0000000707100000|
| 114|0x0000000707200000, 0x0000000707200000, 0x0000000707300000|  0%| F|  |TS  0|AC  0|TAMS 0x0000000707200000, 0x0000000707200000|
| 115|0x0000000707300000, 0x0000000707300000, 0x0000000707400000|  0%| F|  |TS  0|AC  0|TAMS 0x0000000707300000, 0x0000000707300000|
| 116|0x0000000707400000, 0x0000000707400000, 0x0000000707500000|  0%| F|  |TS  0|AC  0|TAMS 0x0000000707400000, 0x0000000707400000|
| 117|0x0000000707500000, 0x0000000707500000, 0x0000000707600000|  0%| F|  |TS  0|AC  0|TAMS 0x0000000707500000, 0x0000000707500000|
| 118|0x0000000707600000, 0x0000000707600000, 0x0000000707700000|  0%| F|  |TS  0|AC  0|TAMS 0x0000000707600000, 0x0000000707600000|
| 119|0x0000000707700000, 0x0000000707700000, 0x0000000707800000|  0%| F|  |TS  0|AC  0|TAMS 0x0000000707700000, 0x0000000707700000|
| 120|0x0000000707800000, 0x0000000707800000, 0x0000000707900000|  0%| F|  |TS  0|AC  0|TAMS 0x0000000707800000, 0x0000000707800000|
| 121|0x0000000707900000, 0x0000000707900000, 0x0000000707a00000|  0%| F|  |TS  0|AC  0|TAMS 0x0000000707900000, 0x0000000707900000|
| 122|0x0000000707a00000, 0x0000000707a00000, 0x0000000707b00000|  0%| F|  |TS  0|AC  0|TAMS 0x0000000707a00000, 0x0000000707a00000|
| 123|0x0000000707b00000, 0x0000000707b00000, 0x0000000707c00000|  0%| F|  |TS  0|AC  0|TAMS 0x0000000707b00000, 0x0000000707b00000|
| 124|0x0000000707c00000, 0x0000000707c00000, 0x0000000707d00000|  0%| F|  |TS  0|AC  0|TAMS 0x0000000707c00000, 0x0000000707c00000|
| 125|0x0000000707d00000, 0x0000000707d00000, 0x0000000707e00000|  0%| F|  |TS  0|AC  0|TAMS 0x0000000707d00000, 0x0000000707d00000|
| 126|0x0000000707e00000, 0x0000000707e00000, 0x0000000707f00000|  0%| F|  |TS  0|AC  0|TAMS 0x0000000707e00000, 0x0000000707e00000|
| 127|0x0000000707f00000, 0x0000000707f00000, 0x0000000708000000|  0%| F|  |TS  0|AC  0|TAMS 0x0000000707f00000, 0x0000000707f00000|
| 128|0x0000000708000000, 0x0000000708000000, 0x0000000708100000|  0%| F|  |TS  0|AC  0|TAMS 0x0000000708000000, 0x0000000708000000|
| 129|0x0000000708100000, 0x0000000708100000, 0x0000000708200000|  0%| F|  |TS  0|AC  0|TAMS 0x0000000708100000, 0x0000000708100000|
| 130|0x0000000708200000, 0x0000000708200000, 0x0000000708300000|  0%| F|  |TS  0|AC  0|TAMS 0x0000000708200000, 0x0000000708200000|
| 131|0x0000000708300000, 0x0000000708300000, 0x0000000708400000|  0%| F|  |TS  0|AC  0|TAMS 0x0000000708300000, 0x0000000708300000|
| 132|0x0000000708400000, 0x0000000708400000, 0x0000000708500000|  0%| F|  |TS  0|AC  0|TAMS 0x0000000708400000, 0x0000000708400000|
| 133|0x0000000708500000, 0x0000000708500000, 0x0000000708600000|  0%| F|  |TS  0|AC  0|TAMS 0x0000000708500000, 0x0000000708500000|
| 134|0x0000000708600000, 0x0000000708600000, 0x0000000708700000|  0%| F|  |TS  0|AC  0|TAMS 0x0000000708600000, 0x0000000708600000|
| 135|0x0000000708700000, 0x0000000708700000, 0x0000000708800000|  0%| F|  |TS  0|AC  0|TAMS 0x0000000708700000, 0x0000000708700000|
| 136|0x0000000708800000, 0x0000000708800000, 0x0000000708900000|  0%| F|  |TS  0|AC  0|TAMS 0x0000000708800000, 0x0000000708800000|
| 137|0x0000000708900000, 0x0000000708900000, 0x0000000708a00000|  0%| F|  |TS  0|AC  0|TAMS 0x0000000708900000, 0x0000000708900000|
| 138|0x0000000708a00000, 0x0000000708a00000, 0x0000000708b00000|  0%| F|  |TS  0|AC  0|TAMS 0x0000000708a00000, 0x0000000708a00000|
| 139|0x0000000708b00000, 0x0000000708b00000, 0x0000000708c00000|  0%| F|  |TS  0|AC  0|TAMS 0x0000000708b00000, 0x0000000708b00000|
| 140|0x0000000708c00000, 0x0000000708c00000, 0x0000000708d00000|  0%| F|  |TS  0|AC  0|TAMS 0x0000000708c00000, 0x0000000708c00000|
| 141|0x0000000708d00000, 0x0000000708d00000, 0x0000000708e00000|  0%| F|  |TS  0|AC  0|TAMS 0x0000000708d00000, 0x0000000708d00000|
| 142|0x0000000708e00000, 0x0000000708e00000, 0x0000000708f00000|  0%| F|  |TS  0|AC  0|TAMS 0x0000000708e00000, 0x0000000708e00000|
| 143|0x0000000708f00000, 0x0000000708f00000, 0x0000000709000000|  0%| F|  |TS  0|AC  0|TAMS 0x0000000708f00000, 0x0000000708f00000|
| 144|0x0000000709000000, 0x0000000709000000, 0x0000000709100000|  0%| F|  |TS  0|AC  0|TAMS 0x0000000709000000, 0x0000000709000000|
| 145|0x0000000709100000, 0x0000000709100000, 0x0000000709200000|  0%| F|  |TS  0|AC  0|TAMS 0x0000000709100000, 0x0000000709100000|
| 146|0x0000000709200000, 0x0000000709200000, 0x0000000709300000|  0%| F|  |TS  0|AC  0|TAMS 0x0000000709200000, 0x0000000709200000|
| 147|0x0000000709300000, 0x0000000709300000, 0x0000000709400000|  0%| F|  |TS  0|AC  0|TAMS 0x0000000709300000, 0x0000000709300000|
| 148|0x0000000709400000, 0x0000000709400000, 0x0000000709500000|  0%| F|  |TS  0|AC  0|TAMS 0x0000000709400000, 0x0000000709400000|
| 149|0x0000000709500000, 0x0000000709500000, 0x0000000709600000|  0%| F|  |TS  0|AC  0|TAMS 0x0000000709500000, 0x0000000709500000|
| 150|0x0000000709600000, 0x0000000709600000, 0x0000000709700000|  0%| F|  |TS  0|AC  0|TAMS 0x0000000709600000, 0x0000000709600000|
| 151|0x0000000709700000, 0x0000000709700000, 0x0000000709800000|  0%| F|  |TS  0|AC  0|TAMS 0x0000000709700000, 0x0000000709700000|
| 152|0x0000000709800000, 0x0000000709800000, 0x0000000709900000|  0%| F|  |TS  0|AC  0|TAMS 0x0000000709800000, 0x0000000709800000|
| 153|0x0000000709900000, 0x0000000709900000, 0x0000000709a00000|  0%| F|  |TS  0|AC  0|TAMS 0x0000000709900000, 0x0000000709900000|
| 154|0x0000000709a00000, 0x0000000709a00000, 0x0000000709b00000|  0%| F|  |TS  0|AC  0|TAMS 0x0000000709a00000, 0x0000000709a00000|
| 155|0x0000000709b00000, 0x0000000709b00000, 0x0000000709c00000|  0%| F|  |TS  0|AC  0|TAMS 0x0000000709b00000, 0x0000000709b00000|
| 156|0x0000000709c00000, 0x0000000709c00000, 0x0000000709d00000|  0%| F|  |TS  0|AC  0|TAMS 0x0000000709c00000, 0x0000000709c00000|
| 157|0x0000000709d00000, 0x0000000709d00000, 0x0000000709e00000|  0%| F|  |TS  0|AC  0|TAMS 0x0000000709d00000, 0x0000000709d00000|
| 158|0x0000000709e00000, 0x0000000709e00000, 0x0000000709f00000|  0%| F|  |TS  0|AC  0|TAMS 0x0000000709e00000, 0x0000000709e00000|
| 159|0x0000000709f00000, 0x0000000709f00000, 0x000000070a000000|  0%| F|  |TS  0|AC  0|TAMS 0x0000000709f00000, 0x0000000709f00000|
| 160|0x000000070a000000, 0x000000070a000000, 0x000000070a100000|  0%| F|  |TS  0|AC  0|TAMS 0x000000070a000000, 0x000000070a000000|
| 161|0x000000070a100000, 0x000000070a100000, 0x000000070a200000|  0%| F|  |TS  0|AC  0|TAMS 0x000000070a100000, 0x000000070a100000|
| 162|0x000000070a200000, 0x000000070a200000, 0x000000070a300000|  0%| F|  |TS  0|AC  0|TAMS 0x000000070a200000, 0x000000070a200000|
| 163|0x000000070a300000, 0x000000070a300000, 0x000000070a400000|  0%| F|  |TS  0|AC  0|TAMS 0x000000070a300000, 0x000000070a300000|
| 164|0x000000070a400000, 0x000000070a400000, 0x000000070a500000|  0%| F|  |TS  0|AC  0|TAMS 0x000000070a400000, 0x000000070a400000|
| 165|0x000000070a500000, 0x000000070a500000, 0x000000070a600000|  0%| F|  |TS  0|AC  0|TAMS 0x000000070a500000, 0x000000070a500000|
| 166|0x000000070a600000, 0x000000070a600000, 0x000000070a700000|  0%| F|  |TS  0|AC  0|TAMS 0x000000070a600000, 0x000000070a600000|
| 167|0x000000070a700000, 0x000000070a700000, 0x000000070a800000|  0%| F|  |TS  0|AC  0|TAMS 0x000000070a700000, 0x000000070a700000|
| 168|0x000000070a800000, 0x000000070a800000, 0x000000070a900000|  0%| F|  |TS  0|AC  0|TAMS 0x000000070a800000, 0x000000070a800000|
| 169|0x000000070a900000, 0x000000070a900000, 0x000000070aa00000|  0%| F|  |TS  0|AC  0|TAMS 0x000000070a900000, 0x000000070a900000|
| 170|0x000000070aa00000, 0x000000070aa00000, 0x000000070ab00000|  0%| F|  |TS  0|AC  0|TAMS 0x000000070aa00000, 0x000000070aa00000|
| 171|0x000000070ab00000, 0x000000070ab00000, 0x000000070ac00000|  0%| F|  |TS  0|AC  0|TAMS 0x000000070ab00000, 0x000000070ab00000|
| 172|0x000000070ac00000, 0x000000070ac00000, 0x000000070ad00000|  0%| F|  |TS  0|AC  0|TAMS 0x000000070ac00000, 0x000000070ac00000|
| 173|0x000000070ad00000, 0x000000070ad00000, 0x000000070ae00000|  0%| F|  |TS  0|AC  0|TAMS 0x000000070ad00000, 0x000000070ad00000|
| 174|0x000000070ae00000, 0x000000070ae00000, 0x000000070af00000|  0%| F|  |TS  0|AC  0|TAMS 0x000000070ae00000, 0x000000070ae00000|
| 175|0x000000070af00000, 0x000000070af00000, 0x000000070b000000|  0%| F|  |TS  0|AC  0|TAMS 0x000000070af00000, 0x000000070af00000|
| 176|0x000000070b000000, 0x000000070b000000, 0x000000070b100000|  0%| F|  |TS  0|AC  0|TAMS 0x000000070b000000, 0x000000070b000000|
| 177|0x000000070b100000, 0x000000070b100000, 0x000000070b200000|  0%| F|  |TS  0|AC  0|TAMS 0x000000070b100000, 0x000000070b100000|
| 178|0x000000070b200000, 0x000000070b200000, 0x000000070b300000|  0%| F|  |TS  0|AC  0|TAMS 0x000000070b200000, 0x000000070b200000|
| 179|0x000000070b300000, 0x000000070b300000, 0x000000070b400000|  0%| F|  |TS  0|AC  0|TAMS 0x000000070b300000, 0x000000070b300000|
| 180|0x000000070b400000, 0x000000070b400000, 0x000000070b500000|  0%| F|  |TS  0|AC  0|TAMS 0x000000070b400000, 0x000000070b400000|
| 181|0x000000070b500000, 0x000000070b500000, 0x000000070b600000|  0%| F|  |TS  0|AC  0|TAMS 0x000000070b500000, 0x000000070b500000|
| 182|0x000000070b600000, 0x000000070b600000, 0x000000070b700000|  0%| F|  |TS  0|AC  0|TAMS 0x000000070b600000, 0x000000070b600000|
| 183|0x000000070b700000, 0x000000070b700000, 0x000000070b800000|  0%| F|  |TS  0|AC  0|TAMS 0x000000070b700000, 0x000000070b700000|
| 184|0x000000070b800000, 0x000000070b800000, 0x000000070b900000|  0%| F|  |TS  0|AC  0|TAMS 0x000000070b800000, 0x000000070b800000|
| 185|0x000000070b900000, 0x000000070b900000, 0x000000070ba00000|  0%| F|  |TS  0|AC  0|TAMS 0x000000070b900000, 0x000000070b900000|
| 186|0x000000070ba00000, 0x000000070ba00000, 0x000000070bb00000|  0%| F|  |TS  0|AC  0|TAMS 0x000000070ba00000, 0x000000070ba00000|
| 187|0x000000070bb00000, 0x000000070bb00000, 0x000000070bc00000|  0%| F|  |TS  0|AC  0|TAMS 0x000000070bb00000, 0x000000070bb00000|
| 188|0x000000070bc00000, 0x000000070bc00000, 0x000000070bd00000|  0%| F|  |TS  0|AC  0|TAMS 0x000000070bc00000, 0x000000070bc00000|
| 189|0x000000070bd00000, 0x000000070bd00000, 0x000000070be00000|  0%| F|  |TS  0|AC  0|TAMS 0x000000070bd00000, 0x000000070bd00000|
| 190|0x000000070be00000, 0x000000070be00000, 0x000000070bf00000|  0%| F|  |TS  0|AC  0|TAMS 0x000000070be00000, 0x000000070be00000|
| 191|0x000000070bf00000, 0x000000070bf00000, 0x000000070c000000|  0%| F|  |TS  0|AC  0|TAMS 0x000000070bf00000, 0x000000070bf00000|
| 192|0x000000070c000000, 0x000000070c000000, 0x000000070c100000|  0%| F|  |TS  0|AC  0|TAMS 0x000000070c000000, 0x000000070c000000|
| 193|0x000000070c100000, 0x000000070c100000, 0x000000070c200000|  0%| F|  |TS  0|AC  0|TAMS 0x000000070c100000, 0x000000070c100000|
| 194|0x000000070c200000, 0x000000070c200000, 0x000000070c300000|  0%| F|  |TS  0|AC  0|TAMS 0x000000070c200000, 0x000000070c200000|
| 195|0x000000070c300000, 0x000000070c300000, 0x000000070c400000|  0%| F|  |TS  0|AC  0|TAMS 0x000000070c300000, 0x000000070c300000|
| 196|0x000000070c400000, 0x000000070c400000, 0x000000070c500000|  0%| F|  |TS  0|AC  0|TAMS 0x000000070c400000, 0x000000070c400000|
| 197|0x000000070c500000, 0x000000070c500000, 0x000000070c600000|  0%| F|  |TS  0|AC  0|TAMS 0x000000070c500000, 0x000000070c500000|
| 198|0x000000070c600000, 0x000000070c600000, 0x000000070c700000|  0%| F|  |TS  0|AC  0|TAMS 0x000000070c600000, 0x000000070c600000|
| 199|0x000000070c700000, 0x000000070c700000, 0x000000070c800000|  0%| F|  |TS  0|AC  0|TAMS 0x000000070c700000, 0x000000070c700000|
| 200|0x000000070c800000, 0x000000070c800000, 0x000000070c900000|  0%| F|  |TS  0|AC  0|TAMS 0x000000070c800000, 0x000000070c800000|
| 201|0x000000070c900000, 0x000000070c900000, 0x000000070ca00000|  0%| F|  |TS  0|AC  0|TAMS 0x000000070c900000, 0x000000070c900000|
| 202|0x000000070ca00000, 0x000000070ca00000, 0x000000070cb00000|  0%| F|  |TS  0|AC  0|TAMS 0x000000070ca00000, 0x000000070ca00000|
| 203|0x000000070cb00000, 0x000000070cb00000, 0x000000070cc00000|  0%| F|  |TS  0|AC  0|TAMS 0x000000070cb00000, 0x000000070cb00000|
| 204|0x000000070cc00000, 0x000000070cc00000, 0x000000070cd00000|  0%| F|  |TS  0|AC  0|TAMS 0x000000070cc00000, 0x000000070cc00000|
| 205|0x000000070cd00000, 0x000000070cd00000, 0x000000070ce00000|  0%| F|  |TS  0|AC  0|TAMS 0x000000070cd00000, 0x000000070cd00000|
| 206|0x000000070ce00000, 0x000000070ce00000, 0x000000070cf00000|  0%| F|  |TS  0|AC  0|TAMS 0x000000070ce00000, 0x000000070ce00000|
| 207|0x000000070cf00000, 0x000000070cf00000, 0x000000070d000000|  0%| F|  |TS  0|AC  0|TAMS 0x000000070cf00000, 0x000000070cf00000|
| 208|0x000000070d000000, 0x000000070d000000, 0x000000070d100000|  0%| F|  |TS  0|AC  0|TAMS 0x000000070d000000, 0x000000070d000000|
| 209|0x000000070d100000, 0x000000070d100000, 0x000000070d200000|  0%| F|  |TS  0|AC  0|TAMS 0x000000070d100000, 0x000000070d100000|
| 210|0x000000070d200000, 0x000000070d200000, 0x000000070d300000|  0%| F|  |TS  0|AC  0|TAMS 0x000000070d200000, 0x000000070d200000|
| 211|0x000000070d300000, 0x000000070d300000, 0x000000070d400000|  0%| F|  |TS  0|AC  0|TAMS 0x000000070d300000, 0x000000070d300000|
| 212|0x000000070d400000, 0x000000070d400000, 0x000000070d500000|  0%| F|  |TS  0|AC  0|TAMS 0x000000070d400000, 0x000000070d400000|
| 213|0x000000070d500000, 0x000000070d500000, 0x000000070d600000|  0%| F|  |TS  0|AC  0|TAMS 0x000000070d500000, 0x000000070d500000|
| 214|0x000000070d600000, 0x000000070d600000, 0x000000070d700000|  0%| F|  |TS  0|AC  0|TAMS 0x000000070d600000, 0x000000070d600000|
| 215|0x000000070d700000, 0x000000070d700000, 0x000000070d800000|  0%| F|  |TS  0|AC  0|TAMS 0x000000070d700000, 0x000000070d700000|
| 216|0x000000070d800000, 0x000000070d800000, 0x000000070d900000|  0%| F|  |TS  0|AC  0|TAMS 0x000000070d800000, 0x000000070d800000|
| 217|0x000000070d900000, 0x000000070d900000, 0x000000070da00000|  0%| F|  |TS 31|AC  0|TAMS 0x000000070d900000, 0x000000070d900000|
| 218|0x000000070da00000, 0x000000070da95ad0, 0x000000070db00000| 58%| S|CS|TS 37|AC  0|TAMS 0x000000070da00000, 0x000000070da00000|
| 219|0x000000070db00000, 0x000000070dc00000, 0x000000070dc00000|100%| S|CS|TS 37|AC  0|TAMS 0x000000070db00000, 0x000000070db00000|
| 220|0x000000070dc00000, 0x000000070dc00000, 0x000000070dd00000|  0%| F|  |TS 37|AC  0|TAMS 0x000000070dc00000, 0x000000070dc00000|
| 221|0x000000070dd00000, 0x000000070dd00000, 0x000000070de00000|  0%| F|  |TS 37|AC  0|TAMS 0x000000070dd00000, 0x000000070dd00000|
| 222|0x000000070de00000, 0x000000070de00000, 0x000000070df00000|  0%| F|  |TS 37|AC  0|TAMS 0x000000070de00000, 0x000000070de00000|
| 223|0x000000070df00000, 0x000000070df00000, 0x000000070e000000|  0%| F|  |TS 37|AC  0|TAMS 0x000000070df00000, 0x000000070df00000|
| 224|0x000000070e000000, 0x000000070e000000, 0x000000070e100000|  0%| F|  |TS 37|AC  0|TAMS 0x000000070e000000, 0x000000070e000000|
| 225|0x000000070e100000, 0x000000070e100000, 0x000000070e200000|  0%| F|  |TS 37|AC  0|TAMS 0x000000070e100000, 0x000000070e100000|
| 226|0x000000070e200000, 0x000000070e200000, 0x000000070e300000|  0%| F|  |TS 37|AC  0|TAMS 0x000000070e200000, 0x000000070e200000|
| 227|0x000000070e300000, 0x000000070e300000, 0x000000070e400000|  0%| F|  |TS 37|AC  0|TAMS 0x000000070e300000, 0x000000070e300000|
| 228|0x000000070e400000, 0x000000070e400000, 0x000000070e500000|  0%| F|  |TS 37|AC  0|TAMS 0x000000070e400000, 0x000000070e400000|
| 229|0x000000070e500000, 0x000000070e509f50, 0x000000070e600000|  3%| E|  |TS 37|AC  0|TAMS 0x000000070e500000, 0x000000070e500000|
| 230|0x000000070e600000, 0x000000070e700000, 0x000000070e700000|100%| E|CS|TS 37|AC  0|TAMS 0x000000070e600000, 0x000000070e600000|
| 231|0x000000070e700000, 0x000000070e800000, 0x000000070e800000|100%| E|CS|TS 37|AC  0|TAMS 0x000000070e700000, 0x000000070e700000|
| 232|0x000000070e800000, 0x000000070e900000, 0x000000070e900000|100%| E|CS|TS 37|AC  0|TAMS 0x000000070e800000, 0x000000070e800000|
| 233|0x000000070e900000, 0x000000070ea00000, 0x000000070ea00000|100%| E|CS|TS 37|AC  0|TAMS 0x000000070e900000, 0x000000070e900000|
| 234|0x000000070ea00000, 0x000000070eb00000, 0x000000070eb00000|100%| E|CS|TS 37|AC  0|TAMS 0x000000070ea00000, 0x000000070ea00000|
| 235|0x000000070eb00000, 0x000000070ec00000, 0x000000070ec00000|100%| E|CS|TS 37|AC  0|TAMS 0x000000070eb00000, 0x000000070eb00000|
| 236|0x000000070ec00000, 0x000000070ed00000, 0x000000070ed00000|100%| E|CS|TS 37|AC  0|TAMS 0x000000070ec00000, 0x000000070ec00000|
| 237|0x000000070ed00000, 0x000000070ee00000, 0x000000070ee00000|100%| E|CS|TS 37|AC  0|TAMS 0x000000070ed00000, 0x000000070ed00000|
| 238|0x000000070ee00000, 0x000000070ef00000, 0x000000070ef00000|100%| E|CS|TS 37|AC  0|TAMS 0x000000070ee00000, 0x000000070ee00000|
| 239|0x000000070ef00000, 0x000000070f000000, 0x000000070f000000|100%| E|CS|TS 37|AC  0|TAMS 0x000000070ef00000, 0x000000070ef00000|
| 240|0x000000070f000000, 0x000000070f100000, 0x000000070f100000|100%| E|CS|TS 37|AC  0|TAMS 0x000000070f000000, 0x000000070f000000|
| 241|0x000000070f100000, 0x000000070f200000, 0x000000070f200000|100%| E|CS|TS 37|AC  0|TAMS 0x000000070f100000, 0x000000070f100000|
| 242|0x000000070f200000, 0x000000070f300000, 0x000000070f300000|100%| E|CS|TS 37|AC  0|TAMS 0x000000070f200000, 0x000000070f200000|
| 243|0x000000070f300000, 0x000000070f400000, 0x000000070f400000|100%| E|CS|TS 37|AC  0|TAMS 0x000000070f300000, 0x000000070f300000|
| 244|0x000000070f400000, 0x000000070f500000, 0x000000070f500000|100%| E|CS|TS 37|AC  0|TAMS 0x000000070f400000, 0x000000070f400000|
| 245|0x000000070f500000, 0x000000070f600000, 0x000000070f600000|100%| E|CS|TS 37|AC  0|TAMS 0x000000070f500000, 0x000000070f500000|
| 246|0x000000070f600000, 0x000000070f700000, 0x000000070f700000|100%| E|CS|TS 37|AC  0|TAMS 0x000000070f600000, 0x000000070f600000|
| 247|0x000000070f700000, 0x000000070f800000, 0x000000070f800000|100%| E|CS|TS 37|AC  0|TAMS 0x000000070f700000, 0x000000070f700000|
| 248|0x000000070f800000, 0x000000070f900000, 0x000000070f900000|100%| E|CS|TS 37|AC  0|TAMS 0x000000070f800000, 0x000000070f800000|
| 249|0x000000070f900000, 0x000000070fa00000, 0x000000070fa00000|100%| E|CS|TS 37|AC  0|TAMS 0x000000070f900000, 0x000000070f900000|
| 250|0x000000070fa00000, 0x000000070fb00000, 0x000000070fb00000|100%| E|CS|TS 37|AC  0|TAMS 0x000000070fa00000, 0x000000070fa00000|
| 251|0x000000070fb00000, 0x000000070fc00000, 0x000000070fc00000|100%| E|CS|TS 37|AC  0|TAMS 0x000000070fb00000, 0x000000070fb00000|
| 252|0x000000070fc00000, 0x000000070fd00000, 0x000000070fd00000|100%| E|CS|TS 37|AC  0|TAMS 0x000000070fc00000, 0x000000070fc00000|
| 253|0x000000070fd00000, 0x000000070fe00000, 0x000000070fe00000|100%| E|CS|TS 37|AC  0|TAMS 0x000000070fd00000, 0x000000070fd00000|
| 254|0x000000070fe00000, 0x000000070ff00000, 0x000000070ff00000|100%| E|CS|TS 37|AC  0|TAMS 0x000000070fe00000, 0x000000070fe00000|
| 255|0x000000070ff00000, 0x0000000710000000, 0x0000000710000000|100%| E|CS|TS 37|AC  0|TAMS 0x000000070ff00000, 0x000000070ff00000|
| 256|0x0000000710000000, 0x0000000710100000, 0x0000000710100000|100%| E|CS|TS 37|AC  0|TAMS 0x0000000710000000, 0x0000000710000000|
| 257|0x0000000710100000, 0x0000000710200000, 0x0000000710200000|100%| E|CS|TS 37|AC  0|TAMS 0x0000000710100000, 0x0000000710100000|
| 258|0x0000000710200000, 0x0000000710300000, 0x0000000710300000|100%| E|CS|TS 37|AC  0|TAMS 0x0000000710200000, 0x0000000710200000|
| 259|0x0000000710300000, 0x0000000710400000, 0x0000000710400000|100%| E|CS|TS 37|AC  0|TAMS 0x0000000710300000, 0x0000000710300000|
| 260|0x0000000710400000, 0x0000000710500000, 0x0000000710500000|100%| E|CS|TS 37|AC  0|TAMS 0x0000000710400000, 0x0000000710400000|
| 261|0x0000000710500000, 0x0000000710600000, 0x0000000710600000|100%| E|CS|TS 37|AC  0|TAMS 0x0000000710500000, 0x0000000710500000|
| 262|0x0000000710600000, 0x0000000710700000, 0x0000000710700000|100%| E|CS|TS 37|AC  0|TAMS 0x0000000710600000, 0x0000000710600000|
| 263|0x0000000710700000, 0x0000000710800000, 0x0000000710800000|100%| E|CS|TS 37|AC  0|TAMS 0x0000000710700000, 0x0000000710700000|
| 264|0x0000000710800000, 0x0000000710900000, 0x0000000710900000|100%| E|CS|TS 37|AC  0|TAMS 0x0000000710800000, 0x0000000710800000|
| 265|0x0000000710900000, 0x0000000710a00000, 0x0000000710a00000|100%| E|CS|TS 37|AC  0|TAMS 0x0000000710900000, 0x0000000710900000|
| 266|0x0000000710a00000, 0x0000000710b00000, 0x0000000710b00000|100%| E|CS|TS 37|AC  0|TAMS 0x0000000710a00000, 0x0000000710a00000|
| 267|0x0000000710b00000, 0x0000000710c00000, 0x0000000710c00000|100%| E|CS|TS 37|AC  0|TAMS 0x0000000710b00000, 0x0000000710b00000|
| 268|0x0000000710c00000, 0x0000000710d00000, 0x0000000710d00000|100%| E|CS|TS 37|AC  0|TAMS 0x0000000710c00000, 0x0000000710c00000|
| 269|0x0000000710d00000, 0x0000000710e00000, 0x0000000710e00000|100%| E|CS|TS 37|AC  0|TAMS 0x0000000710d00000, 0x0000000710d00000|
| 270|0x0000000710e00000, 0x0000000710f00000, 0x0000000710f00000|100%| E|CS|TS 37|AC  0|TAMS 0x0000000710e00000, 0x0000000710e00000|
| 271|0x0000000710f00000, 0x0000000711000000, 0x0000000711000000|100%| E|CS|TS 37|AC  0|TAMS 0x0000000710f00000, 0x0000000710f00000|
| 272|0x0000000711000000, 0x0000000711100000, 0x0000000711100000|100%| E|CS|TS 37|AC  0|TAMS 0x0000000711000000, 0x0000000711000000|
| 273|0x0000000711100000, 0x0000000711200000, 0x0000000711200000|100%| E|CS|TS 37|AC  0|TAMS 0x0000000711100000, 0x0000000711100000|
| 274|0x0000000711200000, 0x0000000711300000, 0x0000000711300000|100%| E|CS|TS 37|AC  0|TAMS 0x0000000711200000, 0x0000000711200000|
| 275|0x0000000711300000, 0x0000000711400000, 0x0000000711400000|100%| E|CS|TS 37|AC  0|TAMS 0x0000000711300000, 0x0000000711300000|
| 276|0x0000000711400000, 0x0000000711500000, 0x0000000711500000|100%| E|CS|TS 37|AC  0|TAMS 0x0000000711400000, 0x0000000711400000|
| 277|0x0000000711500000, 0x0000000711600000, 0x0000000711600000|100%| E|CS|TS 37|AC  0|TAMS 0x0000000711500000, 0x0000000711500000|
| 278|0x0000000711600000, 0x0000000711700000, 0x0000000711700000|100%| E|CS|TS 37|AC  0|TAMS 0x0000000711600000, 0x0000000711600000|
| 279|0x0000000711700000, 0x0000000711800000, 0x0000000711800000|100%| E|CS|TS 37|AC  0|TAMS 0x0000000711700000, 0x0000000711700000|

Card table byte_map: [0x00000284ff740000,0x00000284ffd40000] byte_map_base: 0x00000284fbf40000

Marking Bits (Prev, Next): (CMBitMap*) 0x00000284f1acc888, (CMBitMap*) 0x00000284f1acc850
 Prev Bits: [0x0000028492600000, 0x0000028495600000)
 Next Bits: [0x000002848f600000, 0x0000028492600000)

Polling page: 0x00000284ecc90000

CodeHeap 'non-profiled nmethods': size=119168Kb used=22817Kb max_used=25281Kb free=96350Kb
 bounds [0x0000028487ba0000, 0x0000028489460000, 0x000002848f000000]
CodeHeap 'profiled nmethods': size=119168Kb used=45470Kb max_used=53679Kb free=73697Kb
 bounds [0x0000028480740000, 0x0000028483bf0000, 0x0000028487ba0000]
CodeHeap 'non-nmethods': size=7424Kb used=3571Kb max_used=3631Kb free=3852Kb
 bounds [0x0000028480000000, 0x00000284803a0000, 0x0000028480740000]
 total_blobs=37544 nmethods=19265 adapters=1265
 compilation: enabled

Compilation events (10 events):
Event: 2705.444 Thread 0x00000284f651d800 25688       3       java.lang.invoke.DirectMethodHandle$Holder::invokeStatic (34 bytes)
Event: 2705.444 Thread 0x00000284f6514000 25689       3       java.lang.invoke.BoundMethodHandle$Species_L6IIL::make (26 bytes)
Event: 2705.445 Thread 0x00000284f651d800 nmethod 25688 0x0000028480a24210 code [0x0000028480a243e0, 0x0000028480a24a00]
Event: 2705.445 Thread 0x00000284f651d800 25690       3       java.lang.invoke.BoundMethodHandle$Species_L6IIL::copyWith (46 bytes)
Event: 2705.445 Thread 0x00000284f6514000 nmethod 25689 0x0000028480a28890 code [0x0000028480a28a40, 0x0000028480a28cb0]
Event: 2705.445 Thread 0x00000284f6da1000 nmethod 25687 0x0000028480a57010 code [0x0000028480a57220, 0x0000028480a57850]
Event: 2705.445 Thread 0x00000284f651d800 nmethod 25690 0x0000028480a24f90 code [0x0000028480a25140, 0x0000028480a253d0]
Event: 2705.447 Thread 0x00000284f650a000 25692       4       java.lang.invoke.MethodHandles::foldArgumentChecks (225 bytes)
Event: 2705.447 Thread 0x00000284f6513800 25691       4       java.lang.invoke.MethodHandles::foldArguments (100 bytes)
Event: 2705.457 Thread 0x00000284f650a000 nmethod 25692 0x0000028488156710 code [0x00000284881568c0, 0x0000028488156c78]

GC Heap History (10 events):
Event: 2611.865 GC heap before
{Heap before GC invocations=352 (full 154):
 garbage-first heap   total 286720K, used 149546K [0x0000000700000000, 0x00000007001008c0, 0x00000007c0000000)
  region size 1024K, 60 young (61440K), 2 survivors (2048K)
 Metaspace       used 92713K, capacity 99683K, committed 99840K, reserved 1134592K
  class space    used 12547K, capacity 13738K, committed 13824K, reserved 1048576K
}
Event: 2611.868 GC heap after
{Heap after GC invocations=353 (full 154):
 garbage-first heap   total 286720K, used 90480K [0x0000000700000000, 0x00000007001008c0, 0x00000007c0000000)
  region size 1024K, 3 young (3072K), 3 survivors (3072K)
 Metaspace       used 92713K, capacity 99683K, committed 99840K, reserved 1134592K
  class space    used 12547K, capacity 13738K, committed 13824K, reserved 1048576K
}
Event: 2657.450 GC heap before
{Heap before GC invocations=353 (full 154):
 garbage-first heap   total 286720K, used 148848K [0x0000000700000000, 0x00000007001008c0, 0x00000007c0000000)
  region size 1024K, 60 young (61440K), 3 survivors (3072K)
 Metaspace       used 92738K, capacity 99747K, committed 99840K, reserved 1134592K
  class space    used 12547K, capacity 13738K, committed 13824K, reserved 1048576K
}
Event: 2657.453 GC heap after
{Heap after GC invocations=354 (full 154):
 garbage-first heap   total 286720K, used 90512K [0x0000000700000000, 0x00000007001008c0, 0x00000007c0000000)
  region size 1024K, 3 young (3072K), 3 survivors (3072K)
 Metaspace       used 92738K, capacity 99747K, committed 99840K, reserved 1134592K
  class space    used 12547K, capacity 13738K, committed 13824K, reserved 1048576K
}
Event: 2660.649 GC heap before
{Heap before GC invocations=354 (full 154):
 garbage-first heap   total 286720K, used 148880K [0x0000000700000000, 0x00000007001008c0, 0x00000007c0000000)
  region size 1024K, 60 young (61440K), 3 survivors (3072K)
 Metaspace       used 92739K, capacity 99747K, committed 99840K, reserved 1134592K
  class space    used 12547K, capacity 13738K, committed 13824K, reserved 1048576K
}
Event: 2660.651 GC heap after
{Heap after GC invocations=355 (full 154):
 garbage-first heap   total 286720K, used 90424K [0x0000000700000000, 0x00000007001008c0, 0x00000007c0000000)
  region size 1024K, 2 young (2048K), 2 survivors (2048K)
 Metaspace       used 92739K, capacity 99747K, committed 99840K, reserved 1134592K
  class space    used 12547K, capacity 13738K, committed 13824K, reserved 1048576K
}
Event: 2670.367 GC heap before
{Heap before GC invocations=355 (full 154):
 garbage-first heap   total 286720K, used 149816K [0x0000000700000000, 0x00000007001008c0, 0x00000007c0000000)
  region size 1024K, 60 young (61440K), 2 survivors (2048K)
 Metaspace       used 92784K, capacity 99747K, committed 99840K, reserved 1134592K
  class space    used 12547K, capacity 13738K, committed 13824K, reserved 1048576K
}
Event: 2670.370 GC heap after
{Heap after GC invocations=356 (full 154):
 garbage-first heap   total 286720K, used 90416K [0x0000000700000000, 0x00000007001008c0, 0x00000007c0000000)
  region size 1024K, 2 young (2048K), 2 survivors (2048K)
 Metaspace       used 92784K, capacity 99747K, committed 99840K, reserved 1134592K
  class space    used 12547K, capacity 13738K, committed 13824K, reserved 1048576K
}
Event: 2684.255 GC heap before
{Heap before GC invocations=356 (full 154):
 garbage-first heap   total 286720K, used 149808K [0x0000000700000000, 0x00000007001008c0, 0x00000007c0000000)
  region size 1024K, 60 young (61440K), 2 survivors (2048K)
 Metaspace       used 92791K, capacity 99811K, committed 100096K, reserved 1136640K
  class space    used 12548K, capacity 13738K, committed 13824K, reserved 1048576K
}
Event: 2684.258 GC heap after
{Heap after GC invocations=357 (full 154):
 garbage-first heap   total 286720K, used 90453K [0x0000000700000000, 0x00000007001008c0, 0x00000007c0000000)
  region size 1024K, 2 young (2048K), 2 survivors (2048K)
 Metaspace       used 92791K, capacity 99811K, committed 100096K, reserved 1136640K
  class space    used 12548K, capacity 13738K, committed 13824K, reserved 1048576K
}

Deoptimization events (10 events):
Event: 2704.256 Thread 0x00000284f7888800 Uncommon trap: reason=unstable_if action=reinterpret pc=0x0000028488cc1a48 method=ui.views.a.rO(Z)Z @ 51 c2
Event: 2704.261 Thread 0x00000284f7888800 Uncommon trap: reason=unstable_if action=reinterpret pc=0x00000284886d1fd4 method=sun.nio.cs.DoubleByte$Encoder.encodeArrayLoop(Ljava/nio/CharBuffer;Ljava/nio/ByteBuffer;)Ljava/nio/charset/CoderResult; @ 218 c2
Event: 2704.308 Thread 0x00000284f7888800 Uncommon trap: reason=class_check action=maybe_recompile pc=0x0000028488b80a74 method=java.awt.DefaultKeyboardFocusManager.dispatchEvent(Ljava/awt/AWTEvent;)Z @ 371 c2
Event: 2704.313 Thread 0x00000284f7888800 Uncommon trap: reason=bimorphic_or_optimized_type_check action=maybe_recompile pc=0x0000028489447150 method=ui.frmwork.a.epB()Z @ 14 c2
Event: 2704.313 Thread 0x00000284f7888800 Uncommon trap: reason=bimorphic_or_optimized_type_check action=maybe_recompile pc=0x0000028489447150 method=ui.frmwork.a.epB()Z @ 14 c2
Event: 2704.313 Thread 0x00000284f7888800 Uncommon trap: reason=bimorphic_or_optimized_type_check action=maybe_recompile pc=0x0000028489447150 method=ui.frmwork.a.epB()Z @ 14 c2
Event: 2704.313 Thread 0x00000284f7888800 Uncommon trap: reason=bimorphic_or_optimized_type_check action=maybe_recompile pc=0x0000028489447150 method=ui.frmwork.a.epB()Z @ 14 c2
Event: 2704.313 Thread 0x00000284f7888800 Uncommon trap: reason=bimorphic_or_optimized_type_check action=maybe_recompile pc=0x000002848944558c method=ui.frmwork.a.epB()Z @ 14 c2
Event: 2705.052 Thread 0x00000284f7888800 Uncommon trap: reason=unstable_if action=reinterpret pc=0x0000028488dbf038 method=ui.data.i.d.oS(I)Lui/data/i/d; @ 25 c2
Event: 2705.444 Thread 0x00000284f7888800 Uncommon trap: reason=unstable_if action=reinterpret pc=0x000002848835e6bc method=java.lang.Throwable.getOurStackTrace()[Ljava/lang/StackTraceElement; @ 7 c2

Classes redefined (0 events):
No events

Internal exceptions (10 events):
Event: 1986.063 Thread 0x00000284f7888800 Exception <a 'java/lang/NoSuchMethodError'{0x000000070be564c0}: java.lang.invoke.DelegatingMethodHandle$Holder.reinvoke_L(Ljava/lang/Object;Ljava/lang/Object;IILjava/lang/Object;Ljava/lang/Object;ILjava/lang/Object;II)Ljava/lang/Object;> (0x000000070be564
Event: 1986.064 Thread 0x00000284f7888800 Exception <a 'java/lang/NoSuchMethodError'{0x000000070bec2fd8}: java.lang.invoke.DirectMethodHandle$Holder.invokeSpecial(Ljava/lang/Object;Ljava/lang/Object;IIILjava/lang/Object;Ljava/lang/Object;ILjava/lang/Object;II)Ljava/lang/Object;> (0x000000070bec2f
Event: 1986.065 Thread 0x00000284f7888800 Exception <a 'java/lang/NoSuchMethodError'{0x000000070bec6b00}: java.lang.invoke.DelegatingMethodHandle$Holder.reinvoke_L(Ljava/lang/Object;IIILjava/lang/Object;Ljava/lang/Object;ILjava/lang/Object;II)Ljava/lang/Object;> (0x000000070bec6b00) thrown at [t:
Event: 1986.065 Thread 0x00000284f7888800 Exception <a 'java/lang/NoSuchMethodError'{0x000000070bee4dc0}: method resolution failed> (0x000000070bee4dc0) thrown at [t:/workspace/hotspot/src/share/vm/prims/methodHandles.cpp, line 1256]
Event: 1986.116 Thread 0x00000284f7888800 Exception <a 'java/lang/NoSuchMethodError'{0x000000070b7acaa0}: java.lang.invoke.DirectMethodHandle$Holder.invokeSpecial(Ljava/lang/Object;Ljava/lang/Object;ILjava/lang/Object;)V> (0x000000070b7acaa0) thrown at [t:/workspace/hotspot/src/share/vm/interpret
Event: 1986.117 Thread 0x00000284f7888800 Exception <a 'java/lang/NoSuchMethodError'{0x000000070b7b23c8}: java.lang.invoke.DirectMethodHandle$Holder.invokeStatic(Ljava/lang/Object;Ljava/lang/Object;ILjava/lang/Object;)Ljava/lang/Object;> (0x000000070b7b23c8) thrown at [t:/workspace/hotspot/src/sh
Event: 2599.175 Thread 0x000002849c877000 Exception <a 'java/lang/NoSuchMethodError'{0x000000070fa1d6c8}: java.lang.invoke.DirectMethodHandle$Holder.invokeVirtual(Ljava/lang/Object;Ljava/lang/Object;)V> (0x000000070fa1d6c8) thrown at [t:/workspace/hotspot/src/share/vm/interpreter/linkResolver.cpp
Event: 2704.257 Thread 0x000002849c874000 Exception <a 'java/lang/InterruptedException'{0x000000070f600040}: sleep interrupted> (0x000000070f600040) thrown at [t:/workspace/hotspot/src/share/vm/prims/jvm.cpp, line 3023]
Event: 2704.262 Thread 0x000002849c86e000 Exception <a 'java/lang/InterruptedException'{0x000000070f680840}: sleep interrupted> (0x000000070f680840) thrown at [t:/workspace/hotspot/src/share/vm/prims/jvm.cpp, line 3023]
Event: 2705.443 Thread 0x00000284f7888800 Exception <a 'ui/frmwork/CommandFailedException'{0x000000070e7662c0}: Unknown exception occurred> (0x000000070e7662c0) thrown at [t:/workspace/hotspot/src/share/vm/prims/jni.cpp, line 625]

Events (10 events):
Event: 2705.443 loading class java/util/NoSuchElementException done
Event: 2705.444 Thread 0x00000284f7888800 Uncommon trap: trap_request=0xffffff5d fr.pc=0x000002848835e6bc relative=0x000000000000075c
Event: 2705.444 Thread 0x00000284f7888800 DEOPT PACKING pc=0x000002848835e6bc sp=0x000000c83b7f51b0
Event: 2705.444 Thread 0x00000284f7888800 DEOPT UNPACKING pc=0x000002848004df29 sp=0x000000c83b7f51a8 mode 2
Event: 2705.446 Thread 0x00000284f7888800 DEOPT PACKING pc=0x000002848124b0ff sp=0x000000c83b7f4a60
Event: 2705.446 Thread 0x00000284f7888800 DEOPT UNPACKING pc=0x000002848004dd3f sp=0x000000c83b7f4090 mode 0
Event: 2705.448 Thread 0x00000284f7888800 DEOPT PACKING pc=0x000002848124b0ff sp=0x000000c83b7f4ac0
Event: 2705.448 Thread 0x00000284f7888800 DEOPT UNPACKING pc=0x000002848004dd3f sp=0x000000c83b7f40f0 mode 0
Event: 2705.449 loading class ui/frmwork/COutOfMemoryException
Event: 2705.449 loading class ui/frmwork/COutOfMemoryException done


Dynamic libraries:
0x00007ff675570000 - 0x00007ff6755a0000 	D:\Vivado\Vivado\2019.2\bin\unwrapped\win64.o\vivado.exe
0x00007ffc94910000 - 0x00007ffc94b05000 	C:\Windows\SYSTEM32\ntdll.dll
0x00007ffc93a40000 - 0x00007ffc93afe000 	C:\Windows\System32\KERNEL32.DLL
0x00007ffc92160000 - 0x00007ffc92429000 	C:\Windows\System32\KERNELBASE.dll
0x00007ffc92060000 - 0x00007ffc92160000 	C:\Windows\System32\ucrtbase.dll
0x00007ffc78cd0000 - 0x00007ffc78d5d000 	C:\Windows\SYSTEM32\MSVCP140.dll
0x00007ffc83350000 - 0x00007ffc8336b000 	C:\Windows\SYSTEM32\VCRUNTIME140.dll
0x00007ffc8c510000 - 0x00007ffc8c51c000 	C:\Windows\SYSTEM32\VCRUNTIME140_1.dll
0x00007ffc8c4f0000 - 0x00007ffc8c506000 	D:\Vivado\Vivado\2019.2\lib\win64.o\librdi_commonmain.dll
0x00007ffc89b20000 - 0x00007ffc89b34000 	D:\Vivado\Vivado\2019.2\lib\win64.o\libboost_signals.dll
0x00007ffc86ed0000 - 0x00007ffc86eda000 	D:\Vivado\Vivado\2019.2\lib\win64.o\librdi_commonversion.dll
0x00007ffc84ea0000 - 0x00007ffc84ec6000 	D:\Vivado\Vivado\2019.2\lib\win64.o\libboost_filesystem.dll
0x00007ffc946d0000 - 0x00007ffc9477c000 	C:\Windows\System32\ADVAPI32.dll
0x00007ffc94630000 - 0x00007ffc946ce000 	C:\Windows\System32\msvcrt.dll
0x00007ffc929c0000 - 0x00007ffc92a5b000 	C:\Windows\System32\sechost.dll
0x00007ffc936a0000 - 0x00007ffc937ca000 	C:\Windows\System32\RPCRT4.dll
0x00007ffc45310000 - 0x00007ffc46253000 	D:\Vivado\Vivado\2019.2\lib\win64.o\librdi_common.dll
0x00007ffc92b10000 - 0x00007ffc92cb1000 	C:\Windows\System32\USER32.dll
0x00007ffc926c0000 - 0x00007ffc926e2000 	C:\Windows\System32\win32u.dll
0x00007ffc93880000 - 0x00007ffc938ab000 	C:\Windows\System32\GDI32.dll
0x00007ffc92430000 - 0x00007ffc9253b000 	C:\Windows\System32\gdi32full.dll
0x00007ffc92620000 - 0x00007ffc926bd000 	C:\Windows\System32\msvcp_win.dll
0x00007ffc92e90000 - 0x00007ffc935cf000 	C:\Windows\System32\SHELL32.dll
0x00007ffc92030000 - 0x00007ffc92057000 	C:\Windows\System32\bcrypt.dll
0x00007ffc76900000 - 0x00007ffc76aa1000 	D:\Vivado\Vivado\2019.2\lib\win64.o\librdi_commonxillic.dll
0x00007ffc938b0000 - 0x00007ffc9391b000 	C:\Windows\System32\WS2_32.dll
0x000000006cac0000 - 0x000000006cbeb000 	D:\Vivado\Vivado\2019.2\lib\win64.o\tcl85t.dll
0x00007ffc86ec0000 - 0x00007ffc86ecb000 	D:\Vivado\Vivado\2019.2\lib\win64.o\libboost_system.dll
0x00007ffc83f60000 - 0x00007ffc83f74000 	D:\Vivado\Vivado\2019.2\lib\win64.o\libboost_date_time.dll
0x00007ffc5c510000 - 0x00007ffc5c87e000 	D:\Vivado\Vivado\2019.2\lib\win64.o\libCOIN-all.dll
0x00007ffc7ba70000 - 0x00007ffc7baef000 	D:\Vivado\Vivado\2019.2\lib\win64.o\libboost_program_options.dll
0x00007ffc76c50000 - 0x00007ffc76d64000 	D:\Vivado\Vivado\2019.2\lib\win64.o\libboost_regex.dll
0x00007ffc7b470000 - 0x00007ffc7b491000 	D:\Vivado\Vivado\2019.2\lib\win64.o\libboost_thread.dll
0x00007ffc86120000 - 0x00007ffc8612f000 	D:\Vivado\Vivado\2019.2\lib\win64.o\libboost_xilinx.dll
0x00007ffc76870000 - 0x00007ffc768f2000 	D:\Vivado\Vivado\2019.2\lib\win64.o\libhdlpsolve.dll
0x00007ffc7b420000 - 0x00007ffc7b44e000 	D:\Vivado\Vivado\2019.2\lib\win64.o\libisl_sysinfo.dll
0x00007ffc767c0000 - 0x00007ffc76865000 	D:\Vivado\Vivado\2019.2\lib\win64.o\libhdxml.dll
0x00007ffc787e0000 - 0x00007ffc78845000 	D:\Vivado\Vivado\2019.2\lib\win64.o\liblmx6.0.dll
0x00007ffc7f9a0000 - 0x00007ffc7f9ba000 	D:\Vivado\Vivado\2019.2\lib\win64.o\pthreadVC2.dll
0x00007ffc7b400000 - 0x00007ffc7b41c000 	D:\Vivado\Vivado\2019.2\lib\win64.o\librdiconfig.dll
0x00007ffc85f40000 - 0x00007ffc85f58000 	C:\Windows\SYSTEM32\NETAPI32.dll
0x00007ffc86190000 - 0x00007ffc86660000 	C:\Windows\SYSTEM32\WININET.dll
0x00007ffc8aaa0000 - 0x00007ffc8aba8000 	C:\Windows\SYSTEM32\WINHTTP.dll
0x00007ffc892f0000 - 0x00007ffc894db000 	C:\Windows\SYSTEM32\urlmon.dll
0x00007ffc7b0b0000 - 0x00007ffc7b0d1000 	D:\Vivado\Vivado\2019.2\lib\win64.o\librdizlib.dll
0x00007ffc71a00000 - 0x00007ffc71a09000 	C:\Windows\SYSTEM32\WSOCK32.dll
0x00007ffc79970000 - 0x00007ffc799a1000 	C:\Windows\SYSTEM32\VCOMP140.DLL
0x00007ffc59a10000 - 0x00007ffc59ceb000 	D:\Vivado\Vivado\2019.2\lib\win64.o\libXil_lmgr11.dll
0x00007ffc94790000 - 0x00007ffc9486a000 	C:\Windows\System32\COMDLG32.dll
0x00007ffc942d0000 - 0x00007ffc94625000 	C:\Windows\System32\combase.dll
0x00007ffc937d0000 - 0x00007ffc9387d000 	C:\Windows\System32\shcore.dll
0x00007ffc92960000 - 0x00007ffc929b5000 	C:\Windows\System32\SHLWAPI.dll
0x00007ffc935d0000 - 0x00007ffc9369d000 	C:\Windows\System32\OLEAUT32.dll
0x00007ffc93b00000 - 0x00007ffc93c2a000 	C:\Windows\System32\ole32.dll
0x00007ffc926f0000 - 0x00007ffc92750000 	C:\Windows\System32\WINTRUST.dll
0x0000000012000000 - 0x0000000012270000 	D:\Vivado\Vivado\2019.2\lib\win64.o\xerces-c_3_1.dll
0x00007ffc92800000 - 0x00007ffc92956000 	C:\Windows\System32\CRYPT32.dll
0x00007ffc44470000 - 0x00007ffc45301000 	D:\Vivado\Vivado\2019.2\lib\win64.o\gurobi65.dll
0x00007ffc873e0000 - 0x00007ffc87690000 	C:\Windows\SYSTEM32\iertutil.dll
0x00007ffc87690000 - 0x00007ffc876b8000 	C:\Windows\SYSTEM32\srvcli.dll
0x00007ffc91510000 - 0x00007ffc9151c000 	C:\Windows\SYSTEM32\netutils.dll
0x00007ffc78390000 - 0x00007ffc78440000 	C:\Windows\WinSxS\amd64_microsoft.windows.common-controls_6595b64144ccf1df_5.82.19041.1110_none_792d1c772443f647\COMCTL32.dll
0x00007ffc8c360000 - 0x00007ffc8c37d000 	C:\Windows\SYSTEM32\dhcpcsvc.DLL
0x00007ffc824c0000 - 0x00007ffc824cd000 	D:\Vivado\Vivado\2019.2\lib\win64.o\libboost_chrono.dll
0x00007ffc4d600000 - 0x00007ffc4e1fc200 	D:\Vivado\Vivado\2019.2\lib\win64.o\libisl_iostreams.dll
0x00007ffc7a180000 - 0x00007ffc7a1a5000 	D:\Vivado\Vivado\2019.2\lib\win64.o\libisl_iosutils.dll
0x00007ffc7a0d0000 - 0x00007ffc7a0eb000 	D:\Vivado\Vivado\2019.2\lib\win64.o\libboost_iostreams.dll
0x00007ffc94220000 - 0x00007ffc94250000 	C:\Windows\System32\IMM32.DLL
0x00007ffc91ba0000 - 0x00007ffc91bb2000 	C:\Windows\SYSTEM32\MSASN1.dll
0x00007ffc908b0000 - 0x00007ffc908c2000 	C:\Windows\SYSTEM32\kernel.appcore.dll
0x00007ffc557b0000 - 0x00007ffc55cc7000 	D:\Vivado\Vivado\2019.2\lib\win64.o\librdi_commontasks.dll
0x00007ffc8c350000 - 0x00007ffc8c35a000 	C:\Windows\SYSTEM32\VERSION.dll
0x00007ffc55270000 - 0x00007ffc55553000 	D:\Vivado\Vivado\2019.2\lib\win64.o\librdi_sio.dll
0x00007ffc91400000 - 0x00007ffc9143b000 	C:\Windows\SYSTEM32\IPHLPAPI.DLL
0x000000006c090000 - 0x000000006cab5000 	D:\Vivado\Vivado\2019.2\tps\win64\jre9.0.4\bin\server\jvm.dll
0x00007ffc94250000 - 0x00007ffc94258000 	C:\Windows\System32\PSAPI.DLL
0x00007ffc80ee0000 - 0x00007ffc80f07000 	C:\Windows\SYSTEM32\WINMM.dll
0x00007ffc91710000 - 0x00007ffc9177a000 	C:\Windows\SYSTEM32\MSWSOCK.DLL
0x00007ffc75da0000 - 0x00007ffc75e8f000 	C:\Windows\SYSTEM32\MSVCR120.dll
0x00007ffc90110000 - 0x00007ffc908a0000 	C:\Windows\SYSTEM32\windows.storage.dll
0x00007ffc91a10000 - 0x00007ffc91a3c000 	C:\Windows\SYSTEM32\Wldp.dll
0x00007ffc41d20000 - 0x00007ffc44465000 	D:\Vivado\Vivado\2019.2\lib\win64.o\librdi_tcltasks.dll
0x00007ffc76300000 - 0x00007ffc7637b000 	D:\Vivado\Vivado\2019.2\lib\win64.o\librdi_boarddep.dll
0x00007ffc5c3b0000 - 0x00007ffc5c502000 	D:\Vivado\Vivado\2019.2\lib\win64.o\librdi_cd_client.dll
0x00007ffc4e8e0000 - 0x00007ffc4ed94000 	D:\Vivado\Vivado\2019.2\lib\win64.o\librdi_bitstream.dll
0x00007ffc54e80000 - 0x00007ffc5501d000 	D:\Vivado\Vivado\2019.2\lib\win64.o\librdi_board.dll
0x00007ffc52ac0000 - 0x00007ffc52c80000 	D:\Vivado\Vivado\2019.2\lib\win64.o\librdi_chipscopeimpl.dll
0x00007ffc6c610000 - 0x00007ffc6c6ff000 	D:\Vivado\Vivado\2019.2\lib\win64.o\librdi_chipscope.dll
0x00007ffc52060000 - 0x00007ffc52384000 	D:\Vivado\Vivado\2019.2\lib\win64.o\librdi_containers.dll
0x00007ffc3e030000 - 0x00007ffc3fb0a000 	D:\Vivado\Vivado\2019.2\lib\win64.o\librdi_constraints.dll
0x00007ffc41640000 - 0x00007ffc41d19000 	D:\Vivado\Vivado\2019.2\lib\win64.o\librdi_coregenipxact.dll
0x00007ffc29990000 - 0x00007ffc2dc5b000 	D:\Vivado\Vivado\2019.2\lib\win64.o\librdi_designutils.dll
0x00007ffc3c040000 - 0x00007ffc3e030000 	D:\Vivado\Vivado\2019.2\lib\win64.o\librdi_coregen.dll
0x00007ffc46f60000 - 0x00007ffc472aa000 	D:\Vivado\Vivado\2019.2\lib\win64.o\librdi_dlyest.dll
0x00007ffc13d10000 - 0x00007ffc288bb000 	D:\Vivado\Vivado\2019.2\lib\win64.o\librdi_device.dll
0x00007ffc75cd0000 - 0x00007ffc75d94000 	D:\Vivado\Vivado\2019.2\lib\win64.o\librdi_dsp.dll
0x00007ffc41070000 - 0x00007ffc4163d000 	D:\Vivado\Vivado\2019.2\lib\win64.o\librdi_drc.dll
0x00007ffc46c50000 - 0x00007ffc46f60000 	D:\Vivado\Vivado\2019.2\lib\win64.o\librdi_guitools.dll
0x00007ffc3b9d0000 - 0x00007ffc3c03b000 	D:\Vivado\Vivado\2019.2\lib\win64.o\librdi_filemgmt.dll
0x00007ffc76be0000 - 0x00007ffc76c4a000 	D:\Vivado\Vivado\2019.2\lib\win64.o\librdi_hdf.dll
0x00007ffc40e50000 - 0x00007ffc41070000 	D:\Vivado\Vivado\2019.2\lib\win64.o\librdi_hip_devdesign.dll
0x00007ffc5b590000 - 0x00007ffc5b6d8000 	D:\Vivado\Vivado\2019.2\lib\win64.o\librdi_hip_perf_analysis.dll
0x00007ffc734a0000 - 0x00007ffc73514000 	D:\Vivado\Vivado\2019.2\lib\win64.o\librdi_memoryarray.dll
0x00007ffc3b390000 - 0x00007ffc3b9c1000 	D:\Vivado\Vivado\2019.2\lib\win64.o\librdi_memdata.dll
0x00007ffc36bb0000 - 0x00007ffc3831d000 	D:\Vivado\Vivado\2019.2\lib\win64.o\librdi_implflow.dll
0x00007ffc79400000 - 0x00007ffc7944c000 	D:\Vivado\Vivado\2019.2\lib\win64.o\librdi_pfi.dll
0x00007ffc10f40000 - 0x00007ffc13d0b000 	D:\Vivado\Vivado\2019.2\lib\win64.o\librdi_mig.dll
0x00007ffc39480000 - 0x00007ffc39b63000 	D:\Vivado\Vivado\2019.2\lib\win64.o\librdi_netlist.dll
0x00007ffc40b30000 - 0x00007ffc40e4b000 	D:\Vivado\Vivado\2019.2\lib\win64.o\librdi_platform.dll
0x00007ffc0e670000 - 0x00007ffc10f37000 	D:\Vivado\Vivado\2019.2\lib\win64.o\librdi_place.dll
0x00007ffc363a0000 - 0x00007ffc36bab000 	D:\Vivado\Vivado\2019.2\lib\win64.o\librdi_power.dll
0x00007ffc3add0000 - 0x00007ffc3b38a000 	D:\Vivado\Vivado\2019.2\lib\win64.o\librdi_project.dll
0x00007ffc35c60000 - 0x00007ffc36393000 	D:\Vivado\Vivado\2019.2\lib\win64.o\librdi_psta.dll
0x00007ffc35590000 - 0x00007ffc35c51000 	D:\Vivado\Vivado\2019.2\lib\win64.o\librdi_rsb.dll
0x00007ffc29560000 - 0x00007ffc29983000 	D:\Vivado\Vivado\2019.2\lib\win64.o\librdi_runs.dll
0x00007ffc5c060000 - 0x00007ffc5c168000 	D:\Vivado\Vivado\2019.2\lib\win64.o\librdi_runsbase.dll
0x00007ffc35310000 - 0x00007ffc35585000 	D:\Vivado\Vivado\2019.2\lib\win64.o\librdi_simdata.dll
0x00007ffc52920000 - 0x00007ffc52ac0000 	D:\Vivado\Vivado\2019.2\lib\win64.o\librdi_cd_protocol.dll
0x00007ffc0d7e0000 - 0x00007ffc0e66d000 	D:\Vivado\Vivado\2019.2\lib\win64.o\librdi_timing.dll
0x00007ffc392d0000 - 0x00007ffc39471000 	D:\Vivado\Vivado\2019.2\lib\win64.o\librdi_advchipscopeimpl.dll
0x00007ffc762b0000 - 0x00007ffc762fc000 	D:\Vivado\Vivado\2019.2\lib\win64.o\libboost_serialization.dll
0x00007ffc6ba80000 - 0x00007ffc6bb57000 	D:\Vivado\Vivado\2019.2\lib\win64.o\librdi_ipconfig_readwrite.dll
0x00007ffc76090000 - 0x00007ffc760da000 	D:\Vivado\Vivado\2019.2\lib\win64.o\librdi_noc_frameworks.dll
0x00007ffc29370000 - 0x00007ffc29554000 	D:\Vivado\Vivado\2019.2\lib\win64.o\librdi_hip_config.dll
0x00007ffc28e20000 - 0x00007ffc2936e000 	D:\Vivado\Vivado\2019.2\lib\win64.o\librdi_xdm.dll
0x00007ffc6e2e0000 - 0x00007ffc6e37e000 	D:\Vivado\Vivado\2019.2\lib\win64.o\libise.dll
0x00007ffc0cc90000 - 0x00007ffc0d7d7000 	D:\Vivado\Vivado\2019.2\lib\win64.o\libverific.dll
0x00007ffc71cc0000 - 0x00007ffc71d0a000 	D:\Vivado\Vivado\2019.2\lib\win64.o\librdi_wavedata_SimpleApi.dll

VM Arguments:
jvm_args: -Dsun.java2d.pmoffscreen=false -Dsun.java2d.xrender=false -Dsun.java2d.d3d=false -Dsun.awt.nopixfmt=true -Dsun.java2d.dpiaware=true -Dsun.java2d.uiScale.enabled=false -Xverify:none -Dswing.aatext=true -XX:-UsePerfData -Djdk.map.althashing.threshold=512 -XX:StringTableSize=4072 --add-opens=java.base/java.nio=ALL-UNNAMED --add-opens=java.desktop/sun.swing=ALL-UNNAMED --add-opens=java.desktop/javax.swing=ALL-UNNAMED --add-opens=java.desktop/javax.swing.tree=ALL-UNNAMED --add-opens=java.desktop/javax.swing.plaf.basic=ALL-UNNAMED --add-opens=java.desktop/javax.swing.plaf.synth=ALL-UNNAMED --add-opens=java.desktop/com.sun.awt=ALL-UNNAMED -XX:NewSize=60m -XX:MaxNewSize=60m -Xms128m -Xmx3072m -Xss5m 
java_command: <unknown>
java_class_path (initial): D:/Vivado/Vivado/2019.2\lib\classes\alloy.jar;D:/Vivado/Vivado/2019.2\lib\classes\autoesl-common.jar;D:/Vivado/Vivado/2019.2\lib\classes\autoesl-models.jar;D:/Vivado/Vivado/2019.2\lib\classes\autoesl-report.jar;D:/Vivado/Vivado/2019.2\lib\classes\autopilot.scelaborator.jar;D:/Vivado/Vivado/2019.2\lib\classes\autopilot.sourceprocessor.jar;D:/Vivado/Vivado/2019.2\lib\classes\autopilot.tbprocessor.jar;D:/Vivado/Vivado/2019.2\lib\classes\batik-anim.jar;D:/Vivado/Vivado/2019.2\lib\classes\batik-awt-util.jar;D:/Vivado/Vivado/2019.2\lib\classes\batik-bridge.jar;D:/Vivado/Vivado/2019.2\lib\classes\batik-codec.jar;D:/Vivado/Vivado/2019.2\lib\classes\batik-css.jar;D:/Vivado/Vivado/2019.2\lib\classes\batik-dom.jar;D:/Vivado/Vivado/2019.2\lib\classes\batik-ext.jar;D:/Vivado/Vivado/2019.2\lib\classes\batik-gui-util.jar;D:/Vivado/Vivado/2019.2\lib\classes\batik-gvt.jar;D:/Vivado/Vivado/2019.2\lib\classes\batik-parser.jar;D:/Vivado/Vivado/2019.2\lib\classes\batik-script.jar;D:/Vivado/Vivado/2019.2\lib\classes\batik-svg-dom.jar;D:/Vivado/Vivado/2019.2\lib\classes\batik-swing.jar;D:/Vivado/Vivado/2019.2\lib\classes\batik-transcoder.jar;D:/Vivado/Vivado/2019.2\lib\classes\batik-util.jar;D:/Vivado/Vivado/2019.2\lib\classes\batik-xml.jar;D:/Vivado/Vivado/2019.2\lib\classes\com.google.gson_2.7.0.v20170129-0911.jar;D:/Vivado/Vivado/2019.2\lib\classes\com.google.guava_21.0.0.v20170206-1425.jar;D:/Vivado/Vivado/2019.2\lib\classes\com.ibm.icu_4.4.2.v20110208.jar;D:/Vivado/Vivado/2019.2\lib\classes\com.sigasi.hdt.connection_4.5.0.201909241521.jar;D:/Vivado/Vivado/2019.2\lib\classes\com.sigasi.hdt.epl_4.5.0.201909241521.jar;D:/Vivado/Vivado/2019.2\lib\classes\com.sigasi.hdt.project_4.5.0.201909241521.jar;D:/Vivado/Vivado/2019.2\lib\classes\com.sigasi.hdt.readonlyfilesystem_4.5.0.201909241521.jar;D:/Vivado/Vivado/2019.2\lib\classes\com.sigasi.lcm_4.5.0.201909241521.jar;D:/Vivado/Vivado/2019.2\lib\classes\com.sigasi.sdk.client_4.5.0.201909241521.jar;D:/Vivado/Vivado
Launcher Type: generic

Logging:
Log output configuration:
#0: stdout all=warning uptime,level,tags
#1: stderr all=off uptime,level,tags

Environment Variables:
PATH=D:/Vivado/Vivado/2019.2\gnuwin\bin;D:/Vivado/Vivado/2019.2\gnu\microblaze\nt\bin;D:/Vivado/Vivado/2019.2/bin;D:/Vivado/Vivado/2019.2/lib/win64.o;D:/Vivado/Vivado/2019.2/tps/win64/jre9.0.4/bin/server;D:/Vivado/Vivado/2019.2/tps/win64/jre9.0.4/bin;D:/Vivado/Vivado/2019.2/ids_lite/ISE/bin/nt64;D:/Vivado/Vivado/2019.2/ids_lite/ISE/lib/nt64;C:\Program Files (x86)\NVIDIA Corporation\PhysX\Common;D:\Vmware\bin\;C:\Program Files (x86)\Common Files\Oracle\Java\javapath;C:\Windows\system32;C:\Windows;C:\Windows\System32\Wbem;C:\Windows\System32\WindowsPowerShell\v1.0\;C:\Windows\System32\OpenSSH\;C:\Users\80601\AppData\Local\Microsoft\WindowsApps;D:\Microsoft VS Code\bin;C:\Program Files\x86_64-8.1.0-release-win32-seh-rt_v6-rev0\mingw64\bin;;D:/Vivado/Vivado/2019.2\tps\mingw\6.2.0\win64.o\nt\bin;D:/Vivado/Vivado/2019.2\tps\mingw\6.2.0\win64.o\nt\libexec\gcc\x86_64-w64-mingw32\6.2.0;D:/Vivado/Vivado/2019.2\tps\win64\python-2.7.5;D:/Vivado/Vivado/2019.2\tps\win64\python-2.7.5\bin;D:/Vivado/Vivado/2019.2\tps\win64\python-2.7.5\lib;D:/Vivado/Vivado/2019.2\tps\win64\python-2.7.5\Lib\lib-tk;D:/Vivado/Vivado/2019.2\tps\win64\python-2.7.5\lib\site-packages
USERNAME=80601
OS=Windows_NT
PROCESSOR_IDENTIFIER=Intel64 Family 6 Model 165 Stepping 2, GenuineIntel



---------------  S Y S T E M  ---------------

OS: Windows 10 , 64 bit Build 19041 (10.0.19041.1202)

CPU:total 16 (initial active 16) (8 cores per cpu, 2 threads per core) family 6 model 165 stepping 2, cmov, cx8, fxsr, mmx, sse, sse2, sse3, ssse3, sse4.1, sse4.2, popcnt, avx, avx2, aes, clmul, erms, 3dnowpref, lzcnt, ht, tsc, tscinvbit, bmi1, bmi2, adx, fma

Memory: 4k page, physical 16681776k(8953016k free), swap 27691824k(17099968k free)

vm_info: Java HotSpot(TM) 64-Bit Server VM (9.0.4+11) for windows-amd64 JRE (9.0.4+11), built on Dec 20 2017 02:18:54 by "mach5one" with MS VC++ 12.0 (VS2013)

END.
