#
# A fatal error has been detected by the Java Runtime Environment:
#
#  EXCEPTION_ACCESS_VIOLATION (0xc0000005) at pc=0x00007ff86e1fdd98, pid=13052, tid=15384
#
# JRE version: Java(TM) SE Runtime Environment (9.0+11) (build 9.0.4+11)
# Java VM: Java HotSpot(TM) 64-Bit Server VM (9.0.4+11, mixed mode, tiered, compressed oops, g1 gc, windows-amd64)
# Problematic frame:
# C  [librdi_wavedata.dll+0x46dd98]
#
# No core dump will be written. Minidumps are not enabled by default on client versions of Windows
#
# If you would like to submit a bug report, please visit:
#   http://bugreport.java.com/bugreport/crash.jsp
# The crash happened outside the Java Virtual Machine in native code.
# See problematic frame for where to report the bug.
#

---------------  S U M M A R Y ------------

Command Line: -Dsun.java2d.pmoffscreen=false -Dsun.java2d.xrender=false -Dsun.java2d.d3d=false -Dsun.awt.nopixfmt=true -Dsun.java2d.dpiaware=true -Dsun.java2d.uiScale.enabled=false -Xverify:none -Dswing.aatext=true -XX:-UsePerfData -Djdk.map.althashing.threshold=512 -XX:StringTableSize=4072 --add-opens=java.base/java.nio=ALL-UNNAMED --add-opens=java.desktop/sun.swing=ALL-UNNAMED --add-opens=java.desktop/javax.swing=ALL-UNNAMED --add-opens=java.desktop/javax.swing.tree=ALL-UNNAMED --add-opens=java.desktop/javax.swing.plaf.basic=ALL-UNNAMED --add-opens=java.desktop/javax.swing.plaf.synth=ALL-UNNAMED --add-opens=java.desktop/com.sun.awt=ALL-UNNAMED -XX:NewSize=60m -XX:MaxNewSize=60m -Xms128m -Xmx3072m -Xss5m 

Host: Intel(R) Core(TM) i7-10875H CPU @ 2.30GHz, 16 cores, 15G,  Windows 10 , 64 bit Build 19041 (10.0.19041.1645)
Time: Wed Apr 20 19:49:32 2022 ?D1¨²¡À¨º¡Á?¨º¡À?? elapsed time: 356739 seconds (4d 3h 5m 39s)

---------------  T H R E A D  ---------------

Current thread (0x0000024e53592800):  JavaThread "AWT-EventQueue-1" [_thread_in_native, id=15384, stack(0x000000e26e000000,0x000000e26e500000)]

Stack: [0x000000e26e000000,0x000000e26e500000],  sp=0x000000e26e4f45a8,  free space=5073k
Native frames: (J=compiled Java code, j=interpreted, Vv=VM code, C=native code)
C  [librdi_wavedata.dll+0x46dd98]

Java frames: (J=compiled Java code, j=interpreted, Vv=VM code)
J 24694  ui.views.waveform.waveformi.WVExecutive_getNameDataSize(J)J (0 bytes) @ 0x0000024e43ccd2a1 [0x0000024e43ccd260+0x0000000000000041]
J 29659 c2 ui.views.waveform.m.gYb()V (25 bytes) @ 0x0000024e44e78a04 [0x0000024e44e77ae0+0x0000000000000f24]
J 29612 c2 ui.views.waveform.w.cZO()V (38 bytes) @ 0x0000024e44e3e854 [0x0000024e44e3be20+0x0000000000002a34]
J 32128 c2 ui.views.waveform.c.b.j(Lui/frmwork/b/i;)V (603 bytes) @ 0x0000024e4496d144 [0x0000024e4496b520+0x0000000000001c24]
J 29215 c2 ui.views.waveform.w.a(Lui/frmwork/b/i;)V (17 bytes) @ 0x0000024e4416d164 [0x0000024e4416d120+0x0000000000000044]
J 34407 c2 ui.frmwork.b.l.d(Lui/frmwork/b/i;)V (61 bytes) @ 0x0000024e44710b98 [0x0000024e44710a40+0x0000000000000158]
J 25581 c2 ui.frmwork.G.i(JZ)V (471 bytes) @ 0x0000024e444488d4 [0x0000024e444472e0+0x00000000000015f4]
j  ui.frmwork.G.fireTclEvent(J)I+96
v  ~StubRoutines::call_stub
j  ui.views.waveform.waveformi.WVExecutive_setViewportSize(JII)V+0
j  ui.views.waveform.executive.a.eF(II)V+62
j  ui.views.waveform.c.b.gYT()V+131
j  ui.views.waveform.v.componentResized(Ljava/awt/event/ComponentEvent;)V+10
J 33924 c2 java.awt.AWTEventMulticaster.componentResized(Ljava/awt/event/ComponentEvent;)V java.desktop@9.0.4 (27 bytes) @ 0x0000024e453fd574 [0x0000024e453fd4c0+0x00000000000000b4]
J 19640 c2 java.awt.Component.processComponentEvent(Ljava/awt/event/ComponentEvent;)V java.desktop@9.0.4 (82 bytes) @ 0x0000024e4358508c [0x0000024e43585020+0x000000000000006c]
J 34660 c2 java.awt.Container.processEvent(Ljava/awt/AWTEvent;)V java.desktop@9.0.4 (22 bytes) @ 0x0000024e4386bbf0 [0x0000024e4386b9c0+0x0000000000000230]
J 34840 c2 java.awt.Component.dispatchEventImpl(Ljava/awt/AWTEvent;)V java.desktop@9.0.4 (739 bytes) @ 0x0000024e44a22000 [0x0000024e44a20c40+0x00000000000013c0]
J 29065 c2 java.awt.Container.dispatchEventImpl(Ljava/awt/AWTEvent;)V java.desktop@9.0.4 (129 bytes) @ 0x0000024e44d412e4 [0x0000024e44d40c20+0x00000000000006c4]
J 28604 c2 java.awt.EventQueue$3.run()Ljava/lang/Object; java.desktop@9.0.4 (5 bytes) @ 0x0000024e43eb6e28 [0x0000024e43eb6c80+0x00000000000001a8]
v  ~StubRoutines::call_stub
J 4215  java.security.AccessController.doPrivileged(Ljava/security/PrivilegedAction;Ljava/security/AccessControlContext;)Ljava/lang/Object; java.base@9.0.4 (0 bytes) @ 0x0000024e4322fdc6 [0x0000024e4322fd60+0x0000000000000066]
J 16328 c2 java.awt.EventQueue$4.run()Ljava/lang/Object; java.desktop@9.0.4 (5 bytes) @ 0x0000024e43db22c0 [0x0000024e43db2060+0x0000000000000260]
v  ~StubRoutines::call_stub
J 4215  java.security.AccessController.doPrivileged(Ljava/security/PrivilegedAction;Ljava/security/AccessControlContext;)Ljava/lang/Object; java.base@9.0.4 (0 bytes) @ 0x0000024e4322fdc6 [0x0000024e4322fd60+0x0000000000000066]
J 32068 c2 java.awt.EventQueue.dispatchEvent(Ljava/awt/AWTEvent;)V java.desktop@9.0.4 (80 bytes) @ 0x0000024e43966244 [0x0000024e43965cc0+0x0000000000000584]
J 32073 c2 ui.frmwork.b.d.dispatchEvent(Ljava/awt/AWTEvent;)V (34 bytes) @ 0x0000024e43a6ff28 [0x0000024e43a6fe40+0x00000000000000e8]
J 31182 c2 java.awt.EventDispatchThread.pumpOneEventForFilters(I)V java.desktop@9.0.4 (218 bytes) @ 0x0000024e441ec444 [0x0000024e441ec180+0x00000000000002c4]
J 25435 c2 java.awt.EventDispatchThread.pumpEventsForFilter(ILjava/awt/Conditional;Ljava/awt/EventFilter;)V java.desktop@9.0.4 (47 bytes) @ 0x0000024e442aa70c [0x0000024e442aa560+0x00000000000001ac]
j  java.awt.EventDispatchThread.pumpEventsForFilter(Ljava/awt/Conditional;Ljava/awt/EventFilter;)V+4 java.desktop@9.0.4
j  java.awt.WaitDispatchSupport$2.run()V+59 java.desktop@9.0.4
j  java.awt.WaitDispatchSupport$4.run()Ljava/lang/Void;+4 java.desktop@9.0.4
j  java.awt.WaitDispatchSupport$4.run()Ljava/lang/Object;+1 java.desktop@9.0.4
v  ~StubRoutines::call_stub
J 1139  java.security.AccessController.doPrivileged(Ljava/security/PrivilegedAction;)Ljava/lang/Object; java.base@9.0.4 (0 bytes) @ 0x0000024e43008cb2 [0x0000024e43008c60+0x0000000000000052]
j  java.awt.WaitDispatchSupport.enter()Z+260 java.desktop@9.0.4
j  java.awt.Dialog.show()V+225 java.desktop@9.0.4
J 30511 c1 ui.b.c.g.setVisible(Z)V (15 bytes) @ 0x0000024e3d4663cc [0x0000024e3d466120+0x00000000000002ac]
j  ui.b.c.bB.showDialog()V+64
J 32100 c1 ui.b.c.bB.cSz()V (434 bytes) @ 0x0000024e3eb13844 [0x0000024e3eb09b00+0x0000000000009d44]
j  ui.views.c.t.b.a.run()V+60
j  ui.frmwork.a.epE()Z+66
j  ui.frmwork.Y.erq()V+42
j  ui.bm.actionPerformed(Ljava/awt/event/ActionEvent;)V+25
J 30690 c1 javax.swing.AbstractButton.fireActionPerformed(Ljava/awt/event/ActionEvent;)V java.desktop@9.0.4 (96 bytes) @ 0x0000024e3c1f34ac [0x0000024e3c1f2c40+0x000000000000086c]
j  ui.utils.p.b.E.fireActionPerformed(Ljava/awt/event/ActionEvent;)V+7
J 30689 c1 javax.swing.AbstractButton$Handler.actionPerformed(Ljava/awt/event/ActionEvent;)V java.desktop@9.0.4 (9 bytes) @ 0x0000024e3bc9a8c4 [0x0000024e3bc9a7c0+0x0000000000000104]
J 30713 c1 javax.swing.DefaultButtonModel.fireActionPerformed(Ljava/awt/event/ActionEvent;)V java.desktop@9.0.4 (46 bytes) @ 0x0000024e3bc9a294 [0x0000024e3bc99fe0+0x00000000000002b4]
J 27179 c1 javax.swing.DefaultButtonModel.setPressed(Z)V java.desktop@9.0.4 (125 bytes) @ 0x0000024e3ce272c4 [0x0000024e3ce26400+0x0000000000000ec4]
J 30706 c1 javax.swing.plaf.basic.BasicButtonListener.mouseReleased(Ljava/awt/event/MouseEvent;)V java.desktop@9.0.4 (48 bytes) @ 0x0000024e3c8dde2c [0x0000024e3c8dda00+0x000000000000042c]
j  com.jidesoft.plaf.basic.BasicJideButtonListener.mouseReleased(Ljava/awt/event/MouseEvent;)V+61
J 30287 c2 java.awt.AWTEventMulticaster.mouseReleased(Ljava/awt/event/MouseEvent;)V java.desktop@9.0.4 (27 bytes) @ 0x0000024e44f5f534 [0x0000024e44f5f4c0+0x0000000000000074]
J 30287 c2 java.awt.AWTEventMulticaster.mouseReleased(Ljava/awt/event/MouseEvent;)V java.desktop@9.0.4 (27 bytes) @ 0x0000024e44f5f534 [0x0000024e44f5f4c0+0x0000000000000074]
J 30287 c2 java.awt.AWTEventMulticaster.mouseReleased(Ljava/awt/event/MouseEvent;)V java.desktop@9.0.4 (27 bytes) @ 0x0000024e44f5f534 [0x0000024e44f5f4c0+0x0000000000000074]
J 28638 c2 javax.swing.JComponent.processMouseEvent(Ljava/awt/event/MouseEvent;)V java.desktop@9.0.4 (27 bytes) @ 0x0000024e445f1110 [0x0000024e445f0f20+0x00000000000001f0]
J 34660 c2 java.awt.Container.processEvent(Ljava/awt/AWTEvent;)V java.desktop@9.0.4 (22 bytes) @ 0x0000024e4386bb58 [0x0000024e4386b9c0+0x0000000000000198]
J 34840 c2 java.awt.Component.dispatchEventImpl(Ljava/awt/AWTEvent;)V java.desktop@9.0.4 (739 bytes) @ 0x0000024e44a22000 [0x0000024e44a20c40+0x00000000000013c0]
J 29065 c2 java.awt.Container.dispatchEventImpl(Ljava/awt/AWTEvent;)V java.desktop@9.0.4 (129 bytes) @ 0x0000024e44d412e4 [0x0000024e44d40c20+0x00000000000006c4]
J 23862 c2 java.awt.LightweightDispatcher.retargetMouseEvent(Ljava/awt/Component;ILjava/awt/event/MouseEvent;)V java.desktop@9.0.4 (350 bytes) @ 0x0000024e447a056c [0x0000024e4479ffc0+0x00000000000005ac]
J 17162 c2 java.awt.LightweightDispatcher.processMouseEvent(Ljava/awt/event/MouseEvent;)Z java.desktop@9.0.4 (265 bytes) @ 0x0000024e43fcc10c [0x0000024e43fcb9a0+0x000000000000076c]
J 29065 c2 java.awt.Container.dispatchEventImpl(Ljava/awt/AWTEvent;)V java.desktop@9.0.4 (129 bytes) @ 0x0000024e44d414fc [0x0000024e44d40c20+0x00000000000008dc]
J 17086 c2 java.awt.Window.dispatchEventImpl(Ljava/awt/AWTEvent;)V java.desktop@9.0.4 (23 bytes) @ 0x0000024e43fbee8c [0x0000024e43fbee40+0x000000000000004c]
J 28604 c2 java.awt.EventQueue$3.run()Ljava/lang/Object; java.desktop@9.0.4 (5 bytes) @ 0x0000024e43eb6e28 [0x0000024e43eb6c80+0x00000000000001a8]
v  ~StubRoutines::call_stub
J 4215  java.security.AccessController.doPrivileged(Ljava/security/PrivilegedAction;Ljava/security/AccessControlContext;)Ljava/lang/Object; java.base@9.0.4 (0 bytes) @ 0x0000024e4322fdc6 [0x0000024e4322fd60+0x0000000000000066]
J 16328 c2 java.awt.EventQueue$4.run()Ljava/lang/Object; java.desktop@9.0.4 (5 bytes) @ 0x0000024e43db22c0 [0x0000024e43db2060+0x0000000000000260]
v  ~StubRoutines::call_stub
J 4215  java.security.AccessController.doPrivileged(Ljava/security/PrivilegedAction;Ljava/security/AccessControlContext;)Ljava/lang/Object; java.base@9.0.4 (0 bytes) @ 0x0000024e4322fdc6 [0x0000024e4322fd60+0x0000000000000066]
J 32068 c2 java.awt.EventQueue.dispatchEvent(Ljava/awt/AWTEvent;)V java.desktop@9.0.4 (80 bytes) @ 0x0000024e43966244 [0x0000024e43965cc0+0x0000000000000584]
J 32073 c2 ui.frmwork.b.d.dispatchEvent(Ljava/awt/AWTEvent;)V (34 bytes) @ 0x0000024e43a6ff28 [0x0000024e43a6fe40+0x00000000000000e8]
J 31182 c2 java.awt.EventDispatchThread.pumpOneEventForFilters(I)V java.desktop@9.0.4 (218 bytes) @ 0x0000024e441ec444 [0x0000024e441ec180+0x00000000000002c4]
J 19488% c2 java.awt.EventDispatchThread.pumpEventsForFilter(ILjava/awt/Conditional;Ljava/awt/EventFilter;)V java.desktop@9.0.4 (47 bytes) @ 0x0000024e442253c0 [0x0000024e442252c0+0x0000000000000100]
j  java.awt.EventDispatchThread.pumpEventsForHierarchy(ILjava/awt/Conditional;Ljava/awt/Component;)V+11 java.desktop@9.0.4
j  java.awt.EventDispatchThread.pumpEvents(ILjava/awt/Conditional;)V+4 java.desktop@9.0.4
j  java.awt.EventDispatchThread.pumpEvents(Ljava/awt/Conditional;)V+3 java.desktop@9.0.4
j  java.awt.EventDispatchThread.run()V+9 java.desktop@9.0.4
v  ~StubRoutines::call_stub

siginfo: EXCEPTION_ACCESS_VIOLATION (0xc0000005), data execution prevention violation at address 0x00007ff86e1fdd98


Register to memory mapping:

RIP=0x00007ff86e1fdd98 librdi_wavedata.dll
RAX=0x0000024e6cdaa440 is an unknown value
RBX=0x0000024e6cdaa440 is an unknown value
RCX=0x0000024e6cdaa440 is an unknown value
RDX=0x00007ff86e1a1620 librdi_wavedata.dll
RSP=0x000000e26e4f45a8 is pointing into the stack for thread: 0x0000024e53592800
RBP=0x000000e26e4f4629 is pointing into the stack for thread: 0x0000024e53592800
RSI=0x00007ff86e19b5f8 librdi_wavedata.dll
RDI=0x000000e26e4f46d8 is pointing into the stack for thread: 0x0000024e53592800
R8 =0x0000000000000006 is an unknown value
R9 =0x0000000000000000 is an unknown value
R10=0x00007ff86dd90000 librdi_wavedata.dll
R11=0x000000e26e4f4580 is pointing into the stack for thread: 0x0000024e53592800
R12=0x0000000000000000 is an unknown value
R13=0x000000e26e4f47f0 is pointing into the stack for thread: 0x0000024e53592800
R14=0x0000024e2f952fa0 is an unknown value
R15=0x0000000000000000 is an unknown value


Registers:
RAX=0x0000024e6cdaa440, RBX=0x0000024e6cdaa440, RCX=0x0000024e6cdaa440, RDX=0x00007ff86e1a1620
RSP=0x000000e26e4f45a8, RBP=0x000000e26e4f4629, RSI=0x00007ff86e19b5f8, RDI=0x000000e26e4f46d8
R8 =0x0000000000000006, R9 =0x0000000000000000, R10=0x00007ff86dd90000, R11=0x000000e26e4f4580
R12=0x0000000000000000, R13=0x000000e26e4f47f0, R14=0x0000024e2f952fa0, R15=0x0000000000000000
RIP=0x00007ff86e1fdd98, EFLAGS=0x0000000000010202

Top of Stack: (sp=0x000000e26e4f45a8)
0x000000e26e4f45a8:   00007ff86dfff5ce 000000e26e4f4a00
0x000000e26e4f45b8:   0000024e2f952fc0 00007ff86e19b5f8
0x000000e26e4f45c8:   000000e26e4f46d8 ffffffff00000000
0x000000e26e4f45d8:   00007ff91691fde6 0000000000000000
0x000000e26e4f45e8:   fffffffffffffffe 0000024e590b5a00
0x000000e26e4f45f8:   0000000000000000 0000000000000000
0x000000e26e4f4608:   000000000000000f 0000024e302ef700
0x000000e26e4f4618:   00007ff918cf47b1 0000000000000000
0x000000e26e4f4628:   000000000000000f 61007375422d7677
0x000000e26e4f4638:   0000000000000072 0000000000000006
0x000000e26e4f4648:   000000000000000f 000083546f8db5ae
0x000000e26e4f4658:   00007ff91691f05b 0000024e590b5a10
0x000000e26e4f4668:   0000000000000000 0000000000000000
0x000000e26e4f4678:   000000e26e4f4a00 0000000000000000
0x000000e26e4f4688:   00007ff86dffebb0 000000e26e4f4a00
0x000000e26e4f4698:   00007ff800000000 000000e26e4f4a00 

Instructions: (pc=0x00007ff86e1fdd98)
0x00007ff86e1fdd78:   00 00 00 00 ff ff ff ff 00 00 00 00 40 00 00 00
0x00007ff86e1fdd88:   38 dd 46 00 00 00 00 00 00 00 00 00 00 00 00 00
0x00007ff86e1fdd98:   01 00 00 00 00 00 00 00 00 00 00 00 90 6b 5a 00
0x00007ff86e1fdda8:   c0 dd 46 00 98 dd 46 00 00 00 00 00 00 00 00 00 



---------------  P R O C E S S  ---------------

Java Threads: ( => current thread )
  0x0000024e304ce800 JavaThread "Relaunch Simulation Thread" [_thread_in_native, id=37736, stack(0x000000e276a00000,0x000000e276f00000)]
  0x0000024e304c3000 JavaThread "Image Fetcher 0" daemon [_thread_blocked, id=40552, stack(0x000000e272f00000,0x000000e273400000)]
  0x0000024e587e4000 JavaThread "Update Runs Swing Worker Thread" [_thread_blocked, id=11948, stack(0x000000e271a00000,0x000000e271f00000)]
  0x0000024e587e2800 JavaThread "Thread-62486" [_thread_in_native, id=16328, stack(0x000000e26d100000,0x000000e26d200000)]
  0x0000024e587e2000 JavaThread "Monitor File Timestamp Swing Worker Thread" [_thread_blocked, id=15792, stack(0x000000e276500000,0x000000e276a00000)]
  0x0000024e587e5000 JavaThread "Timer-12" [_thread_blocked, id=20484, stack(0x000000e276000000,0x000000e276500000)]
  0x0000024e587e5800 JavaThread "Monitor File Timestamp Swing Worker Thread" [_thread_blocked, id=21044, stack(0x000000e275b00000,0x000000e276000000)]
  0x0000024e304c8800 JavaThread "Timer-11" [_thread_blocked, id=19076, stack(0x000000e274700000,0x000000e274c00000)]
  0x0000024e304d0000 JavaThread "Monitor File Timestamp Swing Worker Thread" [_thread_blocked, id=22248, stack(0x000000e274200000,0x000000e274700000)]
  0x0000024e304cd800 JavaThread "Timer-10" [_thread_blocked, id=10324, stack(0x000000e273d00000,0x000000e274200000)]
  0x0000024e304d1800 JavaThread "Monitor File Timestamp Swing Worker Thread" [_thread_blocked, id=10932, stack(0x000000e275600000,0x000000e275b00000)]
  0x0000024e304d0800 JavaThread "Timer-9" [_thread_blocked, id=17052, stack(0x000000e274c00000,0x000000e275100000)]
  0x0000024e304c7000 JavaThread "Monitor File Timestamp Swing Worker Thread" [_thread_blocked, id=2708, stack(0x000000e271f00000,0x000000e272400000)]
  0x0000024e304c6000 JavaThread "Timer-5" [_thread_blocked, id=8888, stack(0x000000e271000000,0x000000e271500000)]
  0x0000024e2b95e800 JavaThread "ForkJoinPool.commonPool-worker-25" daemon [_thread_blocked, id=4040, stack(0x000000e275100000,0x000000e275600000)]
  0x0000024e304c4800 JavaThread "SyntheticaAnimation 50" daemon [_thread_blocked, id=9124, stack(0x000000e272900000,0x000000e272e00000)]
  0x0000024e304cb800 JavaThread "Image Animator 0" daemon [_thread_blocked, id=17824, stack(0x000000e272400000,0x000000e272900000)]
  0x0000024e304c4000 JavaThread "SyntheticaAnimation 50" daemon [_thread_blocked, id=6936, stack(0x000000e271500000,0x000000e271a00000)]
  0x0000024e304c9000 JavaThread "hw_ila_monitor" [_thread_blocked, id=16800, stack(0x000000e270600000,0x000000e270b00000)]
  0x0000024e2b962800 JavaThread "Refresh Filesets Swing Worker Thread" [_thread_blocked, id=18080, stack(0x000000e270100000,0x000000e270600000)]
  0x0000024e2b961800 JavaThread "SyntheticaAnimation 70" daemon [_thread_blocked, id=15516, stack(0x000000e26e500000,0x000000e26ea00000)]
  0x0000024e2b961000 JavaThread "SyntheticaAnimation 25" daemon [_thread_blocked, id=3628, stack(0x000000e26fc00000,0x000000e270100000)]
  0x0000024e2b95c800 JavaThread "SyntheticaAnimation 50" daemon [_thread_blocked, id=17432, stack(0x000000e26f700000,0x000000e26fc00000)]
  0x0000024e2b960000 JavaThread "Monitor HEventQueue Thread" [_thread_blocked, id=9188, stack(0x000000e26f200000,0x000000e26f700000)]
  0x0000024e2b95f800 JavaThread "SyntheticaCleanerThread" daemon [_thread_blocked, id=16668, stack(0x000000e26ea00000,0x000000e26ef00000)]
  0x0000024e2b95e000 JavaThread "Batik CleanerThread" daemon [_thread_blocked, id=13796, stack(0x000000e26d600000,0x000000e26db00000)]
=>0x0000024e53592800 JavaThread "AWT-EventQueue-1" [_thread_in_native, id=15384, stack(0x000000e26e000000,0x000000e26e500000)]
  0x0000024e52cf6000 JavaThread "Process Messages Thread" [_thread_blocked, id=15604, stack(0x000000e26db00000,0x000000e26e000000)]
  0x0000024e306db800 JavaThread "Thread-1" [_thread_in_native, id=2660, stack(0x000000e265600000,0x000000e266a00000)]
  0x0000024e304a7000 JavaThread "TimerQueue" daemon [_thread_blocked, id=1792, stack(0x000000e26cc00000,0x000000e26d100000)]
  0x0000024e303bb800 JavaThread "AWT-Windows" daemon [_thread_in_native, id=17732, stack(0x000000e26c700000,0x000000e26cc00000)]
  0x0000024e303cd000 JavaThread "AWT-Shutdown" [_thread_blocked, id=6448, stack(0x000000e26c200000,0x000000e26c700000)]
  0x0000024e3055f800 JavaThread "Java2D Disposer" daemon [_thread_blocked, id=12348, stack(0x000000e26bd00000,0x000000e26c200000)]
  0x0000024e2fd05000 JavaThread "Service Thread" daemon [_thread_blocked, id=2888, stack(0x000000e26b700000,0x000000e26bc00000)]
  0x0000024e2dbdd800 JavaThread "Common-Cleaner" daemon [_thread_blocked, id=15632, stack(0x000000e26b200000,0x000000e26b700000)]
  0x0000024e2b963000 JavaThread "Sweeper thread" daemon [_thread_blocked, id=10604, stack(0x000000e26ad00000,0x000000e26b200000)]
  0x0000024e2c8e0800 JavaThread "C1 CompilerThread11" daemon [_thread_blocked, id=2108, stack(0x000000e26ac00000,0x000000e26ad00000)]
  0x0000024e2c8e7800 JavaThread "C1 CompilerThread10" daemon [_thread_blocked, id=17116, stack(0x000000e26ab00000,0x000000e26ac00000)]
  0x0000024e2c8e3800 JavaThread "C1 CompilerThread9" daemon [_thread_blocked, id=9100, stack(0x000000e26aa00000,0x000000e26ab00000)]
  0x0000024e2b8c1800 JavaThread "C1 CompilerThread8" daemon [_thread_blocked, id=2360, stack(0x000000e26a900000,0x000000e26aa00000)]
  0x0000024e2b8c7800 JavaThread "C2 CompilerThread7" daemon [_thread_blocked, id=17944, stack(0x000000e26a800000,0x000000e26a900000)]
  0x0000024e2b8c7000 JavaThread "C2 CompilerThread6" daemon [_thread_blocked, id=14972, stack(0x000000e26a700000,0x000000e26a800000)]
  0x0000024e2b8c4800 JavaThread "C2 CompilerThread5" daemon [_thread_blocked, id=9732, stack(0x000000e26a600000,0x000000e26a700000)]
  0x0000024e2b8c6000 JavaThread "C2 CompilerThread4" daemon [_thread_blocked, id=17404, stack(0x000000e26a500000,0x000000e26a600000)]
  0x0000024e2b8c8800 JavaThread "C2 CompilerThread3" daemon [_thread_blocked, id=15588, stack(0x000000e26a400000,0x000000e26a500000)]
  0x0000024e2b9ed800 JavaThread "C2 CompilerThread2" daemon [_thread_blocked, id=9728, stack(0x000000e26a300000,0x000000e26a400000)]
  0x0000024e34792800 JavaThread "C2 CompilerThread1" daemon [_thread_blocked, id=7204, stack(0x000000e26a200000,0x000000e26a300000)]
  0x0000024e2b9bf000 JavaThread "C2 CompilerThread0" daemon [_thread_blocked, id=18224, stack(0x000000e26a100000,0x000000e26a200000)]
  0x0000024e2b9be800 JavaThread "Attach Listener" daemon [_thread_blocked, id=13220, stack(0x000000e269c00000,0x000000e26a100000)]
  0x0000024e28a00800 JavaThread "Signal Dispatcher" daemon [_thread_blocked, id=12856, stack(0x000000e269700000,0x000000e269c00000)]
  0x0000024e2cb96800 JavaThread "Finalizer" daemon [_thread_blocked, id=11332, stack(0x000000e269200000,0x000000e269700000)]
  0x0000024e2f75b800 JavaThread "Reference Handler" daemon [_thread_blocked, id=15464, stack(0x000000e268d00000,0x000000e269200000)]
  0x0000024e2ddb6800 JavaThread "main" [_thread_blocked, id=6968, stack(0x000000e266c00000,0x000000e266d00000)]

Other Threads:
  0x0000024e2f75b000 VMThread "VM Thread" [stack: 0x000000e268c00000,0x000000e268d00000] [id=10576]
  0x0000024e2facc000 WatcherThread [stack: 0x000000e26bc00000,0x000000e26bd00000] [id=17936]
  0x0000024e2ddb7000 GCTaskThread "GC Thread#0" [stack: 0x000000e266d00000,0x000000e266e00000] [id=1864]
  0x0000024e2f607800 GCTaskThread "GC Thread#1" [stack: 0x000000e266e00000,0x000000e266f00000] [id=15928]
  0x0000024e2f608800 GCTaskThread "GC Thread#2" [stack: 0x000000e266f00000,0x000000e267000000] [id=11476]
  0x0000024e2f60c800 GCTaskThread "GC Thread#3" [stack: 0x000000e267000000,0x000000e267100000] [id=5980]
  0x0000024e2f609000 GCTaskThread "GC Thread#4" [stack: 0x000000e267100000,0x000000e267200000] [id=14724]
  0x0000024e2f60a000 GCTaskThread "GC Thread#5" [stack: 0x000000e267200000,0x000000e267300000] [id=11136]
  0x0000024e2f60a800 GCTaskThread "GC Thread#6" [stack: 0x000000e267300000,0x000000e267400000] [id=1188]
  0x0000024e2f60b000 GCTaskThread "GC Thread#7" [stack: 0x000000e267400000,0x000000e267500000] [id=11516]
  0x0000024e2f60d000 GCTaskThread "GC Thread#8" [stack: 0x000000e267500000,0x000000e267600000] [id=11364]
  0x0000024e2f60b800 GCTaskThread "GC Thread#9" [stack: 0x000000e267600000,0x000000e267700000] [id=14604]
  0x0000024e2f60d800 GCTaskThread "GC Thread#10" [stack: 0x000000e267700000,0x000000e267800000] [id=17636]
  0x0000024e2f60e000 GCTaskThread "GC Thread#11" [stack: 0x000000e267800000,0x000000e267900000] [id=3632]
  0x0000024e2f608000 GCTaskThread "GC Thread#12" [stack: 0x000000e267900000,0x000000e267a00000] [id=7008]
  0x0000024e2df5f000 ConcurrentGCThread "G1 Main Marker" [stack: 0x000000e268800000,0x000000e268900000] [id=2184]
  0x0000024e33bb3800 ConcurrentGCThread "G1 Marker#0" [stack: 0x000000e268900000,0x000000e268a00000] [id=6248]
  0x0000024e33bb2000 ConcurrentGCThread "G1 Marker#1" [stack: 0x000000e268a00000,0x000000e268b00000] [id=7960]
  0x0000024e33bb0000 ConcurrentGCThread "G1 Marker#2" [stack: 0x000000e268b00000,0x000000e268c00000] [id=6324]
  0x0000024e2b8c0800 ConcurrentGCThread "G1 Refine#0" [stack: 0x000000e268600000,0x000000e268700000] [id=5936]
  0x0000024e34232000 ConcurrentGCThread "G1 Refine#1" [stack: 0x000000e268500000,0x000000e268600000] [id=14400]
  0x0000024e34231800 ConcurrentGCThread "G1 Refine#2" [stack: 0x000000e268400000,0x000000e268500000] [id=14288]
  0x0000024e2e93e000 ConcurrentGCThread "G1 Refine#3" [stack: 0x000000e268300000,0x000000e268400000] [id=11028]
  0x0000024e2e764800 ConcurrentGCThread "G1 Refine#4" [stack: 0x000000e268200000,0x000000e268300000] [id=11116]
  0x0000024e3420f000 ConcurrentGCThread "G1 Refine#5" [stack: 0x000000e268100000,0x000000e268200000] [id=2000]
  0x0000024e348be800 ConcurrentGCThread "G1 Refine#6" [stack: 0x000000e268000000,0x000000e268100000] [id=11164]
  0x0000024e348bd800 ConcurrentGCThread "G1 Refine#7" [stack: 0x000000e267f00000,0x000000e268000000] [id=2300]
  0x0000024e2dbd9800 ConcurrentGCThread "G1 Refine#8" [stack: 0x000000e267e00000,0x000000e267f00000] [id=18288]
  0x0000024e33dcd000 ConcurrentGCThread "G1 Refine#9" [stack: 0x000000e267d00000,0x000000e267e00000] [id=2220]
  0x0000024e2d695800 ConcurrentGCThread "G1 Refine#10" [stack: 0x000000e267c00000,0x000000e267d00000] [id=12840]
  0x0000024e2dbd8800 ConcurrentGCThread "G1 Refine#11" [stack: 0x000000e267b00000,0x000000e267c00000] [id=1524]
  0x0000024e3422a000 ConcurrentGCThread "G1 Refine#12" [stack: 0x000000e267a00000,0x000000e267b00000] [id=4100]
  0x0000024e2f656000 ConcurrentGCThread "G1 Young RemSet Sampling" [stack: 0x000000e268700000,0x000000e268800000] [id=8764]

Threads with active compile tasks:

VM state:not at safepoint (normal execution)

VM Mutex/Monitor currently owned by a thread: None

Heap address: 0x0000000700000000, size: 3072 MB, Compressed Oops mode: Zero based, Oop shift amount: 3
Narrow klass base: 0x0000000000000000, Narrow klass shift: 3
Compressed class space size: 1073741824 Address: 0x00000007c0000000

Heap:
 garbage-first heap   total 285696K, used 185889K [0x0000000700000000, 0x00000007001008b8, 0x00000007c0000000)
  region size 1024K, 13 young (13312K), 1 survivors (1024K)
 Metaspace       used 98708K, capacity 101643K, committed 107520K, reserved 1142784K
  class space    used 13030K, capacity 13638K, committed 14848K, reserved 1048576K
Heap Regions: E=young(eden), S=young(survivor), O=old, HS=humongous(starts), HC=humongous(continues), CS=collection set, F=free, A=archive, TS=gc time stamp, AC=allocation context, TAMS=top-at-mark-start (previous, next)
|   0|0x0000000700000000, 0x00000007000cd3c8, 0x0000000700100000| 80%| O|  |TS  0|AC  0|TAMS 0x00000007000cd3c8, 0x00000007000cd3c8|
|   1|0x0000000700100000, 0x00000007001fe860, 0x0000000700200000| 99%| O|  |TS  0|AC  0|TAMS 0x00000007001fe860, 0x00000007001fe860|
|   2|0x0000000700200000, 0x00000007002bfbc8, 0x0000000700300000| 74%| O|  |TS  0|AC  0|TAMS 0x00000007002bfbc8, 0x00000007002bfbc8|
|   3|0x0000000700300000, 0x00000007003f1100, 0x0000000700400000| 94%| O|  |TS  0|AC  0|TAMS 0x00000007003f1100, 0x00000007003f1100|
|   4|0x0000000700400000, 0x0000000700500000, 0x0000000700500000|100%|HS|  |TS  0|AC  0|TAMS 0x0000000700500000, 0x0000000700500000|
|   5|0x0000000700500000, 0x0000000700600000, 0x0000000700600000|100%|HC|  |TS  0|AC  0|TAMS 0x0000000700600000, 0x0000000700600000|
|   6|0x0000000700600000, 0x0000000700700000, 0x0000000700700000|100%|HS|  |TS  0|AC  0|TAMS 0x0000000700700000, 0x0000000700700000|
|   7|0x0000000700700000, 0x00000007007fa6e0, 0x0000000700800000| 97%| O|  |TS  0|AC  0|TAMS 0x00000007007fa6e0, 0x00000007007fa6e0|
|   8|0x0000000700800000, 0x00000007008fecc0, 0x0000000700900000| 99%| O|  |TS  0|AC  0|TAMS 0x00000007008fecc0, 0x00000007008fecc0|
|   9|0x0000000700900000, 0x00000007009ff700, 0x0000000700a00000| 99%| O|  |TS  0|AC  0|TAMS 0x00000007009ff700, 0x00000007009ff700|
|  10|0x0000000700a00000, 0x0000000700afffd8, 0x0000000700b00000| 99%| O|  |TS  0|AC  0|TAMS 0x0000000700afffd8, 0x0000000700afffd8|
|  11|0x0000000700b00000, 0x0000000700bfffd0, 0x0000000700c00000| 99%| O|  |TS  0|AC  0|TAMS 0x0000000700bfffd0, 0x0000000700bfffd0|
|  12|0x0000000700c00000, 0x0000000700d00000, 0x0000000700d00000|100%| O|  |TS  0|AC  0|TAMS 0x0000000700d00000, 0x0000000700d00000|
|  13|0x0000000700d00000, 0x0000000700dfc248, 0x0000000700e00000| 98%| O|  |TS  0|AC  0|TAMS 0x0000000700dfc248, 0x0000000700dfc248|
|  14|0x0000000700e00000, 0x0000000700efb450, 0x0000000700f00000| 98%| O|  |TS  0|AC  0|TAMS 0x0000000700efb450, 0x0000000700efb450|
|  15|0x0000000700f00000, 0x0000000700ffb2e8, 0x0000000701000000| 98%| O|  |TS  0|AC  0|TAMS 0x0000000700ffb2e8, 0x0000000700ffb2e8|
|  16|0x0000000701000000, 0x00000007010ffff0, 0x0000000701100000| 99%| O|  |TS  0|AC  0|TAMS 0x00000007010ffff0, 0x00000007010ffff0|
|  17|0x0000000701100000, 0x0000000701200000, 0x0000000701200000|100%| O|  |TS  0|AC  0|TAMS 0x0000000701200000, 0x0000000701200000|
|  18|0x0000000701200000, 0x00000007012ffff0, 0x0000000701300000| 99%| O|  |TS  0|AC  0|TAMS 0x00000007012ffff0, 0x00000007012ffff0|
|  19|0x0000000701300000, 0x00000007013ffff0, 0x0000000701400000| 99%| O|  |TS  0|AC  0|TAMS 0x00000007013ffff0, 0x00000007013ffff0|
|  20|0x0000000701400000, 0x0000000701500000, 0x0000000701500000|100%| O|  |TS  0|AC  0|TAMS 0x0000000701500000, 0x0000000701500000|
|  21|0x0000000701500000, 0x0000000701600000, 0x0000000701600000|100%|HS|  |TS  0|AC  0|TAMS 0x0000000701600000, 0x0000000701600000|
|  22|0x0000000701600000, 0x00000007016fd1b8, 0x0000000701700000| 98%| O|  |TS  0|AC  0|TAMS 0x00000007016fd1b8, 0x00000007016fd1b8|
|  23|0x0000000701700000, 0x00000007017ffff8, 0x0000000701800000| 99%| O|  |TS  0|AC  0|TAMS 0x00000007017ffff8, 0x00000007017ffff8|
|  24|0x0000000701800000, 0x00000007018fffe8, 0x0000000701900000| 99%| O|  |TS  0|AC  0|TAMS 0x00000007018fffe8, 0x00000007018fffe8|
|  25|0x0000000701900000, 0x00000007019ffff0, 0x0000000701a00000| 99%| O|  |TS  0|AC  0|TAMS 0x00000007019ffff0, 0x00000007019ffff0|
|  26|0x0000000701a00000, 0x0000000701affff0, 0x0000000701b00000| 99%| O|  |TS  0|AC  0|TAMS 0x0000000701affff0, 0x0000000701affff0|
|  27|0x0000000701b00000, 0x0000000701bfffe0, 0x0000000701c00000| 99%| O|  |TS  0|AC  0|TAMS 0x0000000701bfffe0, 0x0000000701bfffe0|
|  28|0x0000000701c00000, 0x0000000701cffff0, 0x0000000701d00000| 99%| O|  |TS  0|AC  0|TAMS 0x0000000701cffff0, 0x0000000701cffff0|
|  29|0x0000000701d00000, 0x0000000701dffe80, 0x0000000701e00000| 99%| O|  |TS  0|AC  0|TAMS 0x0000000701dffe80, 0x0000000701dffe80|
|  30|0x0000000701e00000, 0x0000000701efff68, 0x0000000701f00000| 99%| O|  |TS  0|AC  0|TAMS 0x0000000701efff68, 0x0000000701efff68|
|  31|0x0000000701f00000, 0x0000000701fa13e8, 0x0000000702000000| 62%| O|  |TS  0|AC  0|TAMS 0x0000000701fa13e8, 0x0000000701fa13e8|
|  32|0x0000000702000000, 0x00000007020fffc8, 0x0000000702100000| 99%| O|  |TS  0|AC  0|TAMS 0x00000007020fffc8, 0x00000007020fffc8|
|  33|0x0000000702100000, 0x00000007021fffe0, 0x0000000702200000| 99%| O|  |TS  0|AC  0|TAMS 0x00000007021fffe0, 0x00000007021fffe0|
|  34|0x0000000702200000, 0x00000007022ce2e8, 0x0000000702300000| 80%| O|  |TS  0|AC  0|TAMS 0x00000007022ce2e8, 0x00000007022ce2e8|
|  35|0x0000000702300000, 0x00000007023fffe8, 0x0000000702400000| 99%| O|  |TS  0|AC  0|TAMS 0x00000007023fffe8, 0x00000007023fffe8|
|  36|0x0000000702400000, 0x0000000702500000, 0x0000000702500000|100%| O|  |TS  0|AC  0|TAMS 0x0000000702500000, 0x0000000702500000|
|  37|0x0000000702500000, 0x00000007025fffd8, 0x0000000702600000| 99%| O|  |TS  0|AC  0|TAMS 0x00000007025fffd8, 0x00000007025fffd8|
|  38|0x0000000702600000, 0x00000007026ffe58, 0x0000000702700000| 99%| O|  |TS  0|AC  0|TAMS 0x00000007026ffe58, 0x00000007026ffe58|
|  39|0x0000000702700000, 0x00000007027fc010, 0x0000000702800000| 98%| O|  |TS  0|AC  0|TAMS 0x00000007027fc010, 0x00000007027fc010|
|  40|0x0000000702800000, 0x0000000702900000, 0x0000000702900000|100%| O|  |TS  0|AC  0|TAMS 0x0000000702900000, 0x0000000702900000|
|  41|0x0000000702900000, 0x00000007029fff70, 0x0000000702a00000| 99%| O|  |TS  0|AC  0|TAMS 0x00000007029fff70, 0x00000007029fff70|
|  42|0x0000000702a00000, 0x0000000702affff0, 0x0000000702b00000| 99%| O|  |TS  0|AC  0|TAMS 0x0000000702affff0, 0x0000000702affff0|
|  43|0x0000000702b00000, 0x0000000702bfff40, 0x0000000702c00000| 99%| O|  |TS  0|AC  0|TAMS 0x0000000702bfff40, 0x0000000702bfff40|
|  44|0x0000000702c00000, 0x0000000702cfff50, 0x0000000702d00000| 99%| O|  |TS  0|AC  0|TAMS 0x0000000702cfff50, 0x0000000702cfff50|
|  45|0x0000000702d00000, 0x0000000702dffff0, 0x0000000702e00000| 99%| O|  |TS  0|AC  0|TAMS 0x0000000702dffff0, 0x0000000702dffff0|
|  46|0x0000000702e00000, 0x0000000702effff0, 0x0000000702f00000| 99%| O|  |TS  0|AC  0|TAMS 0x0000000702effff0, 0x0000000702effff0|
|  47|0x0000000702f00000, 0x0000000702ffe7f0, 0x0000000703000000| 99%| O|  |TS  0|AC  0|TAMS 0x0000000702ffe7f0, 0x0000000702ffe7f0|
|  48|0x0000000703000000, 0x0000000703100000, 0x0000000703100000|100%| O|  |TS  0|AC  0|TAMS 0x0000000703100000, 0x0000000703100000|
|  49|0x0000000703100000, 0x00000007031fffa0, 0x0000000703200000| 99%| O|  |TS  0|AC  0|TAMS 0x00000007031fffa0, 0x00000007031fffa0|
|  50|0x0000000703200000, 0x00000007032ffff8, 0x0000000703300000| 99%| O|  |TS  0|AC  0|TAMS 0x00000007032ffff8, 0x00000007032ffff8|
|  51|0x0000000703300000, 0x00000007033ffff0, 0x0000000703400000| 99%| O|  |TS  0|AC  0|TAMS 0x00000007033ffff0, 0x00000007033ffff0|
|  52|0x0000000703400000, 0x00000007034ffff8, 0x0000000703500000| 99%| O|  |TS  0|AC  0|TAMS 0x00000007034ffff8, 0x00000007034ffff8|
|  53|0x0000000703500000, 0x00000007035ffff8, 0x0000000703600000| 99%| O|  |TS  0|AC  0|TAMS 0x00000007035ffff8, 0x00000007035ffff8|
|  54|0x0000000703600000, 0x00000007036ffe98, 0x0000000703700000| 99%| O|  |TS  0|AC  0|TAMS 0x00000007036ffe98, 0x00000007036ffe98|
|  55|0x0000000703700000, 0x0000000703800000, 0x0000000703800000|100%| O|  |TS  0|AC  0|TAMS 0x0000000703800000, 0x0000000703800000|
|  56|0x0000000703800000, 0x00000007038ffff8, 0x0000000703900000| 99%| O|  |TS  0|AC  0|TAMS 0x00000007038ffff8, 0x00000007038ffff8|
|  57|0x0000000703900000, 0x0000000703a00000, 0x0000000703a00000|100%| O|  |TS  0|AC  0|TAMS 0x0000000703a00000, 0x0000000703a00000|
|  58|0x0000000703a00000, 0x0000000703afffe8, 0x0000000703b00000| 99%| O|  |TS  0|AC  0|TAMS 0x0000000703afffe8, 0x0000000703afffe8|
|  59|0x0000000703b00000, 0x0000000703bffff8, 0x0000000703c00000| 99%| O|  |TS  0|AC  0|TAMS 0x0000000703bffff8, 0x0000000703bffff8|
|  60|0x0000000703c00000, 0x0000000703cffff8, 0x0000000703d00000| 99%| O|  |TS  0|AC  0|TAMS 0x0000000703cffff8, 0x0000000703cffff8|
|  61|0x0000000703d00000, 0x0000000703dfffc0, 0x0000000703e00000| 99%| O|  |TS  0|AC  0|TAMS 0x0000000703dfffc0, 0x0000000703dfffc0|
|  62|0x0000000703e00000, 0x0000000703efffa0, 0x0000000703f00000| 99%| O|  |TS  0|AC  0|TAMS 0x0000000703efffa0, 0x0000000703efffa0|
|  63|0x0000000703f00000, 0x0000000703fffe88, 0x0000000704000000| 99%| O|  |TS  0|AC  0|TAMS 0x0000000703fffe88, 0x0000000703fffe88|
|  64|0x0000000704000000, 0x00000007040fff68, 0x0000000704100000| 99%| O|  |TS  0|AC  0|TAMS 0x00000007040fff68, 0x00000007040fff68|
|  65|0x0000000704100000, 0x0000000704200000, 0x0000000704200000|100%| O|  |TS  0|AC  0|TAMS 0x0000000704200000, 0x0000000704200000|
|  66|0x0000000704200000, 0x00000007042ffff8, 0x0000000704300000| 99%| O|  |TS  0|AC  0|TAMS 0x00000007042ffff8, 0x00000007042ffff8|
|  67|0x0000000704300000, 0x00000007043ffec8, 0x0000000704400000| 99%| O|  |TS  0|AC  0|TAMS 0x00000007043ffec8, 0x00000007043ffec8|
|  68|0x0000000704400000, 0x00000007044fff80, 0x0000000704500000| 99%| O|  |TS  0|AC  0|TAMS 0x00000007044fff80, 0x00000007044fff80|
|  69|0x0000000704500000, 0x00000007045ffff8, 0x0000000704600000| 99%| O|  |TS  0|AC  0|TAMS 0x00000007045ffff8, 0x00000007045ffff8|
|  70|0x0000000704600000, 0x00000007046fff28, 0x0000000704700000| 99%| O|  |TS  0|AC  0|TAMS 0x00000007046fff28, 0x00000007046fff28|
|  71|0x0000000704700000, 0x00000007047fed50, 0x0000000704800000| 99%| O|  |TS  0|AC  0|TAMS 0x00000007047fed50, 0x00000007047fed50|
|  72|0x0000000704800000, 0x00000007048ffff8, 0x0000000704900000| 99%| O|  |TS  0|AC  0|TAMS 0x00000007048ffff8, 0x00000007048ffff8|
|  73|0x0000000704900000, 0x00000007049ff0b0, 0x0000000704a00000| 99%| O|  |TS  0|AC  0|TAMS 0x00000007049ff0b0, 0x00000007049ff0b0|
|  74|0x0000000704a00000, 0x0000000704b00000, 0x0000000704b00000|100%|HS|  |TS  0|AC  0|TAMS 0x0000000704b00000, 0x0000000704b00000|
|  75|0x0000000704b00000, 0x0000000704bfc920, 0x0000000704c00000| 98%| O|  |TS  0|AC  0|TAMS 0x0000000704bfc920, 0x0000000704bfc920|
|  76|0x0000000704c00000, 0x0000000704cffff0, 0x0000000704d00000| 99%| O|  |TS  0|AC  0|TAMS 0x0000000704cffff0, 0x0000000704cffff0|
|  77|0x0000000704d00000, 0x0000000704e00000, 0x0000000704e00000|100%| O|  |TS  0|AC  0|TAMS 0x0000000704e00000, 0x0000000704e00000|
|  78|0x0000000704e00000, 0x0000000704efebb8, 0x0000000704f00000| 99%| O|  |TS  0|AC  0|TAMS 0x0000000704efebb8, 0x0000000704efebb8|
|  79|0x0000000704f00000, 0x0000000705000000, 0x0000000705000000|100%|HS|  |TS  0|AC  0|TAMS 0x0000000705000000, 0x0000000705000000|
|  80|0x0000000705000000, 0x0000000705100000, 0x0000000705100000|100%|HC|  |TS  0|AC  0|TAMS 0x0000000705100000, 0x0000000705100000|
|  81|0x0000000705100000, 0x0000000705200000, 0x0000000705200000|100%|HC|  |TS  0|AC  0|TAMS 0x0000000705200000, 0x0000000705200000|
|  82|0x0000000705200000, 0x00000007052fff30, 0x0000000705300000| 99%| O|  |TS  0|AC  0|TAMS 0x00000007052fff30, 0x00000007052fff30|
|  83|0x0000000705300000, 0x00000007053ffff8, 0x0000000705400000| 99%| O|  |TS  0|AC  0|TAMS 0x00000007053ffff8, 0x00000007053ffff8|
|  84|0x0000000705400000, 0x00000007054fb138, 0x0000000705500000| 98%| O|  |TS  0|AC  0|TAMS 0x00000007054fb138, 0x00000007054fb138|
|  85|0x0000000705500000, 0x0000000705600000, 0x0000000705600000|100%| O|  |TS  0|AC  0|TAMS 0x0000000705600000, 0x0000000705600000|
|  86|0x0000000705600000, 0x00000007056fe110, 0x0000000705700000| 99%| O|  |TS  0|AC  0|TAMS 0x00000007056fe110, 0x00000007056fe110|
|  87|0x0000000705700000, 0x0000000705800000, 0x0000000705800000|100%| O|  |TS  0|AC  0|TAMS 0x0000000705800000, 0x0000000705800000|
|  88|0x0000000705800000, 0x0000000705900000, 0x0000000705900000|100%| O|  |TS  0|AC  0|TAMS 0x0000000705900000, 0x0000000705900000|
|  89|0x0000000705900000, 0x00000007059fee60, 0x0000000705a00000| 99%| O|  |TS  0|AC  0|TAMS 0x00000007059fee60, 0x00000007059fee60|
|  90|0x0000000705a00000, 0x0000000705affff8, 0x0000000705b00000| 99%| O|  |TS  0|AC  0|TAMS 0x0000000705affff8, 0x0000000705affff8|
|  91|0x0000000705b00000, 0x0000000705c00000, 0x0000000705c00000|100%| O|  |TS  0|AC  0|TAMS 0x0000000705c00000, 0x0000000705c00000|
|  92|0x0000000705c00000, 0x0000000705cffff0, 0x0000000705d00000| 99%| O|  |TS  0|AC  0|TAMS 0x0000000705cffff0, 0x0000000705cffff0|
|  93|0x0000000705d00000, 0x0000000705dffff8, 0x0000000705e00000| 99%| O|  |TS  0|AC  0|TAMS 0x0000000705dffff8, 0x0000000705dffff8|
|  94|0x0000000705e00000, 0x0000000705f00000, 0x0000000705f00000|100%| O|  |TS  0|AC  0|TAMS 0x0000000705f00000, 0x0000000705f00000|
|  95|0x0000000705f00000, 0x0000000705fffff8, 0x0000000706000000| 99%| O|  |TS  0|AC  0|TAMS 0x0000000705fffff8, 0x0000000705fffff8|
|  96|0x0000000706000000, 0x00000007060fff38, 0x0000000706100000| 99%| O|  |TS  0|AC  0|TAMS 0x00000007060fff38, 0x00000007060fff38|
|  97|0x0000000706100000, 0x00000007061fe828, 0x0000000706200000| 99%| O|  |TS  0|AC  0|TAMS 0x00000007061fe828, 0x00000007061fe828|
|  98|0x0000000706200000, 0x0000000706300000, 0x0000000706300000|100%| O|  |TS  0|AC  0|TAMS 0x0000000706300000, 0x0000000706300000|
|  99|0x0000000706300000, 0x00000007063ffff0, 0x0000000706400000| 99%| O|  |TS  0|AC  0|TAMS 0x00000007063ffff0, 0x00000007063ffff0|
| 100|0x0000000706400000, 0x00000007064ffee8, 0x0000000706500000| 99%| O|  |TS  0|AC  0|TAMS 0x00000007064ffee8, 0x00000007064ffee8|
| 101|0x0000000706500000, 0x00000007065ffff8, 0x0000000706600000| 99%| O|  |TS  0|AC  0|TAMS 0x00000007065ffff8, 0x00000007065ffff8|
| 102|0x0000000706600000, 0x00000007066fff18, 0x0000000706700000| 99%| O|  |TS  0|AC  0|TAMS 0x00000007066fff18, 0x00000007066fff18|
| 103|0x0000000706700000, 0x0000000706800000, 0x0000000706800000|100%| O|  |TS  0|AC  0|TAMS 0x0000000706800000, 0x0000000706800000|
| 104|0x0000000706800000, 0x00000007068ffff8, 0x0000000706900000| 99%| O|  |TS  0|AC  0|TAMS 0x00000007068ffff8, 0x00000007068ffff8|
| 105|0x0000000706900000, 0x00000007069fffd8, 0x0000000706a00000| 99%| O|  |TS  0|AC  0|TAMS 0x00000007069fffd8, 0x00000007069fffd8|
| 106|0x0000000706a00000, 0x0000000706afffe0, 0x0000000706b00000| 99%| O|  |TS  0|AC  0|TAMS 0x0000000706afffe0, 0x0000000706afffe0|
| 107|0x0000000706b00000, 0x0000000706c00000, 0x0000000706c00000|100%| O|  |TS  0|AC  0|TAMS 0x0000000706c00000, 0x0000000706c00000|
| 108|0x0000000706c00000, 0x0000000706cfffb0, 0x0000000706d00000| 99%| O|  |TS  0|AC  0|TAMS 0x0000000706cfffb0, 0x0000000706cfffb0|
| 109|0x0000000706d00000, 0x0000000706dfee18, 0x0000000706e00000| 99%| O|  |TS  0|AC  0|TAMS 0x0000000706dfee18, 0x0000000706dfee18|
| 110|0x0000000706e00000, 0x0000000706efffc0, 0x0000000706f00000| 99%| O|  |TS  0|AC  0|TAMS 0x0000000706efffc0, 0x0000000706efffc0|
| 111|0x0000000706f00000, 0x0000000706ffffa0, 0x0000000707000000| 99%| O|  |TS  0|AC  0|TAMS 0x0000000706ffffa0, 0x0000000706ffffa0|
| 112|0x0000000707000000, 0x00000007070ff0a0, 0x0000000707100000| 99%| O|  |TS  0|AC  0|TAMS 0x00000007070ff0a0, 0x00000007070ff0a0|
| 113|0x0000000707100000, 0x00000007071ff788, 0x0000000707200000| 99%| O|  |TS  0|AC  0|TAMS 0x00000007071ff788, 0x00000007071ff788|
| 114|0x0000000707200000, 0x00000007072fffa8, 0x0000000707300000| 99%| O|  |TS  0|AC  0|TAMS 0x00000007072fffa8, 0x00000007072fffa8|
| 115|0x0000000707300000, 0x00000007073ff110, 0x0000000707400000| 99%| O|  |TS  0|AC  0|TAMS 0x00000007073ff110, 0x00000007073ff110|
| 116|0x0000000707400000, 0x00000007074ffff0, 0x0000000707500000| 99%| O|  |TS  0|AC  0|TAMS 0x00000007074ffff0, 0x00000007074ffff0|
| 117|0x0000000707500000, 0x0000000707600000, 0x0000000707600000|100%|HS|  |TS  0|AC  0|TAMS 0x0000000707600000, 0x0000000707600000|
| 118|0x0000000707600000, 0x00000007076fffd0, 0x0000000707700000| 99%| O|  |TS  0|AC  0|TAMS 0x00000007076fffd0, 0x00000007076fffd0|
| 119|0x0000000707700000, 0x00000007077ffff8, 0x0000000707800000| 99%| O|  |TS  0|AC  0|TAMS 0x00000007077ffff8, 0x00000007077ffff8|
| 120|0x0000000707800000, 0x00000007078ffd28, 0x0000000707900000| 99%| O|  |TS  0|AC  0|TAMS 0x00000007078ffd28, 0x00000007078ffd28|
| 121|0x0000000707900000, 0x00000007079fff50, 0x0000000707a00000| 99%| O|  |TS  0|AC  0|TAMS 0x00000007079fff50, 0x00000007079fff50|
| 122|0x0000000707a00000, 0x0000000707afffd0, 0x0000000707b00000| 99%| O|  |TS  0|AC  0|TAMS 0x0000000707afffd0, 0x0000000707afffd0|
| 123|0x0000000707b00000, 0x0000000707bfffe0, 0x0000000707c00000| 99%| O|  |TS  0|AC  0|TAMS 0x0000000707bfffe0, 0x0000000707bfffe0|
| 124|0x0000000707c00000, 0x0000000707cfffe0, 0x0000000707d00000| 99%| O|  |TS  0|AC  0|TAMS 0x0000000707cfffe0, 0x0000000707cfffe0|
| 125|0x0000000707d00000, 0x0000000707dffe70, 0x0000000707e00000| 99%| O|  |TS  0|AC  0|TAMS 0x0000000707dffe70, 0x0000000707dffe70|
| 126|0x0000000707e00000, 0x0000000707f00000, 0x0000000707f00000|100%| O|  |TS  0|AC  0|TAMS 0x0000000707f00000, 0x0000000707f00000|
| 127|0x0000000707f00000, 0x0000000707fffee0, 0x0000000708000000| 99%| O|  |TS  0|AC  0|TAMS 0x0000000707fffee0, 0x0000000707fffee0|
| 128|0x0000000708000000, 0x00000007080fffe0, 0x0000000708100000| 99%| O|  |TS  0|AC  0|TAMS 0x00000007080fffe0, 0x00000007080fffe0|
| 129|0x0000000708100000, 0x00000007081fffd0, 0x0000000708200000| 99%| O|  |TS  0|AC  0|TAMS 0x00000007081fffd0, 0x00000007081fffd0|
| 130|0x0000000708200000, 0x00000007082ffbf8, 0x0000000708300000| 99%| O|  |TS  0|AC  0|TAMS 0x00000007082ffbf8, 0x00000007082ffbf8|
| 131|0x0000000708300000, 0x00000007083ff568, 0x0000000708400000| 99%| O|  |TS  0|AC  0|TAMS 0x00000007083ff568, 0x00000007083ff568|
| 132|0x0000000708400000, 0x0000000708500000, 0x0000000708500000|100%| O|  |TS  0|AC  0|TAMS 0x0000000708500000, 0x0000000708500000|
| 133|0x0000000708500000, 0x00000007085ffff0, 0x0000000708600000| 99%| O|  |TS  0|AC  0|TAMS 0x00000007085ffff0, 0x00000007085ffff0|
| 134|0x0000000708600000, 0x00000007086ff780, 0x0000000708700000| 99%| O|  |TS  0|AC  0|TAMS 0x00000007086ff780, 0x00000007086ff780|
| 135|0x0000000708700000, 0x00000007087fffe8, 0x0000000708800000| 99%| O|  |TS  0|AC  0|TAMS 0x00000007087fffe8, 0x00000007087fffe8|
| 136|0x0000000708800000, 0x00000007088fff70, 0x0000000708900000| 99%| O|  |TS  0|AC  0|TAMS 0x00000007088fff70, 0x00000007088fff70|
| 137|0x0000000708900000, 0x0000000708a00000, 0x0000000708a00000|100%|HS|  |TS  0|AC  0|TAMS 0x0000000708a00000, 0x0000000708a00000|
| 138|0x0000000708a00000, 0x0000000708b00000, 0x0000000708b00000|100%|HC|  |TS  0|AC  0|TAMS 0x0000000708b00000, 0x0000000708b00000|
| 139|0x0000000708b00000, 0x0000000708c00000, 0x0000000708c00000|100%|HC|  |TS  0|AC  0|TAMS 0x0000000708c00000, 0x0000000708c00000|
| 140|0x0000000708c00000, 0x0000000708d00000, 0x0000000708d00000|100%|HC|  |TS  0|AC  0|TAMS 0x0000000708d00000, 0x0000000708d00000|
| 141|0x0000000708d00000, 0x0000000708e00000, 0x0000000708e00000|100%|HC|  |TS  0|AC  0|TAMS 0x0000000708e00000, 0x0000000708e00000|
| 142|0x0000000708e00000, 0x0000000708f00000, 0x0000000708f00000|100%|HC|  |TS  0|AC  0|TAMS 0x0000000708f00000, 0x0000000708f00000|
| 143|0x0000000708f00000, 0x0000000709000000, 0x0000000709000000|100%|HC|  |TS  0|AC  0|TAMS 0x0000000709000000, 0x0000000709000000|
| 144|0x0000000709000000, 0x0000000709100000, 0x0000000709100000|100%|HC|  |TS  0|AC  0|TAMS 0x0000000709100000, 0x0000000709100000|
| 145|0x0000000709100000, 0x00000007091fff78, 0x0000000709200000| 99%| O|  |TS  0|AC  0|TAMS 0x00000007091fff78, 0x00000007091fff78|
| 146|0x0000000709200000, 0x00000007092fff00, 0x0000000709300000| 99%| O|  |TS  0|AC  0|TAMS 0x00000007092fff00, 0x00000007092fff00|
| 147|0x0000000709300000, 0x00000007093ec328, 0x0000000709400000| 92%| O|  |TS  0|AC  0|TAMS 0x00000007093ec328, 0x00000007093ec328|
| 148|0x0000000709400000, 0x00000007094ffff0, 0x0000000709500000| 99%| O|  |TS  0|AC  0|TAMS 0x00000007094ffff0, 0x00000007094ffff0|
| 149|0x0000000709500000, 0x00000007095fffe8, 0x0000000709600000| 99%| O|  |TS  0|AC  0|TAMS 0x00000007095fffe8, 0x00000007095fffe8|
| 150|0x0000000709600000, 0x00000007096ffff8, 0x0000000709700000| 99%| O|  |TS  0|AC  0|TAMS 0x00000007096ffff8, 0x00000007096ffff8|
| 151|0x0000000709700000, 0x00000007097fffe8, 0x0000000709800000| 99%| O|  |TS  0|AC  0|TAMS 0x00000007097fffe8, 0x00000007097fffe8|
| 152|0x0000000709800000, 0x00000007098ffff8, 0x0000000709900000| 99%| O|  |TS  0|AC  0|TAMS 0x00000007098ffff8, 0x00000007098ffff8|
| 153|0x0000000709900000, 0x00000007099fffe8, 0x0000000709a00000| 99%| O|  |TS  0|AC  0|TAMS 0x00000007099fffe8, 0x00000007099fffe8|
| 154|0x0000000709a00000, 0x0000000709aee1a8, 0x0000000709b00000| 93%| O|  |TS  0|AC  0|TAMS 0x0000000709aee1a8, 0x0000000709aee1a8|
| 155|0x0000000709b00000, 0x0000000709c00000, 0x0000000709c00000|100%| O|  |TS  0|AC  0|TAMS 0x0000000709c00000, 0x0000000709c00000|
| 156|0x0000000709c00000, 0x0000000709d00000, 0x0000000709d00000|100%|HS|  |TS  0|AC  0|TAMS 0x0000000709d00000, 0x0000000709d00000|
| 157|0x0000000709d00000, 0x0000000709e00000, 0x0000000709e00000|100%|HC|  |TS  0|AC  0|TAMS 0x0000000709e00000, 0x0000000709e00000|
| 158|0x0000000709e00000, 0x0000000709f00000, 0x0000000709f00000|100%|HS|  |TS  0|AC  0|TAMS 0x0000000709f00000, 0x0000000709f00000|
| 159|0x0000000709f00000, 0x000000070a000000, 0x000000070a000000|100%|HC|  |TS  0|AC  0|TAMS 0x000000070a000000, 0x000000070a000000|
| 160|0x000000070a000000, 0x000000070a100000, 0x000000070a100000|100%|HC|  |TS  0|AC  0|TAMS 0x000000070a100000, 0x000000070a100000|
| 161|0x000000070a100000, 0x000000070a200000, 0x000000070a200000|100%|HC|  |TS  0|AC  0|TAMS 0x000000070a200000, 0x000000070a200000|
| 162|0x000000070a200000, 0x000000070a300000, 0x000000070a300000|100%|HC|  |TS  0|AC  0|TAMS 0x000000070a300000, 0x000000070a300000|
| 163|0x000000070a300000, 0x000000070a400000, 0x000000070a400000|100%|HC|  |TS  0|AC  0|TAMS 0x000000070a400000, 0x000000070a400000|
| 164|0x000000070a400000, 0x000000070a500000, 0x000000070a500000|100%|HC|  |TS  0|AC  0|TAMS 0x000000070a500000, 0x000000070a500000|
| 165|0x000000070a500000, 0x000000070a600000, 0x000000070a600000|100%|HC|  |TS  0|AC  0|TAMS 0x000000070a600000, 0x000000070a600000|
| 166|0x000000070a600000, 0x000000070a605600, 0x000000070a700000|  2%| O|  |TS  0|AC  0|TAMS 0x000000070a605600, 0x000000070a605600|
| 167|0x000000070a700000, 0x000000070a700000, 0x000000070a800000|  0%| F|  |TS  0|AC  0|TAMS 0x000000070a700000, 0x000000070a700000|
| 168|0x000000070a800000, 0x000000070a900000, 0x000000070a900000|100%|HS|  |TS  0|AC  0|TAMS 0x000000070a900000, 0x000000070a900000|
| 169|0x000000070a900000, 0x000000070aa00000, 0x000000070aa00000|100%|HC|  |TS  0|AC  0|TAMS 0x000000070aa00000, 0x000000070aa00000|
| 170|0x000000070aa00000, 0x000000070ab00000, 0x000000070ab00000|100%|HS|  |TS  0|AC  0|TAMS 0x000000070aa00000, 0x000000070aa00000|
| 171|0x000000070ab00000, 0x000000070ac00000, 0x000000070ac00000|100%|HC|  |TS  0|AC  0|TAMS 0x000000070ab00000, 0x000000070ab00000|
| 172|0x000000070ac00000, 0x000000070ad00000, 0x000000070ad00000|100%|HC|  |TS  0|AC  0|TAMS 0x000000070ac00000, 0x000000070ac00000|
| 173|0x000000070ad00000, 0x000000070ad00000, 0x000000070ae00000|  0%| F|  |TS  0|AC  0|TAMS 0x000000070ad00000, 0x000000070ad00000|
| 174|0x000000070ae00000, 0x000000070ae00000, 0x000000070af00000|  0%| F|  |TS  0|AC  0|TAMS 0x000000070ae00000, 0x000000070ae00000|
| 175|0x000000070af00000, 0x000000070af00000, 0x000000070b000000|  0%| F|  |TS  0|AC  0|TAMS 0x000000070af00000, 0x000000070af00000|
| 176|0x000000070b000000, 0x000000070b000000, 0x000000070b100000|  0%| F|  |TS  0|AC  0|TAMS 0x000000070b000000, 0x000000070b000000|
| 177|0x000000070b100000, 0x000000070b100000, 0x000000070b200000|  0%| F|  |TS  0|AC  0|TAMS 0x000000070b100000, 0x000000070b100000|
| 178|0x000000070b200000, 0x000000070b200000, 0x000000070b300000|  0%| F|  |TS  0|AC  0|TAMS 0x000000070b200000, 0x000000070b200000|
| 179|0x000000070b300000, 0x000000070b300000, 0x000000070b400000|  0%| F|  |TS  0|AC  0|TAMS 0x000000070b300000, 0x000000070b300000|
| 180|0x000000070b400000, 0x000000070b400000, 0x000000070b500000|  0%| F|  |TS  0|AC  0|TAMS 0x000000070b400000, 0x000000070b400000|
| 181|0x000000070b500000, 0x000000070b500000, 0x000000070b600000|  0%| F|  |TS  0|AC  0|TAMS 0x000000070b500000, 0x000000070b500000|
| 182|0x000000070b600000, 0x000000070b600000, 0x000000070b700000|  0%| F|  |TS  0|AC  0|TAMS 0x000000070b600000, 0x000000070b600000|
| 183|0x000000070b700000, 0x000000070b700000, 0x000000070b800000|  0%| F|  |TS  0|AC  0|TAMS 0x000000070b700000, 0x000000070b700000|
| 184|0x000000070b800000, 0x000000070b800000, 0x000000070b900000|  0%| F|  |TS  0|AC  0|TAMS 0x000000070b800000, 0x000000070b800000|
| 185|0x000000070b900000, 0x000000070b900000, 0x000000070ba00000|  0%| F|  |TS  0|AC  0|TAMS 0x000000070b900000, 0x000000070b900000|
| 186|0x000000070ba00000, 0x000000070ba00000, 0x000000070bb00000|  0%| F|  |TS  0|AC  0|TAMS 0x000000070ba00000, 0x000000070ba00000|
| 187|0x000000070bb00000, 0x000000070bb00000, 0x000000070bc00000|  0%| F|  |TS  0|AC  0|TAMS 0x000000070bb00000, 0x000000070bb00000|
| 188|0x000000070bc00000, 0x000000070bc00000, 0x000000070bd00000|  0%| F|  |TS  0|AC  0|TAMS 0x000000070bc00000, 0x000000070bc00000|
| 189|0x000000070bd00000, 0x000000070bd00000, 0x000000070be00000|  0%| F|  |TS  0|AC  0|TAMS 0x000000070bd00000, 0x000000070bd00000|
| 190|0x000000070be00000, 0x000000070be00000, 0x000000070bf00000|  0%| F|  |TS  0|AC  0|TAMS 0x000000070be00000, 0x000000070be00000|
| 191|0x000000070bf00000, 0x000000070bf00000, 0x000000070c000000|  0%| F|  |TS  0|AC  0|TAMS 0x000000070bf00000, 0x000000070bf00000|
| 192|0x000000070c000000, 0x000000070c000000, 0x000000070c100000|  0%| F|  |TS  0|AC  0|TAMS 0x000000070c000000, 0x000000070c000000|
| 193|0x000000070c100000, 0x000000070c100000, 0x000000070c200000|  0%| F|  |TS  0|AC  0|TAMS 0x000000070c100000, 0x000000070c100000|
| 194|0x000000070c200000, 0x000000070c200000, 0x000000070c300000|  0%| F|  |TS  0|AC  0|TAMS 0x000000070c200000, 0x000000070c200000|
| 195|0x000000070c300000, 0x000000070c300000, 0x000000070c400000|  0%| F|  |TS  0|AC  0|TAMS 0x000000070c300000, 0x000000070c300000|
| 196|0x000000070c400000, 0x000000070c400000, 0x000000070c500000|  0%| F|  |TS  0|AC  0|TAMS 0x000000070c400000, 0x000000070c400000|
| 197|0x000000070c500000, 0x000000070c500000, 0x000000070c600000|  0%| F|  |TS  0|AC  0|TAMS 0x000000070c500000, 0x000000070c500000|
| 198|0x000000070c600000, 0x000000070c600000, 0x000000070c700000|  0%| F|  |TS  0|AC  0|TAMS 0x000000070c600000, 0x000000070c600000|
| 199|0x000000070c700000, 0x000000070c700000, 0x000000070c800000|  0%| F|  |TS  0|AC  0|TAMS 0x000000070c700000, 0x000000070c700000|
| 200|0x000000070c800000, 0x000000070c800000, 0x000000070c900000|  0%| F|  |TS  0|AC  0|TAMS 0x000000070c800000, 0x000000070c800000|
| 201|0x000000070c900000, 0x000000070c900000, 0x000000070ca00000|  0%| F|  |TS  0|AC  0|TAMS 0x000000070c900000, 0x000000070c900000|
| 202|0x000000070ca00000, 0x000000070ca00000, 0x000000070cb00000|  0%| F|  |TS  0|AC  0|TAMS 0x000000070ca00000, 0x000000070ca00000|
| 203|0x000000070cb00000, 0x000000070cb00000, 0x000000070cc00000|  0%| F|  |TS  0|AC  0|TAMS 0x000000070cb00000, 0x000000070cb00000|
| 204|0x000000070cc00000, 0x000000070cc00000, 0x000000070cd00000|  0%| F|  |TS  0|AC  0|TAMS 0x000000070cc00000, 0x000000070cc00000|
| 205|0x000000070cd00000, 0x000000070cd00000, 0x000000070ce00000|  0%| F|  |TS  0|AC  0|TAMS 0x000000070cd00000, 0x000000070cd00000|
| 206|0x000000070ce00000, 0x000000070ce00000, 0x000000070cf00000|  0%| F|  |TS  0|AC  0|TAMS 0x000000070ce00000, 0x000000070ce00000|
| 207|0x000000070cf00000, 0x000000070cf00000, 0x000000070d000000|  0%| F|  |TS  0|AC  0|TAMS 0x000000070cf00000, 0x000000070cf00000|
| 208|0x000000070d000000, 0x000000070d000000, 0x000000070d100000|  0%| F|  |TS  0|AC  0|TAMS 0x000000070d000000, 0x000000070d000000|
| 209|0x000000070d100000, 0x000000070d100000, 0x000000070d200000|  0%| F|  |TS  0|AC  0|TAMS 0x000000070d100000, 0x000000070d100000|
| 210|0x000000070d200000, 0x000000070d200000, 0x000000070d300000|  0%| F|  |TS  0|AC  0|TAMS 0x000000070d200000, 0x000000070d200000|
| 211|0x000000070d300000, 0x000000070d300000, 0x000000070d400000|  0%| F|  |TS  0|AC  0|TAMS 0x000000070d300000, 0x000000070d300000|
| 212|0x000000070d400000, 0x000000070d400000, 0x000000070d500000|  0%| F|  |TS  0|AC  0|TAMS 0x000000070d400000, 0x000000070d400000|
| 213|0x000000070d500000, 0x000000070d500000, 0x000000070d600000|  0%| F|  |TS  0|AC  0|TAMS 0x000000070d500000, 0x000000070d500000|
| 214|0x000000070d600000, 0x000000070d600000, 0x000000070d700000|  0%| F|  |TS  0|AC  0|TAMS 0x000000070d600000, 0x000000070d600000|
| 215|0x000000070d700000, 0x000000070d700000, 0x000000070d800000|  0%| F|  |TS  0|AC  0|TAMS 0x000000070d700000, 0x000000070d700000|
| 216|0x000000070d800000, 0x000000070d800000, 0x000000070d900000|  0%| F|  |TS  0|AC  0|TAMS 0x000000070d800000, 0x000000070d800000|
| 217|0x000000070d900000, 0x000000070d900000, 0x000000070da00000|  0%| F|  |TS  0|AC  0|TAMS 0x000000070d900000, 0x000000070d900000|
| 218|0x000000070da00000, 0x000000070da00000, 0x000000070db00000|  0%| F|  |TS  0|AC  0|TAMS 0x000000070da00000, 0x000000070da00000|
| 219|0x000000070db00000, 0x000000070db00000, 0x000000070dc00000|  0%| F|  |TS  0|AC  0|TAMS 0x000000070db00000, 0x000000070db00000|
| 220|0x000000070dc00000, 0x000000070dc00000, 0x000000070dd00000|  0%| F|  |TS  0|AC  0|TAMS 0x000000070dc00000, 0x000000070dc00000|
| 221|0x000000070dd00000, 0x000000070dd00000, 0x000000070de00000|  0%| F|  |TS  0|AC  0|TAMS 0x000000070dd00000, 0x000000070dd00000|
| 222|0x000000070de00000, 0x000000070de00000, 0x000000070df00000|  0%| F|  |TS  0|AC  0|TAMS 0x000000070de00000, 0x000000070de00000|
| 223|0x000000070df00000, 0x000000070df00000, 0x000000070e000000|  0%| F|  |TS  0|AC  0|TAMS 0x000000070df00000, 0x000000070df00000|
| 224|0x000000070e000000, 0x000000070e000000, 0x000000070e100000|  0%| F|  |TS  0|AC  0|TAMS 0x000000070e000000, 0x000000070e000000|
| 225|0x000000070e100000, 0x000000070e100000, 0x000000070e200000|  0%| F|  |TS  0|AC  0|TAMS 0x000000070e100000, 0x000000070e100000|
| 226|0x000000070e200000, 0x000000070e200000, 0x000000070e300000|  0%| F|  |TS  0|AC  0|TAMS 0x000000070e200000, 0x000000070e200000|
| 227|0x000000070e300000, 0x000000070e300000, 0x000000070e400000|  0%| F|  |TS  0|AC  0|TAMS 0x000000070e300000, 0x000000070e300000|
| 228|0x000000070e400000, 0x000000070e400000, 0x000000070e500000|  0%| F|  |TS  0|AC  0|TAMS 0x000000070e400000, 0x000000070e400000|
| 229|0x000000070e500000, 0x000000070e500000, 0x000000070e600000|  0%| F|  |TS  0|AC  0|TAMS 0x000000070e500000, 0x000000070e500000|
| 230|0x000000070e600000, 0x000000070e600000, 0x000000070e700000|  0%| F|  |TS  0|AC  0|TAMS 0x000000070e600000, 0x000000070e600000|
| 231|0x000000070e700000, 0x000000070e700000, 0x000000070e800000|  0%| F|  |TS  0|AC  0|TAMS 0x000000070e700000, 0x000000070e700000|
| 232|0x000000070e800000, 0x000000070e800000, 0x000000070e900000|  0%| F|  |TS  0|AC  0|TAMS 0x000000070e800000, 0x000000070e800000|
| 233|0x000000070e900000, 0x000000070e900000, 0x000000070ea00000|  0%| F|  |TS  0|AC  0|TAMS 0x000000070e900000, 0x000000070e900000|
| 234|0x000000070ea00000, 0x000000070ea00000, 0x000000070eb00000|  0%| F|  |TS  0|AC  0|TAMS 0x000000070ea00000, 0x000000070ea00000|
| 235|0x000000070eb00000, 0x000000070eb00000, 0x000000070ec00000|  0%| F|  |TS  0|AC  0|TAMS 0x000000070eb00000, 0x000000070eb00000|
| 236|0x000000070ec00000, 0x000000070ec00000, 0x000000070ed00000|  0%| F|  |TS  0|AC  0|TAMS 0x000000070ec00000, 0x000000070ec00000|
| 237|0x000000070ed00000, 0x000000070ed00000, 0x000000070ee00000|  0%| F|  |TS  0|AC  0|TAMS 0x000000070ed00000, 0x000000070ed00000|
| 238|0x000000070ee00000, 0x000000070ee00000, 0x000000070ef00000|  0%| F|  |TS  0|AC  0|TAMS 0x000000070ee00000, 0x000000070ee00000|
| 239|0x000000070ef00000, 0x000000070ef00000, 0x000000070f000000|  0%| F|  |TS  0|AC  0|TAMS 0x000000070ef00000, 0x000000070ef00000|
| 240|0x000000070f000000, 0x000000070f000000, 0x000000070f100000|  0%| F|  |TS  0|AC  0|TAMS 0x000000070f000000, 0x000000070f000000|
| 241|0x000000070f100000, 0x000000070f100000, 0x000000070f200000|  0%| F|  |TS  0|AC  0|TAMS 0x000000070f100000, 0x000000070f100000|
| 242|0x000000070f200000, 0x000000070f200000, 0x000000070f300000|  0%| F|  |TS  0|AC  0|TAMS 0x000000070f200000, 0x000000070f200000|
| 243|0x000000070f300000, 0x000000070f300000, 0x000000070f400000|  0%| F|  |TS  0|AC  0|TAMS 0x000000070f300000, 0x000000070f300000|
| 244|0x000000070f400000, 0x000000070f400000, 0x000000070f500000|  0%| F|  |TS  0|AC  0|TAMS 0x000000070f400000, 0x000000070f400000|
| 245|0x000000070f500000, 0x000000070f500000, 0x000000070f600000|  0%| F|  |TS  0|AC  0|TAMS 0x000000070f500000, 0x000000070f500000|
| 246|0x000000070f600000, 0x000000070f600000, 0x000000070f700000|  0%| F|  |TS  0|AC  0|TAMS 0x000000070f600000, 0x000000070f600000|
| 247|0x000000070f700000, 0x000000070f700000, 0x000000070f800000|  0%| F|  |TS  0|AC  0|TAMS 0x000000070f700000, 0x000000070f700000|
| 248|0x000000070f800000, 0x000000070f800000, 0x000000070f900000|  0%| F|  |TS  0|AC  0|TAMS 0x000000070f800000, 0x000000070f800000|
| 249|0x000000070f900000, 0x000000070f900000, 0x000000070fa00000|  0%| F|  |TS  0|AC  0|TAMS 0x000000070f900000, 0x000000070f900000|
| 250|0x000000070fa00000, 0x000000070fa00000, 0x000000070fb00000|  0%| F|  |TS  0|AC  0|TAMS 0x000000070fa00000, 0x000000070fa00000|
| 251|0x000000070fb00000, 0x000000070fb00000, 0x000000070fc00000|  0%| F|  |TS  0|AC  0|TAMS 0x000000070fb00000, 0x000000070fb00000|
| 252|0x000000070fc00000, 0x000000070fc00000, 0x000000070fd00000|  0%| F|  |TS  0|AC  0|TAMS 0x000000070fc00000, 0x000000070fc00000|
| 253|0x000000070fd00000, 0x000000070fd00000, 0x000000070fe00000|  0%| F|  |TS  0|AC  0|TAMS 0x000000070fd00000, 0x000000070fd00000|
| 254|0x000000070fe00000, 0x000000070fe00000, 0x000000070ff00000|  0%| F|  |TS  0|AC  0|TAMS 0x000000070fe00000, 0x000000070fe00000|
| 255|0x000000070ff00000, 0x000000070fff0f40, 0x0000000710000000| 94%| S|CS|TS  0|AC  0|TAMS 0x000000070ff00000, 0x000000070ff00000|
| 256|0x0000000710000000, 0x0000000710000000, 0x0000000710100000|  0%| F|  |TS  0|AC  0|TAMS 0x0000000710000000, 0x0000000710000000|
| 257|0x0000000710100000, 0x0000000710100000, 0x0000000710200000|  0%| F|  |TS  0|AC  0|TAMS 0x0000000710100000, 0x0000000710100000|
| 258|0x0000000710200000, 0x0000000710200000, 0x0000000710300000|  0%| F|  |TS  0|AC  0|TAMS 0x0000000710200000, 0x0000000710200000|
| 259|0x0000000710300000, 0x0000000710300000, 0x0000000710400000|  0%| F|  |TS  0|AC  0|TAMS 0x0000000710300000, 0x0000000710300000|
| 260|0x0000000710400000, 0x0000000710400000, 0x0000000710500000|  0%| F|  |TS  0|AC  0|TAMS 0x0000000710400000, 0x0000000710400000|
| 261|0x0000000710500000, 0x0000000710500000, 0x0000000710600000|  0%| F|  |TS  0|AC  0|TAMS 0x0000000710500000, 0x0000000710500000|
| 262|0x0000000710600000, 0x0000000710600000, 0x0000000710700000|  0%| F|  |TS  0|AC  0|TAMS 0x0000000710600000, 0x0000000710600000|
| 263|0x0000000710700000, 0x0000000710700000, 0x0000000710800000|  0%| F|  |TS  0|AC  0|TAMS 0x0000000710700000, 0x0000000710700000|
| 264|0x0000000710800000, 0x0000000710800000, 0x0000000710900000|  0%| F|  |TS  0|AC  0|TAMS 0x0000000710800000, 0x0000000710800000|
| 265|0x0000000710900000, 0x0000000710900000, 0x0000000710a00000|  0%| F|  |TS  0|AC  0|TAMS 0x0000000710900000, 0x0000000710900000|
| 266|0x0000000710a00000, 0x0000000710a00000, 0x0000000710b00000|  0%| F|  |TS  0|AC  0|TAMS 0x0000000710a00000, 0x0000000710a00000|
| 267|0x0000000710b00000, 0x0000000710b32498, 0x0000000710c00000| 19%| E|  |TS  0|AC  0|TAMS 0x0000000710b00000, 0x0000000710b00000|
| 268|0x0000000710c00000, 0x0000000710d00000, 0x0000000710d00000|100%| E|CS|TS  0|AC  0|TAMS 0x0000000710c00000, 0x0000000710c00000|
| 269|0x0000000710d00000, 0x0000000710e00000, 0x0000000710e00000|100%| E|CS|TS  0|AC  0|TAMS 0x0000000710d00000, 0x0000000710d00000|
| 270|0x0000000710e00000, 0x0000000710f00000, 0x0000000710f00000|100%| E|CS|TS  0|AC  0|TAMS 0x0000000710e00000, 0x0000000710e00000|
| 271|0x0000000710f00000, 0x0000000711000000, 0x0000000711000000|100%| E|CS|TS  0|AC  0|TAMS 0x0000000710f00000, 0x0000000710f00000|
| 272|0x0000000711000000, 0x0000000711100000, 0x0000000711100000|100%| E|CS|TS  0|AC  0|TAMS 0x0000000711000000, 0x0000000711000000|
| 273|0x0000000711100000, 0x0000000711200000, 0x0000000711200000|100%| E|CS|TS  0|AC  0|TAMS 0x0000000711100000, 0x0000000711100000|
| 274|0x0000000711200000, 0x0000000711300000, 0x0000000711300000|100%| E|CS|TS  0|AC  0|TAMS 0x0000000711200000, 0x0000000711200000|
| 275|0x0000000711300000, 0x0000000711400000, 0x0000000711400000|100%| E|CS|TS  0|AC  0|TAMS 0x0000000711300000, 0x0000000711300000|
| 276|0x0000000711400000, 0x0000000711500000, 0x0000000711500000|100%| E|CS|TS  0|AC  0|TAMS 0x0000000711400000, 0x0000000711400000|
| 277|0x0000000711500000, 0x0000000711600000, 0x0000000711600000|100%| E|CS|TS  0|AC  0|TAMS 0x0000000711500000, 0x0000000711500000|
| 278|0x0000000711600000, 0x0000000711700000, 0x0000000711700000|100%| E|CS|TS  0|AC  0|TAMS 0x0000000711600000, 0x0000000711600000|

Card table byte_map: [0x0000024e314e0000,0x0000024e31ae0000] byte_map_base: 0x0000024e2dce0000

Marking Bits (Prev, Next): (CMBitMap*) 0x0000024e2f6bd770, (CMBitMap*) 0x0000024e2f6bd7a8
 Prev Bits: [0x0000024e4a400000, 0x0000024e4d400000)
 Next Bits: [0x0000024e4d400000, 0x0000024e50400000)

Polling page: 0x0000024e260c0000

CodeHeap 'non-profiled nmethods': size=119168Kb used=37038Kb max_used=39117Kb free=82129Kb
 bounds [0x0000024e42fa0000, 0x0000024e45640000, 0x0000024e4a400000]
CodeHeap 'profiled nmethods': size=119168Kb used=51343Kb max_used=55482Kb free=67824Kb
 bounds [0x0000024e3bb40000, 0x0000024e3f1f0000, 0x0000024e42fa0000]
CodeHeap 'non-nmethods': size=7424Kb used=3610Kb max_used=3706Kb free=3813Kb
 bounds [0x0000024e3b400000, 0x0000024e3b7b0000, 0x0000024e3bb40000]
 total_blobs=54215 nmethods=24534 adapters=1325
 compilation: enabled

Compilation events (10 events):
Event: 356739.779 Thread 0x0000024e34792800 35237       4       java.io.PrintWriter::ensureOpen (18 bytes)
Event: 356739.779 Thread 0x0000024e2b8c1800 35238   !   3       java.io.PrintWriter::write (58 bytes)
Event: 356739.779 Thread 0x0000024e2c8e7800 nmethod 35236 0x0000024e3bc9ce90 code [0x0000024e3bc9d060, 0x0000024e3bc9d490]
Event: 356739.779 Thread 0x0000024e34792800 nmethod 35237 0x0000024e43868b90 code [0x0000024e43868d20, 0x0000024e43868d98]
Event: 356739.780 Thread 0x0000024e2b8c1800 nmethod 35238 0x0000024e3bf36910 code [0x0000024e3bf36b20, 0x0000024e3bf371d0]
Event: 356739.780 Thread 0x0000024e2b8c7800 35240   !   4       java.io.PrintWriter::newLine (65 bytes)
Event: 356739.780 Thread 0x0000024e2c8e3800 35239       3       java.lang.Throwable$WrappedPrintWriter::println (9 bytes)
Event: 356739.781 Thread 0x0000024e2b8c7000 nmethod 35235 0x0000024e43bdec90 code [0x0000024e43bdee40, 0x0000024e43bdf428]
Event: 356739.781 Thread 0x0000024e2c8e3800 nmethod 35239 0x0000024e3bf73290 code [0x0000024e3bf734e0, 0x0000024e3bf73f20]
Event: 356739.783 Thread 0x0000024e2b8c7800 nmethod 35240 0x0000024e43f1a590 code [0x0000024e43f1a760, 0x0000024e43f1ac38]

GC Heap History (10 events):
Event: 356730.257 GC heap before
{Heap before GC invocations=7162 (full 2751):
 garbage-first heap   total 285696K, used 227141K [0x0000000700000000, 0x00000007001008b8, 0x00000007c0000000)
  region size 1024K, 60 young (61440K), 1 survivors (1024K)
 Metaspace       used 98664K, capacity 101543K, committed 107520K, reserved 1142784K
  class space    used 13018K, capacity 13618K, committed 14848K, reserved 1048576K
}
Event: 356730.259 GC heap after
{Heap after GC invocations=7163 (full 2751):
 garbage-first heap   total 285696K, used 166788K [0x0000000700000000, 0x00000007001008b8, 0x00000007c0000000)
  region size 1024K, 1 young (1024K), 1 survivors (1024K)
 Metaspace       used 98664K, capacity 101543K, committed 107520K, reserved 1142784K
  class space    used 13018K, capacity 13618K, committed 14848K, reserved 1048576K
}
Event: 356731.251 GC heap before
{Heap before GC invocations=7164 (full 2751):
 garbage-first heap   total 285696K, used 200580K [0x0000000700000000, 0x00000007001008b8, 0x00000007c0000000)
  region size 1024K, 35 young (35840K), 1 survivors (1024K)
 Metaspace       used 98664K, capacity 101543K, committed 107520K, reserved 1142784K
  class space    used 13018K, capacity 13618K, committed 14848K, reserved 1048576K
}
Event: 356731.252 GC heap after
{Heap after GC invocations=7165 (full 2751):
 garbage-first heap   total 285696K, used 166750K [0x0000000700000000, 0x00000007001008b8, 0x00000007c0000000)
  region size 1024K, 1 young (1024K), 1 survivors (1024K)
 Metaspace       used 98664K, capacity 101543K, committed 107520K, reserved 1142784K
  class space    used 13018K, capacity 13618K, committed 14848K, reserved 1048576K
}
Event: 356731.721 GC heap before
{Heap before GC invocations=7166 (full 2751):
 garbage-first heap   total 285696K, used 235358K [0x0000000700000000, 0x00000007001008b8, 0x00000007c0000000)
  region size 1024K, 60 young (61440K), 1 survivors (1024K)
 Metaspace       used 98664K, capacity 101543K, committed 107520K, reserved 1142784K
  class space    used 13018K, capacity 13618K, committed 14848K, reserved 1048576K
}
Event: 356731.723 GC heap after
{Heap after GC invocations=7167 (full 2751):
 garbage-first heap   total 285696K, used 175117K [0x0000000700000000, 0x00000007001008b8, 0x00000007c0000000)
  region size 1024K, 1 young (1024K), 1 survivors (1024K)
 Metaspace       used 98664K, capacity 101543K, committed 107520K, reserved 1142784K
  class space    used 13018K, capacity 13618K, committed 14848K, reserved 1048576K
}
Event: 356732.064 GC heap before
{Heap before GC invocations=7167 (full 2751):
 garbage-first heap   total 285696K, used 235533K [0x0000000700000000, 0x00000007001008b8, 0x00000007c0000000)
  region size 1024K, 60 young (61440K), 1 survivors (1024K)
 Metaspace       used 98664K, capacity 101543K, committed 107520K, reserved 1142784K
  class space    used 13018K, capacity 13618K, committed 14848K, reserved 1048576K
}
Event: 356732.067 GC heap after
{Heap after GC invocations=7168 (full 2751):
 garbage-first heap   total 285696K, used 171152K [0x0000000700000000, 0x00000007001008b8, 0x00000007c0000000)
  region size 1024K, 1 young (1024K), 1 survivors (1024K)
 Metaspace       used 98664K, capacity 101543K, committed 107520K, reserved 1142784K
  class space    used 13018K, capacity 13618K, committed 14848K, reserved 1048576K
}
Event: 356736.460 GC heap before
{Heap before GC invocations=7169 (full 2751):
 garbage-first heap   total 285696K, used 193680K [0x0000000700000000, 0x00000007001008b8, 0x00000007c0000000)
  region size 1024K, 24 young (24576K), 1 survivors (1024K)
 Metaspace       used 98664K, capacity 101543K, committed 107520K, reserved 1142784K
  class space    used 13018K, capacity 13618K, committed 14848K, reserved 1048576K
}
Event: 356736.463 GC heap after
{Heap after GC invocations=7170 (full 2751):
 garbage-first heap   total 285696K, used 171553K [0x0000000700000000, 0x00000007001008b8, 0x00000007c0000000)
  region size 1024K, 1 young (1024K), 1 survivors (1024K)
 Metaspace       used 98664K, capacity 101543K, committed 107520K, reserved 1142784K
  class space    used 13018K, capacity 13618K, committed 14848K, reserved 1048576K
}

Deoptimization events (10 events):
Event: 356739.778 Thread 0x0000024e53592800 Uncommon trap: reason=unstable_if action=reinterpret pc=0x0000024e44112688 method=ui.frmwork.str.a.b(Ljava/lang/StringBuilder;Z)V @ 41 c2
Event: 356739.779 Thread 0x0000024e53592800 Uncommon trap: reason=bimorphic_or_optimized_type_check action=maybe_recompile pc=0x0000024e44e06384 method=java.io.PrintWriter.write(Ljava/lang/String;II)V @ 19 c2
Event: 356739.779 Thread 0x0000024e53592800 Uncommon trap: reason=class_check action=maybe_recompile pc=0x0000024e44e48310 method=java.io.PrintWriter.newLine()V @ 18 c2
Event: 356739.779 Thread 0x0000024e53592800 Uncommon trap: reason=bimorphic_or_optimized_type_check action=maybe_recompile pc=0x0000024e44e06384 method=java.io.PrintWriter.write(Ljava/lang/String;II)V @ 19 c2
Event: 356739.779 Thread 0x0000024e53592800 Uncommon trap: reason=class_check action=maybe_recompile pc=0x0000024e44e48310 method=java.io.PrintWriter.newLine()V @ 18 c2
Event: 356739.779 Thread 0x0000024e53592800 Uncommon trap: reason=bimorphic_or_optimized_type_check action=maybe_recompile pc=0x0000024e44e06384 method=java.io.PrintWriter.write(Ljava/lang/String;II)V @ 19 c2
Event: 356739.779 Thread 0x0000024e53592800 Uncommon trap: reason=class_check action=maybe_recompile pc=0x0000024e44e48310 method=java.io.PrintWriter.newLine()V @ 18 c2
Event: 356739.779 Thread 0x0000024e53592800 Uncommon trap: reason=bimorphic_or_optimized_type_check action=maybe_recompile pc=0x0000024e44e06384 method=java.io.PrintWriter.write(Ljava/lang/String;II)V @ 19 c2
Event: 356739.779 Thread 0x0000024e53592800 Uncommon trap: reason=class_check action=maybe_recompile pc=0x0000024e44e48310 method=java.io.PrintWriter.newLine()V @ 18 c2
Event: 356739.779 Thread 0x0000024e53592800 Uncommon trap: reason=bimorphic_or_optimized_type_check action=maybe_recompile pc=0x0000024e44e63854 method=java.io.PrintWriter.write(Ljava/lang/String;II)V @ 19 c2

Classes redefined (0 events):
No events

Internal exceptions (10 events):
Event: 355532.465 Thread 0x0000024e53592800 Exception <a 'de/concept/nlview/NlviewException'{0x0000000710dab350}> (0x0000000710dab350) thrown at [t:/workspace/hotspot/src/share/vm/prims/jni.cpp, line 604]
Event: 355532.465 Thread 0x0000024e53592800 Exception <a 'de/concept/nlview/NlviewException'{0x0000000710dabd98}> (0x0000000710dabd98) thrown at [t:/workspace/hotspot/src/share/vm/prims/jni.cpp, line 604]
Event: 355532.465 Thread 0x0000024e53592800 Exception <a 'de/concept/nlview/NlviewException'{0x0000000710dac7e0}> (0x0000000710dac7e0) thrown at [t:/workspace/hotspot/src/share/vm/prims/jni.cpp, line 604]
Event: 355532.465 Thread 0x0000024e53592800 Exception <a 'de/concept/nlview/NlviewException'{0x0000000710dad3d0}> (0x0000000710dad3d0) thrown at [t:/workspace/hotspot/src/share/vm/prims/jni.cpp, line 604]
Event: 355532.466 Thread 0x0000024e53592800 Exception <a 'de/concept/nlview/NlviewException'{0x0000000710db0e48}> (0x0000000710db0e48) thrown at [t:/workspace/hotspot/src/share/vm/prims/jni.cpp, line 604]
Event: 355532.466 Thread 0x0000024e53592800 Exception <a 'de/concept/nlview/NlviewException'{0x0000000710db1a78}> (0x0000000710db1a78) thrown at [t:/workspace/hotspot/src/share/vm/prims/jni.cpp, line 604]
Event: 355532.466 Thread 0x0000024e53592800 Exception <a 'de/concept/nlview/NlviewException'{0x0000000710db25c8}> (0x0000000710db25c8) thrown at [t:/workspace/hotspot/src/share/vm/prims/jni.cpp, line 604]
Event: 355532.466 Thread 0x0000024e53592800 Exception <a 'de/concept/nlview/NlviewException'{0x0000000710db3118}> (0x0000000710db3118) thrown at [t:/workspace/hotspot/src/share/vm/prims/jni.cpp, line 604]
Event: 355532.466 Thread 0x0000024e53592800 Exception <a 'de/concept/nlview/NlviewException'{0x0000000710db3e10}> (0x0000000710db3e10) thrown at [t:/workspace/hotspot/src/share/vm/prims/jni.cpp, line 604]
Event: 356739.764 Thread 0x0000024e53592800 Exception <a 'ui/frmwork/CommandFailedException'{0x00000007111c40e8}: Unknown exception occurred> (0x00000007111c40e8) thrown at [t:/workspace/hotspot/src/share/vm/prims/jni.cpp, line 625]

Events (10 events):
Event: 356739.779 Thread 0x0000024e53592800 DEOPT PACKING pc=0x0000024e44e06384 sp=0x000000e26e4f4bb0
Event: 356739.779 Thread 0x0000024e53592800 DEOPT UNPACKING pc=0x0000024e3b44df29 sp=0x000000e26e4f4b68 mode 2
Event: 356739.779 Thread 0x0000024e53592800 Uncommon trap: trap_request=0xffffffde fr.pc=0x0000024e44e48310 relative=0x00000000000001d0
Event: 356739.779 Thread 0x0000024e53592800 DEOPT PACKING pc=0x0000024e44e48310 sp=0x000000e26e4f4c00
Event: 356739.779 Thread 0x0000024e53592800 DEOPT UNPACKING pc=0x0000024e3b44df29 sp=0x000000e26e4f4bb8 mode 2
Event: 356739.779 Thread 0x0000024e53592800 Uncommon trap: trap_request=0xffffffc6 fr.pc=0x0000024e44e63854 relative=0x0000000000000b54
Event: 356739.779 Thread 0x0000024e53592800 DEOPT PACKING pc=0x0000024e44e63854 sp=0x000000e26e4f4c50
Event: 356739.779 Thread 0x0000024e53592800 DEOPT UNPACKING pc=0x0000024e3b44df29 sp=0x000000e26e4f4a50 mode 2
Event: 356739.779 loading class ui/frmwork/COutOfMemoryException
Event: 356739.779 loading class ui/frmwork/COutOfMemoryException done


Dynamic libraries:
0x00007ff63ff50000 - 0x00007ff63ff80000 	D:\Vivado\Vivado\2019.2\bin\unwrapped\win64.o\vivado.exe
0x00007ff918cd0000 - 0x00007ff918ec5000 	C:\Windows\SYSTEM32\ntdll.dll
0x00007ff9176c0000 - 0x00007ff91777e000 	C:\Windows\System32\KERNEL32.DLL
0x00007ff9163f0000 - 0x00007ff9166b8000 	C:\Windows\System32\KERNELBASE.dll
0x00007ff916910000 - 0x00007ff916a10000 	C:\Windows\System32\ucrtbase.dll
0x00007ff90b780000 - 0x00007ff90b80d000 	C:\Windows\SYSTEM32\MSVCP140.dll
0x00007ff90b710000 - 0x00007ff90b72b000 	C:\Windows\SYSTEM32\VCRUNTIME140.dll
0x00007ff90b6e0000 - 0x00007ff90b6ec000 	C:\Windows\SYSTEM32\VCRUNTIME140_1.dll
0x00007ff908e60000 - 0x00007ff908e76000 	D:\Vivado\Vivado\2019.2\lib\win64.o\librdi_commonmain.dll
0x00007ff908e80000 - 0x00007ff908e94000 	D:\Vivado\Vivado\2019.2\lib\win64.o\libboost_signals.dll
0x00007ff910bd0000 - 0x00007ff910bda000 	D:\Vivado\Vivado\2019.2\lib\win64.o\librdi_commonversion.dll
0x00007ff908580000 - 0x00007ff9085a6000 	D:\Vivado\Vivado\2019.2\lib\win64.o\libboost_filesystem.dll
0x00007ff917070000 - 0x00007ff91711e000 	C:\Windows\System32\ADVAPI32.dll
0x00007ff916f70000 - 0x00007ff91700e000 	C:\Windows\System32\msvcrt.dll
0x00007ff917620000 - 0x00007ff9176bc000 	C:\Windows\System32\sechost.dll
0x00007ff918970000 - 0x00007ff918a95000 	C:\Windows\System32\RPCRT4.dll
0x00007ff8bff00000 - 0x00007ff8c00a1000 	D:\Vivado\Vivado\2019.2\lib\win64.o\librdi_commonxillic.dll
0x00007ff917120000 - 0x00007ff9172c0000 	C:\Windows\System32\USER32.dll
0x00007ff916a80000 - 0x00007ff916aa2000 	C:\Windows\System32\win32u.dll
0x00007ff918940000 - 0x00007ff91896a000 	C:\Windows\System32\GDI32.dll
0x00007ff916770000 - 0x00007ff91687b000 	C:\Windows\System32\gdi32full.dll
0x00007ff916b30000 - 0x00007ff916bcd000 	C:\Windows\System32\msvcp_win.dll
0x00007ff917820000 - 0x00007ff91788b000 	C:\Windows\System32\WS2_32.dll
0x00007ff916b00000 - 0x00007ff916b27000 	C:\Windows\System32\bcrypt.dll
0x00000000667a0000 - 0x00000000668cb000 	D:\Vivado\Vivado\2019.2\lib\win64.o\tcl85t.dll
0x00007ff9086f0000 - 0x00007ff9086fb000 	D:\Vivado\Vivado\2019.2\lib\win64.o\libboost_system.dll
0x00007ff8a3a20000 - 0x00007ff8a3cfb000 	D:\Vivado\Vivado\2019.2\lib\win64.o\libXil_lmgr11.dll
0x00007ff918aa0000 - 0x00007ff918b7b000 	C:\Windows\System32\COMDLG32.dll
0x00007ff9172c0000 - 0x00007ff917614000 	C:\Windows\System32\combase.dll
0x00007ff918be0000 - 0x00007ff918c8d000 	C:\Windows\System32\shcore.dll
0x00007ff918800000 - 0x00007ff918855000 	C:\Windows\System32\SHLWAPI.dll
0x00007ff9180b0000 - 0x00007ff9187f4000 	C:\Windows\System32\SHELL32.dll
0x00007ff917fe0000 - 0x00007ff9180ad000 	C:\Windows\System32\OLEAUT32.dll
0x00007ff917d90000 - 0x00007ff917eba000 	C:\Windows\System32\ole32.dll
0x00007ff916a10000 - 0x00007ff916a78000 	C:\Windows\System32\WINTRUST.dll
0x00007ff916bd0000 - 0x00007ff916d26000 	C:\Windows\System32\CRYPT32.dll
0x00007ff8d1840000 - 0x00007ff8d1954000 	D:\Vivado\Vivado\2019.2\lib\win64.o\libboost_regex.dll
0x00007ff8a2e20000 - 0x00007ff8a3a1c200 	D:\Vivado\Vivado\2019.2\lib\win64.o\libisl_iostreams.dll
0x00007ff90b610000 - 0x00007ff90b62a000 	C:\Windows\SYSTEM32\NETAPI32.dll
0x00007ff8f9690000 - 0x00007ff8f9740000 	C:\Windows\WinSxS\amd64_microsoft.windows.common-controls_6595b64144ccf1df_5.82.19041.1110_none_792d1c772443f647\COMCTL32.dll
0x00007ff8cb3f0000 - 0x00007ff8cb3f9000 	C:\Windows\SYSTEM32\WSOCK32.dll
0x00007ff9108b0000 - 0x00007ff9108cd000 	C:\Windows\SYSTEM32\dhcpcsvc.DLL
0x00007ff89ebd0000 - 0x00007ff89fb13000 	D:\Vivado\Vivado\2019.2\lib\win64.o\librdi_common.dll
0x00007ff8fe8e0000 - 0x00007ff8fe8f4000 	D:\Vivado\Vivado\2019.2\lib\win64.o\libboost_date_time.dll
0x00007ff8fe8b0000 - 0x00007ff8fe8d1000 	D:\Vivado\Vivado\2019.2\lib\win64.o\libboost_thread.dll
0x00007ff8fe880000 - 0x00007ff8fe8a5000 	D:\Vivado\Vivado\2019.2\lib\win64.o\libisl_iosutils.dll
0x00007ff8fe860000 - 0x00007ff8fe87b000 	D:\Vivado\Vivado\2019.2\lib\win64.o\libboost_iostreams.dll
0x00007ff8fe840000 - 0x00007ff8fe85a000 	D:\Vivado\Vivado\2019.2\lib\win64.o\pthreadVC2.dll
0x00007ff9086e0000 - 0x00007ff9086ef000 	D:\Vivado\Vivado\2019.2\lib\win64.o\libboost_xilinx.dll
0x00007ff8f2960000 - 0x00007ff8f29df000 	D:\Vivado\Vivado\2019.2\lib\win64.o\libboost_program_options.dll
0x00007ff8dc1c0000 - 0x00007ff8dc242000 	D:\Vivado\Vivado\2019.2\lib\win64.o\libhdlpsolve.dll
0x00007ff89e860000 - 0x00007ff89ebce000 	D:\Vivado\Vivado\2019.2\lib\win64.o\libCOIN-all.dll
0x00007ff8fb520000 - 0x00007ff8fb54e000 	D:\Vivado\Vivado\2019.2\lib\win64.o\libisl_sysinfo.dll
0x00007ff8cc3d0000 - 0x00007ff8cc475000 	D:\Vivado\Vivado\2019.2\lib\win64.o\libhdxml.dll
0x00007ff8f9830000 - 0x00007ff8f984c000 	D:\Vivado\Vivado\2019.2\lib\win64.o\librdiconfig.dll
0x00007ff90af00000 - 0x00007ff90b3d6000 	C:\Windows\SYSTEM32\WININET.dll
0x00007ff8f2b80000 - 0x00007ff8f2be5000 	D:\Vivado\Vivado\2019.2\lib\win64.o\liblmx6.0.dll
0x00007ff90f840000 - 0x00007ff90f94a000 	C:\Windows\SYSTEM32\WINHTTP.dll
0x00007ff90bb60000 - 0x00007ff90bd4c000 	C:\Windows\SYSTEM32\urlmon.dll
0x00007ff8e9f20000 - 0x00007ff8e9f51000 	C:\Windows\SYSTEM32\VCOMP140.DLL
0x00007ff8e4fb0000 - 0x00007ff8e4fd1000 	D:\Vivado\Vivado\2019.2\lib\win64.o\librdizlib.dll
0x00007ff90b840000 - 0x00007ff90baf1000 	C:\Windows\SYSTEM32\iertutil.dll
0x00007ff90bb00000 - 0x00007ff90bb28000 	C:\Windows\SYSTEM32\srvcli.dll
0x00007ff9158c0000 - 0x00007ff9158cc000 	C:\Windows\SYSTEM32\netutils.dll
0x00007ff8fa900000 - 0x00007ff8fa90d000 	D:\Vivado\Vivado\2019.2\lib\win64.o\libboost_chrono.dll
0x00007ff89bdb0000 - 0x00007ff89cc41000 	D:\Vivado\Vivado\2019.2\lib\win64.o\gurobi65.dll
0x0000000012000000 - 0x0000000012270000 	D:\Vivado\Vivado\2019.2\lib\win64.o\xerces-c_3_1.dll
0x00007ff918860000 - 0x00007ff918890000 	C:\Windows\System32\IMM32.DLL
0x00007ff915f70000 - 0x00007ff915f82000 	C:\Windows\SYSTEM32\MSASN1.dll
0x00007ff914c60000 - 0x00007ff914c72000 	C:\Windows\SYSTEM32\kernel.appcore.dll
0x00007ff89b890000 - 0x00007ff89bda7000 	D:\Vivado\Vivado\2019.2\lib\win64.o\librdi_commontasks.dll
0x00007ff9103a0000 - 0x00007ff9103aa000 	C:\Windows\SYSTEM32\VERSION.dll
0x00007ff89b5a0000 - 0x00007ff89b883000 	D:\Vivado\Vivado\2019.2\lib\win64.o\librdi_sio.dll
0x00007ff9157b0000 - 0x00007ff9157eb000 	C:\Windows\SYSTEM32\IPHLPAPI.DLL
0x0000000065d70000 - 0x0000000066795000 	D:\Vivado\Vivado\2019.2\tps\win64\jre9.0.4\bin\server\jvm.dll
0x00007ff916d30000 - 0x00007ff916d38000 	C:\Windows\System32\PSAPI.DLL
0x00007ff901750000 - 0x00007ff901777000 	C:\Windows\SYSTEM32\WINMM.dll
0x00007ff8c7730000 - 0x00007ff8c781f000 	C:\Windows\SYSTEM32\MSVCR120.dll
0x00007ff915aa0000 - 0x00007ff915b0a000 	C:\Windows\SYSTEM32\MSWSOCK.DLL
0x00007ff9144b0000 - 0x00007ff914c44000 	C:\Windows\SYSTEM32\windows.storage.dll
0x00007ff915df0000 - 0x00007ff915e1c000 	C:\Windows\SYSTEM32\Wldp.dll
0x00007ff898e50000 - 0x00007ff89b595000 	D:\Vivado\Vivado\2019.2\lib\win64.o\librdi_tcltasks.dll
0x00007ff898990000 - 0x00007ff898e44000 	D:\Vivado\Vivado\2019.2\lib\win64.o\librdi_bitstream.dll
0x00007ff8e1740000 - 0x00007ff8e17bb000 	D:\Vivado\Vivado\2019.2\lib\win64.o\librdi_boarddep.dll
0x00007ff8bfda0000 - 0x00007ff8bfef2000 	D:\Vivado\Vivado\2019.2\lib\win64.o\librdi_cd_client.dll
0x00007ff8a2c80000 - 0x00007ff8a2e1d000 	D:\Vivado\Vivado\2019.2\lib\win64.o\librdi_board.dll
0x00007ff8bf0d0000 - 0x00007ff8bf1bf000 	D:\Vivado\Vivado\2019.2\lib\win64.o\librdi_chipscope.dll
0x00007ff8987d0000 - 0x00007ff898990000 	D:\Vivado\Vivado\2019.2\lib\win64.o\librdi_chipscopeimpl.dll
0x00007ff8984a0000 - 0x00007ff8987c4000 	D:\Vivado\Vivado\2019.2\lib\win64.o\librdi_containers.dll
0x00007ff8941d0000 - 0x00007ff89849b000 	D:\Vivado\Vivado\2019.2\lib\win64.o\librdi_designutils.dll
0x00007ff8926f0000 - 0x00007ff8941ca000 	D:\Vivado\Vivado\2019.2\lib\win64.o\librdi_constraints.dll
0x00007ff8923a0000 - 0x00007ff8926ea000 	D:\Vivado\Vivado\2019.2\lib\win64.o\librdi_dlyest.dll
0x00007ff891dd0000 - 0x00007ff89239d000 	D:\Vivado\Vivado\2019.2\lib\win64.o\librdi_drc.dll
0x00007ff8beec0000 - 0x00007ff8bef84000 	D:\Vivado\Vivado\2019.2\lib\win64.o\librdi_dsp.dll
0x00007ff88fde0000 - 0x00007ff891dd0000 	D:\Vivado\Vivado\2019.2\lib\win64.o\librdi_coregen.dll
0x00007ff88f770000 - 0x00007ff88fddb000 	D:\Vivado\Vivado\2019.2\lib\win64.o\librdi_filemgmt.dll
0x00007ff88f090000 - 0x00007ff88f769000 	D:\Vivado\Vivado\2019.2\lib\win64.o\librdi_coregenipxact.dll
0x00007ff8d5140000 - 0x00007ff8d51aa000 	D:\Vivado\Vivado\2019.2\lib\win64.o\librdi_hdf.dll
0x00007ff88ed80000 - 0x00007ff88f090000 	D:\Vivado\Vivado\2019.2\lib\win64.o\librdi_guitools.dll
0x00007ff879fb0000 - 0x00007ff87a1d0000 	D:\Vivado\Vivado\2019.2\lib\win64.o\librdi_hip_devdesign.dll
0x00007ff87a1d0000 - 0x00007ff88ed7b000 	D:\Vivado\Vivado\2019.2\lib\win64.o\librdi_device.dll
0x00007ff89e710000 - 0x00007ff89e858000 	D:\Vivado\Vivado\2019.2\lib\win64.o\librdi_hip_perf_analysis.dll
0x00007ff8d17c0000 - 0x00007ff8d1834000 	D:\Vivado\Vivado\2019.2\lib\win64.o\librdi_memoryarray.dll
0x00007ff878840000 - 0x00007ff879fad000 	D:\Vivado\Vivado\2019.2\lib\win64.o\librdi_implflow.dll
0x00007ff878200000 - 0x00007ff878831000 	D:\Vivado\Vivado\2019.2\lib\win64.o\librdi_memdata.dll
0x00007ff8e4460000 - 0x00007ff8e44ac000 	D:\Vivado\Vivado\2019.2\lib\win64.o\librdi_pfi.dll
0x00007ff875430000 - 0x00007ff8781fb000 	D:\Vivado\Vivado\2019.2\lib\win64.o\librdi_mig.dll
0x00007ff874d40000 - 0x00007ff875423000 	D:\Vivado\Vivado\2019.2\lib\win64.o\librdi_netlist.dll
0x00007ff874530000 - 0x00007ff874d3b000 	D:\Vivado\Vivado\2019.2\lib\win64.o\librdi_power.dll
0x00007ff874210000 - 0x00007ff87452b000 	D:\Vivado\Vivado\2019.2\lib\win64.o\librdi_platform.dll
0x00007ff871380000 - 0x00007ff87193a000 	D:\Vivado\Vivado\2019.2\lib\win64.o\librdi_project.dll
0x00007ff871940000 - 0x00007ff874207000 	D:\Vivado\Vivado\2019.2\lib\win64.o\librdi_place.dll
0x00007ff870cb0000 - 0x00007ff871371000 	D:\Vivado\Vivado\2019.2\lib\win64.o\librdi_rsb.dll
0x00007ff870570000 - 0x00007ff870ca3000 	D:\Vivado\Vivado\2019.2\lib\win64.o\librdi_psta.dll
0x00007ff870460000 - 0x00007ff870568000 	D:\Vivado\Vivado\2019.2\lib\win64.o\librdi_runsbase.dll
0x00007ff8701e0000 - 0x00007ff870455000 	D:\Vivado\Vivado\2019.2\lib\win64.o\librdi_simdata.dll
0x00007ff86fdb0000 - 0x00007ff8701d3000 	D:\Vivado\Vivado\2019.2\lib\win64.o\librdi_runs.dll
0x00007ff86ef20000 - 0x00007ff86fdad000 	D:\Vivado\Vivado\2019.2\lib\win64.o\librdi_timing.dll
0x00007ff86ed80000 - 0x00007ff86ef20000 	D:\Vivado\Vivado\2019.2\lib\win64.o\librdi_cd_protocol.dll
0x00007ff86ebd0000 - 0x00007ff86ed71000 	D:\Vivado\Vivado\2019.2\lib\win64.o\librdi_advchipscopeimpl.dll
0x00007ff8e2e80000 - 0x00007ff8e2ecc000 	D:\Vivado\Vivado\2019.2\lib\win64.o\libboost_serialization.dll
0x00007ff8d5580000 - 0x00007ff8d55ca000 	D:\Vivado\Vivado\2019.2\lib\win64.o\librdi_noc_frameworks.dll
0x00007ff86e9e0000 - 0x00007ff86ebc4000 	D:\Vivado\Vivado\2019.2\lib\win64.o\librdi_hip_config.dll
0x00007ff86e490000 - 0x00007ff86e9de000 	D:\Vivado\Vivado\2019.2\lib\win64.o\librdi_xdm.dll
0x00007ff86e3b0000 - 0x00007ff86e487000 	D:\Vivado\Vivado\2019.2\lib\win64.o\librdi_ipconfig_readwrite.dll
0x00007ff8c8570000 - 0x00007ff8c860e000 	D:\Vivado\Vivado\2019.2\lib\win64.o\libise.dll
0x00007ff8d16a0000 - 0x00007ff8d16ea000 	D:\Vivado\Vivado\2019.2\lib\win64.o\librdi_wavedata_SimpleApi.dll
0x00007ff86dd90000 - 0x00007ff86e3ab000 	D:\Vivado\Vivado\2019.2\lib\win64.o\librdi_wavedata.dll

VM Arguments:
jvm_args: -Dsun.java2d.pmoffscreen=false -Dsun.java2d.xrender=false -Dsun.java2d.d3d=false -Dsun.awt.nopixfmt=true -Dsun.java2d.dpiaware=true -Dsun.java2d.uiScale.enabled=false -Xverify:none -Dswing.aatext=true -XX:-UsePerfData -Djdk.map.althashing.threshold=512 -XX:StringTableSize=4072 --add-opens=java.base/java.nio=ALL-UNNAMED --add-opens=java.desktop/sun.swing=ALL-UNNAMED --add-opens=java.desktop/javax.swing=ALL-UNNAMED --add-opens=java.desktop/javax.swing.tree=ALL-UNNAMED --add-opens=java.desktop/javax.swing.plaf.basic=ALL-UNNAMED --add-opens=java.desktop/javax.swing.plaf.synth=ALL-UNNAMED --add-opens=java.desktop/com.sun.awt=ALL-UNNAMED -XX:NewSize=60m -XX:MaxNewSize=60m -Xms128m -Xmx3072m -Xss5m 
java_command: <unknown>
java_class_path (initial): D:/Vivado/Vivado/2019.2\lib\classes\alloy.jar;D:/Vivado/Vivado/2019.2\lib\classes\autoesl-common.jar;D:/Vivado/Vivado/2019.2\lib\classes\autoesl-models.jar;D:/Vivado/Vivado/2019.2\lib\classes\autoesl-report.jar;D:/Vivado/Vivado/2019.2\lib\classes\autopilot.scelaborator.jar;D:/Vivado/Vivado/2019.2\lib\classes\autopilot.sourceprocessor.jar;D:/Vivado/Vivado/2019.2\lib\classes\autopilot.tbprocessor.jar;D:/Vivado/Vivado/2019.2\lib\classes\batik-anim.jar;D:/Vivado/Vivado/2019.2\lib\classes\batik-awt-util.jar;D:/Vivado/Vivado/2019.2\lib\classes\batik-bridge.jar;D:/Vivado/Vivado/2019.2\lib\classes\batik-codec.jar;D:/Vivado/Vivado/2019.2\lib\classes\batik-css.jar;D:/Vivado/Vivado/2019.2\lib\classes\batik-dom.jar;D:/Vivado/Vivado/2019.2\lib\classes\batik-ext.jar;D:/Vivado/Vivado/2019.2\lib\classes\batik-gui-util.jar;D:/Vivado/Vivado/2019.2\lib\classes\batik-gvt.jar;D:/Vivado/Vivado/2019.2\lib\classes\batik-parser.jar;D:/Vivado/Vivado/2019.2\lib\classes\batik-script.jar;D:/Vivado/Vivado/2019.2\lib\classes\batik-svg-dom.jar;D:/Vivado/Vivado/2019.2\lib\classes\batik-swing.jar;D:/Vivado/Vivado/2019.2\lib\classes\batik-transcoder.jar;D:/Vivado/Vivado/2019.2\lib\classes\batik-util.jar;D:/Vivado/Vivado/2019.2\lib\classes\batik-xml.jar;D:/Vivado/Vivado/2019.2\lib\classes\com.google.gson_2.7.0.v20170129-0911.jar;D:/Vivado/Vivado/2019.2\lib\classes\com.google.guava_21.0.0.v20170206-1425.jar;D:/Vivado/Vivado/2019.2\lib\classes\com.ibm.icu_4.4.2.v20110208.jar;D:/Vivado/Vivado/2019.2\lib\classes\com.sigasi.hdt.connection_4.5.0.201909241521.jar;D:/Vivado/Vivado/2019.2\lib\classes\com.sigasi.hdt.epl_4.5.0.201909241521.jar;D:/Vivado/Vivado/2019.2\lib\classes\com.sigasi.hdt.project_4.5.0.201909241521.jar;D:/Vivado/Vivado/2019.2\lib\classes\com.sigasi.hdt.readonlyfilesystem_4.5.0.201909241521.jar;D:/Vivado/Vivado/2019.2\lib\classes\com.sigasi.lcm_4.5.0.201909241521.jar;D:/Vivado/Vivado/2019.2\lib\classes\com.sigasi.sdk.client_4.5.0.201909241521.jar;D:/Vivado/Vivado
Launcher Type: generic

Logging:
Log output configuration:
#0: stdout all=warning uptime,level,tags
#1: stderr all=off uptime,level,tags

Environment Variables:
PATH=D:/Vivado/Vivado/2019.2\gnuwin\bin;D:/Vivado/Vivado/2019.2\gnu\microblaze\nt\bin;D:/Vivado/Vivado/2019.2/bin;D:/Vivado/Vivado/2019.2/lib/win64.o;D:/Vivado/Vivado/2019.2/tps/win64/jre9.0.4/bin/server;D:/Vivado/Vivado/2019.2/tps/win64/jre9.0.4/bin;D:/Vivado/Vivado/2019.2/ids_lite/ISE/bin/nt64;D:/Vivado/Vivado/2019.2/ids_lite/ISE/lib/nt64;C:\Program Files (x86)\NVIDIA Corporation\PhysX\Common;D:\Vmware\bin\;C:\Program Files (x86)\Common Files\Oracle\Java\javapath;C:\Windows\system32;C:\Windows;C:\Windows\System32\Wbem;C:\Windows\System32\WindowsPowerShell\v1.0\;C:\Windows\System32\OpenSSH\;C:\Program Files\Docker\Docker\resources\bin;C:\ProgramData\DockerDesktop\version-bin;C:\Program Files\Azure Data Studio\bin;C:\Program Files\Microsoft SQL Server\Client SDK\ODBC\170\Tools\Binn\;C:\Program Files (x86)\Microsoft SQL Server\150\Tools\Binn\;C:\Program Files\Microsoft SQL Server\150\Tools\Binn\;C:\Program Files\Microsoft SQL Server\150\DTS\Binn\;C:\Program Files (x86)\Microsoft SQL Server\150\DTS\Binn\;C:\Users\80601\AppData\Local\Microsoft\WindowsApps;D:\Microsoft VS Code\bin;C:\Program Files\x86_64-8.1.0-release-win32-seh-rt_v6-rev0\mingw64\bin;;D:/Vivado/Vivado/2019.2\tps\mingw\6.2.0\win64.o\nt\bin;D:/Vivado/Vivado/2019.2\tps\mingw\6.2.0\win64.o\nt\libexec\gcc\x86_64-w64-mingw32\6.2.0;D:/Vivado/Vivado/2019.2\tps\win64\python-2.7.5;D:/Vivado/Vivado/2019.2\tps\win64\python-2.7.5\bin;D:/Vivado/Vivado/2019.2\tps\win64\python-2.7.5\lib;D:/Vivado/Vivado/2019.2\tps\win64\python-2.7.5\Lib\lib-tk;D:/Vivado/Vivado/2019.2\tps\win64\python-2.7.5\lib\site-packages
USERNAME=80601
OS=Windows_NT
PROCESSOR_IDENTIFIER=Intel64 Family 6 Model 165 Stepping 2, GenuineIntel



---------------  S Y S T E M  ---------------

OS: Windows 10 , 64 bit Build 19041 (10.0.19041.1645)

CPU:total 16 (initial active 16) (8 cores per cpu, 2 threads per core) family 6 model 165 stepping 2, cmov, cx8, fxsr, mmx, sse, sse2, sse3, ssse3, sse4.1, sse4.2, popcnt, avx, avx2, aes, clmul, erms, 3dnowpref, lzcnt, ht, tsc, tscinvbit, bmi1, bmi2, adx, fma

Memory: 4k page, physical 16681776k(4277344k free), swap 30837552k(8569664k free)

vm_info: Java HotSpot(TM) 64-Bit Server VM (9.0.4+11) for windows-amd64 JRE (9.0.4+11), built on Dec 20 2017 02:18:54 by "mach5one" with MS VC++ 12.0 (VS2013)

END.
